2022-02-16T17:00:36+00:00 CRITICAL Uncaught Error: Call to undefined function understrap_body_attributes() in /srv/www/kyanidev.health/public_html/wp-content/themes/Total/header.php:26
Stack trace:
#0 /srv/www/kyanidev.health/public_html/wp-includes/template.php(770): require_once()
#1 /srv/www/kyanidev.health/public_html/wp-includes/template.php(716): load_template()
#2 /srv/www/kyanidev.health/public_html/wp-includes/general-template.php(48): locate_template()
#3 /srv/www/kyanidev.health/public_html/wp-content/themes/Total/page.php(13): get_header()
#4 /srv/www/kyanidev.health/public_html/wp-includes/template-loader.php(106): include('/srv/www/kyanid...')
#5 /srv/www/kyanidev.health/public_html/wp-blog-header.php(19): require_once('/srv/www/kyanid...')
#6 /srv/www/kyanidev.health/public_html/index.php(17): require('/srv/www/kyanid...')
#7 {main}
  thrown in /srv/www/kyanidev.health/public_html/wp-content/themes/Total/header.php on line 26

2022-02-16T20:12:05+00:00 CRITICAL Uncaught Error: Call to a member function get_all_products_link() on null in /srv/www/kyanidev.health/public_html/wp-content/themes/understrap/footer.php:9
Stack trace:
#0 /srv/www/kyanidev.health/public_html/wp-includes/template.php(770): require_once()
#1 /srv/www/kyanidev.health/public_html/wp-includes/template.php(716): load_template()
#2 /srv/www/kyanidev.health/public_html/wp-includes/general-template.php(92): locate_template()
#3 /srv/www/kyanidev.health/public_html/wp-content/themes/understrap/page.php(59): get_footer()
#4 /srv/www/kyanidev.health/public_html/wp-includes/template-loader.php(106): include('/srv/www/kyanid...')
#5 /srv/www/kyanidev.health/public_html/wp-blog-header.php(19): require_once('/srv/www/kyanid...')
#6 /srv/www/kyanidev.health/public_html/index.php(17): require('/srv/www/kyanid...')
#7 {main}
  thrown in /srv/www/kyanidev.health/public_html/wp-content/themes/understrap/footer.php on line 9

