2022-03-11T17:11:19+00:00 CRITICAL Uncaught Error: Call to a member function get_all_products_link() on null in /srv/www/kyanidev.health/public_html/wp-content/themes/understrap/footer.php:78
Stack trace:
#0 /srv/www/kyanidev.health/public_html/wp-includes/template.php(770): require_once()
#1 /srv/www/kyanidev.health/public_html/wp-includes/template.php(716): load_template()
#2 /srv/www/kyanidev.health/public_html/wp-includes/general-template.php(92): locate_template()
#3 /srv/www/kyanidev.health/public_html/wp-content/themes/understrap/page.php(59): get_footer()
#4 /srv/www/kyanidev.health/public_html/wp-includes/template-loader.php(106): include('/srv/www/kyanid...')
#5 /srv/www/kyanidev.health/public_html/wp-blog-header.php(19): require_once('/srv/www/kyanid...')
#6 /srv/www/kyanidev.health/public_html/index.php(17): require('/srv/www/kyanid...')
#7 {main}
  thrown in /srv/www/kyanidev.health/public_html/wp-content/themes/understrap/footer.php on line 78

2022-03-11T17:11:21+00:00 CRITICAL Uncaught Error: Call to a member function get_all_products_link() on null in /srv/www/kyanidev.health/public_html/wp-content/themes/understrap/footer.php:78
Stack trace:
#0 /srv/www/kyanidev.health/public_html/wp-includes/template.php(770): require_once()
#1 /srv/www/kyanidev.health/public_html/wp-includes/template.php(716): load_template()
#2 /srv/www/kyanidev.health/public_html/wp-includes/general-template.php(92): locate_template()
#3 /srv/www/kyanidev.health/public_html/wp-content/themes/understrap/page.php(59): get_footer()
#4 /srv/www/kyanidev.health/public_html/wp-includes/template-loader.php(106): include('/srv/www/kyanid...')
#5 /srv/www/kyanidev.health/public_html/wp-blog-header.php(19): require_once('/srv/www/kyanid...')
#6 /srv/www/kyanidev.health/public_html/index.php(17): require('/srv/www/kyanid...')
#7 {main}
  thrown in /srv/www/kyanidev.health/public_html/wp-content/themes/understrap/footer.php on line 78

2022-03-11T17:11:31+00:00 CRITICAL Uncaught Error: Call to a member function get_all_products_link() on null in /srv/www/kyanidev.health/public_html/wp-content/themes/understrap/footer.php:78
Stack trace:
#0 /srv/www/kyanidev.health/public_html/wp-includes/template.php(770): require_once()
#1 /srv/www/kyanidev.health/public_html/wp-includes/template.php(716): load_template()
#2 /srv/www/kyanidev.health/public_html/wp-includes/general-template.php(92): locate_template()
#3 /srv/www/kyanidev.health/public_html/wp-content/themes/understrap/page.php(59): get_footer()
#4 /srv/www/kyanidev.health/public_html/wp-includes/template-loader.php(106): include('/srv/www/kyanid...')
#5 /srv/www/kyanidev.health/public_html/wp-blog-header.php(19): require_once('/srv/www/kyanid...')
#6 /srv/www/kyanidev.health/public_html/index.php(17): require('/srv/www/kyanid...')
#7 {main}
  thrown in /srv/www/kyanidev.health/public_html/wp-content/themes/understrap/footer.php on line 78

2022-03-11T17:11:34+00:00 CRITICAL Uncaught Error: Call to a member function get_all_products_link() on null in /srv/www/kyanidev.health/public_html/wp-content/themes/understrap/footer.php:78
Stack trace:
#0 /srv/www/kyanidev.health/public_html/wp-includes/template.php(770): require_once()
#1 /srv/www/kyanidev.health/public_html/wp-includes/template.php(716): load_template()
#2 /srv/www/kyanidev.health/public_html/wp-includes/general-template.php(92): locate_template()
#3 /srv/www/kyanidev.health/public_html/wp-content/themes/understrap/page.php(59): get_footer()
#4 /srv/www/kyanidev.health/public_html/wp-includes/template-loader.php(106): include('/srv/www/kyanid...')
#5 /srv/www/kyanidev.health/public_html/wp-blog-header.php(19): require_once('/srv/www/kyanid...')
#6 /srv/www/kyanidev.health/public_html/index.php(17): require('/srv/www/kyanid...')
#7 {main}
  thrown in /srv/www/kyanidev.health/public_html/wp-content/themes/understrap/footer.php on line 78

2022-03-11T17:12:50+00:00 CRITICAL Uncaught Error: Call to a member function get_all_products_link() on null in /srv/www/kyanidev.health/public_html/wp-content/themes/understrap/footer.php:78
Stack trace:
#0 /srv/www/kyanidev.health/public_html/wp-includes/template.php(770): require_once()
#1 /srv/www/kyanidev.health/public_html/wp-includes/template.php(716): load_template()
#2 /srv/www/kyanidev.health/public_html/wp-includes/general-template.php(92): locate_template()
#3 /srv/www/kyanidev.health/public_html/wp-content/themes/understrap/page.php(59): get_footer()
#4 /srv/www/kyanidev.health/public_html/wp-includes/template-loader.php(106): include('/srv/www/kyanid...')
#5 /srv/www/kyanidev.health/public_html/wp-blog-header.php(19): require_once('/srv/www/kyanid...')
#6 /srv/www/kyanidev.health/public_html/index.php(17): require('/srv/www/kyanid...')
#7 {main}
  thrown in /srv/www/kyanidev.health/public_html/wp-content/themes/understrap/footer.php on line 78

2022-03-11T17:13:08+00:00 CRITICAL Uncaught Error: Call to a member function get_all_products_link() on null in /srv/www/kyanidev.health/public_html/wp-content/themes/understrap/footer.php:78
Stack trace:
#0 /srv/www/kyanidev.health/public_html/wp-includes/template.php(770): require_once()
#1 /srv/www/kyanidev.health/public_html/wp-includes/template.php(716): load_template()
#2 /srv/www/kyanidev.health/public_html/wp-includes/general-template.php(92): locate_template()
#3 /srv/www/kyanidev.health/public_html/wp-content/themes/understrap/page.php(59): get_footer()
#4 /srv/www/kyanidev.health/public_html/wp-includes/template-loader.php(106): include('/srv/www/kyanid...')
#5 /srv/www/kyanidev.health/public_html/wp-blog-header.php(19): require_once('/srv/www/kyanid...')
#6 /srv/www/kyanidev.health/public_html/index.php(17): require('/srv/www/kyanid...')
#7 {main}
  thrown in /srv/www/kyanidev.health/public_html/wp-content/themes/understrap/footer.php on line 78

2022-03-11T17:13:18+00:00 CRITICAL Uncaught Error: Call to a member function get_all_products_link() on null in /srv/www/kyanidev.health/public_html/wp-content/themes/understrap/footer.php:78
Stack trace:
#0 /srv/www/kyanidev.health/public_html/wp-includes/template.php(770): require_once()
#1 /srv/www/kyanidev.health/public_html/wp-includes/template.php(716): load_template()
#2 /srv/www/kyanidev.health/public_html/wp-includes/general-template.php(92): locate_template()
#3 /srv/www/kyanidev.health/public_html/wp-content/themes/understrap/page.php(59): get_footer()
#4 /srv/www/kyanidev.health/public_html/wp-includes/template-loader.php(106): include('/srv/www/kyanid...')
#5 /srv/www/kyanidev.health/public_html/wp-blog-header.php(19): require_once('/srv/www/kyanid...')
#6 /srv/www/kyanidev.health/public_html/index.php(17): require('/srv/www/kyanid...')
#7 {main}
  thrown in /srv/www/kyanidev.health/public_html/wp-content/themes/understrap/footer.php on line 78

2022-03-11T17:13:24+00:00 CRITICAL Uncaught Error: Call to a member function get_all_products_link() on null in /srv/www/kyanidev.health/public_html/wp-content/themes/understrap/footer.php:78
Stack trace:
#0 /srv/www/kyanidev.health/public_html/wp-includes/template.php(770): require_once()
#1 /srv/www/kyanidev.health/public_html/wp-includes/template.php(716): load_template()
#2 /srv/www/kyanidev.health/public_html/wp-includes/general-template.php(92): locate_template()
#3 /srv/www/kyanidev.health/public_html/wp-content/themes/understrap/page.php(59): get_footer()
#4 /srv/www/kyanidev.health/public_html/wp-includes/template-loader.php(106): include('/srv/www/kyanid...')
#5 /srv/www/kyanidev.health/public_html/wp-blog-header.php(19): require_once('/srv/www/kyanid...')
#6 /srv/www/kyanidev.health/public_html/index.php(17): require('/srv/www/kyanid...')
#7 {main}
  thrown in /srv/www/kyanidev.health/public_html/wp-content/themes/understrap/footer.php on line 78

2022-03-11T17:13:27+00:00 CRITICAL Uncaught Error: Call to a member function get_all_products_link() on null in /srv/www/kyanidev.health/public_html/wp-content/themes/understrap/footer.php:78
Stack trace:
#0 /srv/www/kyanidev.health/public_html/wp-includes/template.php(770): require_once()
#1 /srv/www/kyanidev.health/public_html/wp-includes/template.php(716): load_template()
#2 /srv/www/kyanidev.health/public_html/wp-includes/general-template.php(92): locate_template()
#3 /srv/www/kyanidev.health/public_html/wp-content/themes/understrap/page.php(59): get_footer()
#4 /srv/www/kyanidev.health/public_html/wp-includes/template-loader.php(106): include('/srv/www/kyanid...')
#5 /srv/www/kyanidev.health/public_html/wp-blog-header.php(19): require_once('/srv/www/kyanid...')
#6 /srv/www/kyanidev.health/public_html/index.php(17): require('/srv/www/kyanid...')
#7 {main}
  thrown in /srv/www/kyanidev.health/public_html/wp-content/themes/understrap/footer.php on line 78

2022-03-11T17:13:32+00:00 CRITICAL Uncaught Error: Call to a member function get_all_products_link() on null in /srv/www/kyanidev.health/public_html/wp-content/themes/understrap/footer.php:78
Stack trace:
#0 /srv/www/kyanidev.health/public_html/wp-includes/template.php(770): require_once()
#1 /srv/www/kyanidev.health/public_html/wp-includes/template.php(716): load_template()
#2 /srv/www/kyanidev.health/public_html/wp-includes/general-template.php(92): locate_template()
#3 /srv/www/kyanidev.health/public_html/wp-content/themes/understrap/page.php(59): get_footer()
#4 /srv/www/kyanidev.health/public_html/wp-includes/template-loader.php(106): include('/srv/www/kyanid...')
#5 /srv/www/kyanidev.health/public_html/wp-blog-header.php(19): require_once('/srv/www/kyanid...')
#6 /srv/www/kyanidev.health/public_html/index.php(17): require('/srv/www/kyanid...')
#7 {main}
  thrown in /srv/www/kyanidev.health/public_html/wp-content/themes/understrap/footer.php on line 78

2022-03-11T17:13:38+00:00 CRITICAL Uncaught Error: Call to a member function get_all_products_link() on null in /srv/www/kyanidev.health/public_html/wp-content/themes/understrap/footer.php:78
Stack trace:
#0 /srv/www/kyanidev.health/public_html/wp-includes/template.php(770): require_once()
#1 /srv/www/kyanidev.health/public_html/wp-includes/template.php(716): load_template()
#2 /srv/www/kyanidev.health/public_html/wp-includes/general-template.php(92): locate_template()
#3 /srv/www/kyanidev.health/public_html/wp-content/themes/understrap/page.php(59): get_footer()
#4 /srv/www/kyanidev.health/public_html/wp-includes/template-loader.php(106): include('/srv/www/kyanid...')
#5 /srv/www/kyanidev.health/public_html/wp-blog-header.php(19): require_once('/srv/www/kyanid...')
#6 /srv/www/kyanidev.health/public_html/index.php(17): require('/srv/www/kyanid...')
#7 {main}
  thrown in /srv/www/kyanidev.health/public_html/wp-content/themes/understrap/footer.php on line 78

2022-03-11T17:24:20+00:00 CRITICAL Uncaught Error: Call to a member function get_all_products_link() on null in /srv/www/kyanidev.health/public_html/wp-content/themes/understrap/footer.php:78
Stack trace:
#0 /srv/www/kyanidev.health/public_html/wp-includes/template.php(770): require_once()
#1 /srv/www/kyanidev.health/public_html/wp-includes/template.php(716): load_template()
#2 /srv/www/kyanidev.health/public_html/wp-includes/general-template.php(92): locate_template()
#3 /srv/www/kyanidev.health/public_html/wp-content/themes/understrap/page.php(59): get_footer()
#4 /srv/www/kyanidev.health/public_html/wp-includes/template-loader.php(106): include('/srv/www/kyanid...')
#5 /srv/www/kyanidev.health/public_html/wp-blog-header.php(19): require_once('/srv/www/kyanid...')
#6 /srv/www/kyanidev.health/public_html/index.php(17): require('/srv/www/kyanid...')
#7 {main}
  thrown in /srv/www/kyanidev.health/public_html/wp-content/themes/understrap/footer.php on line 78

