2022-03-03T18:59:09+00:00 CRITICAL Uncaught Error: Call to a member function get_all_products_link() on null in /srv/www/kyanidev.health/public_html/wp-content/themes/understrap/footer.php:78
Stack trace:
#0 /srv/www/kyanidev.health/public_html/wp-includes/template.php(770): require_once()
#1 /srv/www/kyanidev.health/public_html/wp-includes/template.php(716): load_template()
#2 /srv/www/kyanidev.health/public_html/wp-includes/general-template.php(92): locate_template()
#3 /srv/www/kyanidev.health/public_html/wp-content/themes/understrap/page.php(59): get_footer()
#4 /srv/www/kyanidev.health/public_html/wp-includes/template-loader.php(106): include('/srv/www/kyanid...')
#5 /srv/www/kyanidev.health/public_html/wp-blog-header.php(19): require_once('/srv/www/kyanid...')
#6 /srv/www/kyanidev.health/public_html/index.php(17): require('/srv/www/kyanid...')
#7 {main}
  thrown in /srv/www/kyanidev.health/public_html/wp-content/themes/understrap/footer.php on line 78

2022-03-03T19:02:05+00:00 CRITICAL Uncaught Error: Call to a member function rep_found() on null in /srv/www/kyanidev.health/public_html/wp-content/themes/understrap/footer.php:72
Stack trace:
#0 /srv/www/kyanidev.health/public_html/wp-includes/template.php(770): require_once()
#1 /srv/www/kyanidev.health/public_html/wp-includes/template.php(716): load_template()
#2 /srv/www/kyanidev.health/public_html/wp-includes/general-template.php(92): locate_template()
#3 /srv/www/kyanidev.health/public_html/wp-content/themes/understrap/page.php(59): get_footer()
#4 /srv/www/kyanidev.health/public_html/wp-includes/template-loader.php(106): include('/srv/www/kyanid...')
#5 /srv/www/kyanidev.health/public_html/wp-blog-header.php(19): require_once('/srv/www/kyanid...')
#6 /srv/www/kyanidev.health/public_html/index.php(17): require('/srv/www/kyanid...')
#7 {main}
  thrown in /srv/www/kyanidev.health/public_html/wp-content/themes/understrap/footer.php on line 72

2022-03-03T19:03:03+00:00 CRITICAL Uncaught Error: Call to a member function get_all_products_link() on null in /srv/www/kyanidev.health/public_html/wp-content/themes/understrap/footer.php:78
Stack trace:
#0 /srv/www/kyanidev.health/public_html/wp-includes/template.php(770): require_once()
#1 /srv/www/kyanidev.health/public_html/wp-includes/template.php(716): load_template()
#2 /srv/www/kyanidev.health/public_html/wp-includes/general-template.php(92): locate_template()
#3 /srv/www/kyanidev.health/public_html/wp-content/themes/understrap/page.php(59): get_footer()
#4 /srv/www/kyanidev.health/public_html/wp-includes/template-loader.php(106): include('/srv/www/kyanid...')
#5 /srv/www/kyanidev.health/public_html/wp-blog-header.php(19): require_once('/srv/www/kyanid...')
#6 /srv/www/kyanidev.health/public_html/index.php(17): require('/srv/www/kyanid...')
#7 {main}
  thrown in /srv/www/kyanidev.health/public_html/wp-content/themes/understrap/footer.php on line 78

2022-03-03T19:04:57+00:00 CRITICAL Uncaught Error: Call to a member function rep_found() on null in /srv/www/kyanidev.health/public_html/wp-content/themes/understrap/footer.php:72
Stack trace:
#0 /srv/www/kyanidev.health/public_html/wp-includes/template.php(770): require_once()
#1 /srv/www/kyanidev.health/public_html/wp-includes/template.php(716): load_template()
#2 /srv/www/kyanidev.health/public_html/wp-includes/general-template.php(92): locate_template()
#3 /srv/www/kyanidev.health/public_html/wp-content/themes/understrap/page.php(59): get_footer()
#4 /srv/www/kyanidev.health/public_html/wp-includes/template-loader.php(106): include('/srv/www/kyanid...')
#5 /srv/www/kyanidev.health/public_html/wp-blog-header.php(19): require_once('/srv/www/kyanid...')
#6 /srv/www/kyanidev.health/public_html/index.php(17): require('/srv/www/kyanid...')
#7 {main}
  thrown in /srv/www/kyanidev.health/public_html/wp-content/themes/understrap/footer.php on line 72

2022-03-03T19:32:03+00:00 CRITICAL Uncaught Error: Call to a member function get_all_products_link() on null in /srv/www/kyanidev.health/public_html/wp-content/themes/understrap/footer.php:78
Stack trace:
#0 /srv/www/kyanidev.health/public_html/wp-includes/template.php(770): require_once()
#1 /srv/www/kyanidev.health/public_html/wp-includes/template.php(716): load_template()
#2 /srv/www/kyanidev.health/public_html/wp-includes/general-template.php(92): locate_template()
#3 /srv/www/kyanidev.health/public_html/wp-content/themes/understrap/page.php(59): get_footer()
#4 /srv/www/kyanidev.health/public_html/wp-includes/template-loader.php(106): include('/srv/www/kyanid...')
#5 /srv/www/kyanidev.health/public_html/wp-blog-header.php(19): require_once('/srv/www/kyanid...')
#6 /srv/www/kyanidev.health/public_html/index.php(17): require('/srv/www/kyanid...')
#7 {main}
  thrown in /srv/www/kyanidev.health/public_html/wp-content/themes/understrap/footer.php on line 78

2022-03-03T19:32:09+00:00 CRITICAL Uncaught Error: Call to a member function get_all_products_link() on null in /srv/www/kyanidev.health/public_html/wp-content/themes/understrap/footer.php:78
Stack trace:
#0 /srv/www/kyanidev.health/public_html/wp-includes/template.php(770): require_once()
#1 /srv/www/kyanidev.health/public_html/wp-includes/template.php(716): load_template()
#2 /srv/www/kyanidev.health/public_html/wp-includes/general-template.php(92): locate_template()
#3 /srv/www/kyanidev.health/public_html/wp-content/themes/understrap/page.php(59): get_footer()
#4 /srv/www/kyanidev.health/public_html/wp-includes/template-loader.php(106): include('/srv/www/kyanid...')
#5 /srv/www/kyanidev.health/public_html/wp-blog-header.php(19): require_once('/srv/www/kyanid...')
#6 /srv/www/kyanidev.health/public_html/index.php(17): require('/srv/www/kyanid...')
#7 {main}
  thrown in /srv/www/kyanidev.health/public_html/wp-content/themes/understrap/footer.php on line 78

2022-03-03T19:32:14+00:00 CRITICAL Uncaught Error: Call to a member function get_all_products_link() on null in /srv/www/kyanidev.health/public_html/wp-content/themes/understrap/footer.php:78
Stack trace:
#0 /srv/www/kyanidev.health/public_html/wp-includes/template.php(770): require_once()
#1 /srv/www/kyanidev.health/public_html/wp-includes/template.php(716): load_template()
#2 /srv/www/kyanidev.health/public_html/wp-includes/general-template.php(92): locate_template()
#3 /srv/www/kyanidev.health/public_html/wp-content/themes/understrap/page.php(59): get_footer()
#4 /srv/www/kyanidev.health/public_html/wp-includes/template-loader.php(106): include('/srv/www/kyanid...')
#5 /srv/www/kyanidev.health/public_html/wp-blog-header.php(19): require_once('/srv/www/kyanid...')
#6 /srv/www/kyanidev.health/public_html/index.php(17): require('/srv/www/kyanid...')
#7 {main}
  thrown in /srv/www/kyanidev.health/public_html/wp-content/themes/understrap/footer.php on line 78

2022-03-03T19:32:22+00:00 CRITICAL Uncaught Error: Call to a member function get_all_products_link() on null in /srv/www/kyanidev.health/public_html/wp-content/themes/understrap/footer.php:78
Stack trace:
#0 /srv/www/kyanidev.health/public_html/wp-includes/template.php(770): require_once()
#1 /srv/www/kyanidev.health/public_html/wp-includes/template.php(716): load_template()
#2 /srv/www/kyanidev.health/public_html/wp-includes/general-template.php(92): locate_template()
#3 /srv/www/kyanidev.health/public_html/wp-content/themes/understrap/page.php(59): get_footer()
#4 /srv/www/kyanidev.health/public_html/wp-includes/template-loader.php(106): include('/srv/www/kyanid...')
#5 /srv/www/kyanidev.health/public_html/wp-blog-header.php(19): require_once('/srv/www/kyanid...')
#6 /srv/www/kyanidev.health/public_html/index.php(17): require('/srv/www/kyanid...')
#7 {main}
  thrown in /srv/www/kyanidev.health/public_html/wp-content/themes/understrap/footer.php on line 78

2022-03-03T19:32:23+00:00 CRITICAL Uncaught Error: Call to a member function get_all_products_link() on null in /srv/www/kyanidev.health/public_html/wp-content/themes/understrap/footer.php:78
Stack trace:
#0 /srv/www/kyanidev.health/public_html/wp-includes/template.php(770): require_once()
#1 /srv/www/kyanidev.health/public_html/wp-includes/template.php(716): load_template()
#2 /srv/www/kyanidev.health/public_html/wp-includes/general-template.php(92): locate_template()
#3 /srv/www/kyanidev.health/public_html/wp-content/themes/understrap/page.php(59): get_footer()
#4 /srv/www/kyanidev.health/public_html/wp-includes/template-loader.php(106): include('/srv/www/kyanid...')
#5 /srv/www/kyanidev.health/public_html/wp-blog-header.php(19): require_once('/srv/www/kyanid...')
#6 /srv/www/kyanidev.health/public_html/index.php(17): require('/srv/www/kyanid...')
#7 {main}
  thrown in /srv/www/kyanidev.health/public_html/wp-content/themes/understrap/footer.php on line 78

2022-03-03T19:32:23+00:00 CRITICAL Uncaught Error: Call to a member function get_all_products_link() on null in /srv/www/kyanidev.health/public_html/wp-content/themes/understrap/footer.php:78
Stack trace:
#0 /srv/www/kyanidev.health/public_html/wp-includes/template.php(770): require_once()
#1 /srv/www/kyanidev.health/public_html/wp-includes/template.php(716): load_template()
#2 /srv/www/kyanidev.health/public_html/wp-includes/general-template.php(92): locate_template()
#3 /srv/www/kyanidev.health/public_html/wp-content/themes/understrap/page.php(59): get_footer()
#4 /srv/www/kyanidev.health/public_html/wp-includes/template-loader.php(106): include('/srv/www/kyanid...')
#5 /srv/www/kyanidev.health/public_html/wp-blog-header.php(19): require_once('/srv/www/kyanid...')
#6 /srv/www/kyanidev.health/public_html/index.php(17): require('/srv/www/kyanid...')
#7 {main}
  thrown in /srv/www/kyanidev.health/public_html/wp-content/themes/understrap/footer.php on line 78

2022-03-03T19:32:23+00:00 CRITICAL Uncaught Error: Call to a member function get_all_products_link() on null in /srv/www/kyanidev.health/public_html/wp-content/themes/understrap/footer.php:78
Stack trace:
#0 /srv/www/kyanidev.health/public_html/wp-includes/template.php(770): require_once()
#1 /srv/www/kyanidev.health/public_html/wp-includes/template.php(716): load_template()
#2 /srv/www/kyanidev.health/public_html/wp-includes/general-template.php(92): locate_template()
#3 /srv/www/kyanidev.health/public_html/wp-content/themes/understrap/page.php(59): get_footer()
#4 /srv/www/kyanidev.health/public_html/wp-includes/template-loader.php(106): include('/srv/www/kyanid...')
#5 /srv/www/kyanidev.health/public_html/wp-blog-header.php(19): require_once('/srv/www/kyanid...')
#6 /srv/www/kyanidev.health/public_html/index.php(17): require('/srv/www/kyanid...')
#7 {main}
  thrown in /srv/www/kyanidev.health/public_html/wp-content/themes/understrap/footer.php on line 78

2022-03-03T19:32:23+00:00 CRITICAL Uncaught Error: Call to a member function get_all_products_link() on null in /srv/www/kyanidev.health/public_html/wp-content/themes/understrap/footer.php:78
Stack trace:
#0 /srv/www/kyanidev.health/public_html/wp-includes/template.php(770): require_once()
#1 /srv/www/kyanidev.health/public_html/wp-includes/template.php(716): load_template()
#2 /srv/www/kyanidev.health/public_html/wp-includes/general-template.php(92): locate_template()
#3 /srv/www/kyanidev.health/public_html/wp-content/themes/understrap/page.php(59): get_footer()
#4 /srv/www/kyanidev.health/public_html/wp-includes/template-loader.php(106): include('/srv/www/kyanid...')
#5 /srv/www/kyanidev.health/public_html/wp-blog-header.php(19): require_once('/srv/www/kyanid...')
#6 /srv/www/kyanidev.health/public_html/index.php(17): require('/srv/www/kyanid...')
#7 {main}
  thrown in /srv/www/kyanidev.health/public_html/wp-content/themes/understrap/footer.php on line 78

2022-03-03T19:32:24+00:00 CRITICAL Uncaught Error: Call to a member function get_all_products_link() on null in /srv/www/kyanidev.health/public_html/wp-content/themes/understrap/footer.php:78
Stack trace:
#0 /srv/www/kyanidev.health/public_html/wp-includes/template.php(770): require_once()
#1 /srv/www/kyanidev.health/public_html/wp-includes/template.php(716): load_template()
#2 /srv/www/kyanidev.health/public_html/wp-includes/general-template.php(92): locate_template()
#3 /srv/www/kyanidev.health/public_html/wp-content/themes/understrap/page.php(59): get_footer()
#4 /srv/www/kyanidev.health/public_html/wp-includes/template-loader.php(106): include('/srv/www/kyanid...')
#5 /srv/www/kyanidev.health/public_html/wp-blog-header.php(19): require_once('/srv/www/kyanid...')
#6 /srv/www/kyanidev.health/public_html/index.php(17): require('/srv/www/kyanid...')
#7 {main}
  thrown in /srv/www/kyanidev.health/public_html/wp-content/themes/understrap/footer.php on line 78

2022-03-03T19:32:24+00:00 CRITICAL Uncaught Error: Call to a member function get_all_products_link() on null in /srv/www/kyanidev.health/public_html/wp-content/themes/understrap/footer.php:78
Stack trace:
#0 /srv/www/kyanidev.health/public_html/wp-includes/template.php(770): require_once()
#1 /srv/www/kyanidev.health/public_html/wp-includes/template.php(716): load_template()
#2 /srv/www/kyanidev.health/public_html/wp-includes/general-template.php(92): locate_template()
#3 /srv/www/kyanidev.health/public_html/wp-content/themes/understrap/page.php(59): get_footer()
#4 /srv/www/kyanidev.health/public_html/wp-includes/template-loader.php(106): include('/srv/www/kyanid...')
#5 /srv/www/kyanidev.health/public_html/wp-blog-header.php(19): require_once('/srv/www/kyanid...')
#6 /srv/www/kyanidev.health/public_html/index.php(17): require('/srv/www/kyanid...')
#7 {main}
  thrown in /srv/www/kyanidev.health/public_html/wp-content/themes/understrap/footer.php on line 78

2022-03-03T19:32:24+00:00 CRITICAL Uncaught Error: Call to a member function get_all_products_link() on null in /srv/www/kyanidev.health/public_html/wp-content/themes/understrap/footer.php:78
Stack trace:
#0 /srv/www/kyanidev.health/public_html/wp-includes/template.php(770): require_once()
#1 /srv/www/kyanidev.health/public_html/wp-includes/template.php(716): load_template()
#2 /srv/www/kyanidev.health/public_html/wp-includes/general-template.php(92): locate_template()
#3 /srv/www/kyanidev.health/public_html/wp-content/themes/understrap/page.php(59): get_footer()
#4 /srv/www/kyanidev.health/public_html/wp-includes/template-loader.php(106): include('/srv/www/kyanid...')
#5 /srv/www/kyanidev.health/public_html/wp-blog-header.php(19): require_once('/srv/www/kyanid...')
#6 /srv/www/kyanidev.health/public_html/index.php(17): require('/srv/www/kyanid...')
#7 {main}
  thrown in /srv/www/kyanidev.health/public_html/wp-content/themes/understrap/footer.php on line 78

2022-03-03T19:32:24+00:00 CRITICAL Uncaught Error: Call to a member function get_all_products_link() on null in /srv/www/kyanidev.health/public_html/wp-content/themes/understrap/footer.php:78
Stack trace:
#0 /srv/www/kyanidev.health/public_html/wp-includes/template.php(770): require_once()
#1 /srv/www/kyanidev.health/public_html/wp-includes/template.php(716): load_template()
#2 /srv/www/kyanidev.health/public_html/wp-includes/general-template.php(92): locate_template()
#3 /srv/www/kyanidev.health/public_html/wp-content/themes/understrap/page.php(59): get_footer()
#4 /srv/www/kyanidev.health/public_html/wp-includes/template-loader.php(106): include('/srv/www/kyanid...')
#5 /srv/www/kyanidev.health/public_html/wp-blog-header.php(19): require_once('/srv/www/kyanid...')
#6 /srv/www/kyanidev.health/public_html/index.php(17): require('/srv/www/kyanid...')
#7 {main}
  thrown in /srv/www/kyanidev.health/public_html/wp-content/themes/understrap/footer.php on line 78

2022-03-03T19:32:24+00:00 CRITICAL Uncaught Error: Call to a member function get_all_products_link() on null in /srv/www/kyanidev.health/public_html/wp-content/themes/understrap/footer.php:78
Stack trace:
#0 /srv/www/kyanidev.health/public_html/wp-includes/template.php(770): require_once()
#1 /srv/www/kyanidev.health/public_html/wp-includes/template.php(716): load_template()
#2 /srv/www/kyanidev.health/public_html/wp-includes/general-template.php(92): locate_template()
#3 /srv/www/kyanidev.health/public_html/wp-content/themes/understrap/page.php(59): get_footer()
#4 /srv/www/kyanidev.health/public_html/wp-includes/template-loader.php(106): include('/srv/www/kyanid...')
#5 /srv/www/kyanidev.health/public_html/wp-blog-header.php(19): require_once('/srv/www/kyanid...')
#6 /srv/www/kyanidev.health/public_html/index.php(17): require('/srv/www/kyanid...')
#7 {main}
  thrown in /srv/www/kyanidev.health/public_html/wp-content/themes/understrap/footer.php on line 78

2022-03-03T19:32:50+00:00 CRITICAL Uncaught Error: Call to a member function get_all_products_link() on null in /srv/www/kyanidev.health/public_html/wp-content/themes/understrap/footer.php:78
Stack trace:
#0 /srv/www/kyanidev.health/public_html/wp-includes/template.php(770): require_once()
#1 /srv/www/kyanidev.health/public_html/wp-includes/template.php(716): load_template()
#2 /srv/www/kyanidev.health/public_html/wp-includes/general-template.php(92): locate_template()
#3 /srv/www/kyanidev.health/public_html/wp-content/themes/understrap/page.php(59): get_footer()
#4 /srv/www/kyanidev.health/public_html/wp-includes/template-loader.php(106): include('/srv/www/kyanid...')
#5 /srv/www/kyanidev.health/public_html/wp-blog-header.php(19): require_once('/srv/www/kyanid...')
#6 /srv/www/kyanidev.health/public_html/index.php(17): require('/srv/www/kyanid...')
#7 {main}
  thrown in /srv/www/kyanidev.health/public_html/wp-content/themes/understrap/footer.php on line 78

2022-03-03T19:32:53+00:00 CRITICAL Uncaught Error: Call to a member function get_all_products_link() on null in /srv/www/kyanidev.health/public_html/wp-content/themes/understrap/footer.php:78
Stack trace:
#0 /srv/www/kyanidev.health/public_html/wp-includes/template.php(770): require_once()
#1 /srv/www/kyanidev.health/public_html/wp-includes/template.php(716): load_template()
#2 /srv/www/kyanidev.health/public_html/wp-includes/general-template.php(92): locate_template()
#3 /srv/www/kyanidev.health/public_html/wp-content/themes/understrap/page.php(59): get_footer()
#4 /srv/www/kyanidev.health/public_html/wp-includes/template-loader.php(106): include('/srv/www/kyanid...')
#5 /srv/www/kyanidev.health/public_html/wp-blog-header.php(19): require_once('/srv/www/kyanid...')
#6 /srv/www/kyanidev.health/public_html/index.php(17): require('/srv/www/kyanid...')
#7 {main}
  thrown in /srv/www/kyanidev.health/public_html/wp-content/themes/understrap/footer.php on line 78

2022-03-03T19:32:54+00:00 CRITICAL Uncaught Error: Call to a member function get_all_products_link() on null in /srv/www/kyanidev.health/public_html/wp-content/themes/understrap/footer.php:78
Stack trace:
#0 /srv/www/kyanidev.health/public_html/wp-includes/template.php(770): require_once()
#1 /srv/www/kyanidev.health/public_html/wp-includes/template.php(716): load_template()
#2 /srv/www/kyanidev.health/public_html/wp-includes/general-template.php(92): locate_template()
#3 /srv/www/kyanidev.health/public_html/wp-content/themes/understrap/page.php(59): get_footer()
#4 /srv/www/kyanidev.health/public_html/wp-includes/template-loader.php(106): include('/srv/www/kyanid...')
#5 /srv/www/kyanidev.health/public_html/wp-blog-header.php(19): require_once('/srv/www/kyanid...')
#6 /srv/www/kyanidev.health/public_html/index.php(17): require('/srv/www/kyanid...')
#7 {main}
  thrown in /srv/www/kyanidev.health/public_html/wp-content/themes/understrap/footer.php on line 78

2022-03-03T19:32:55+00:00 CRITICAL Uncaught Error: Call to a member function get_all_products_link() on null in /srv/www/kyanidev.health/public_html/wp-content/themes/understrap/footer.php:78
Stack trace:
#0 /srv/www/kyanidev.health/public_html/wp-includes/template.php(770): require_once()
#1 /srv/www/kyanidev.health/public_html/wp-includes/template.php(716): load_template()
#2 /srv/www/kyanidev.health/public_html/wp-includes/general-template.php(92): locate_template()
#3 /srv/www/kyanidev.health/public_html/wp-content/themes/understrap/page.php(59): get_footer()
#4 /srv/www/kyanidev.health/public_html/wp-includes/template-loader.php(106): include('/srv/www/kyanid...')
#5 /srv/www/kyanidev.health/public_html/wp-blog-header.php(19): require_once('/srv/www/kyanid...')
#6 /srv/www/kyanidev.health/public_html/index.php(17): require('/srv/www/kyanid...')
#7 {main}
  thrown in /srv/www/kyanidev.health/public_html/wp-content/themes/understrap/footer.php on line 78

2022-03-03T19:32:55+00:00 CRITICAL Uncaught Error: Call to a member function get_all_products_link() on null in /srv/www/kyanidev.health/public_html/wp-content/themes/understrap/footer.php:78
Stack trace:
#0 /srv/www/kyanidev.health/public_html/wp-includes/template.php(770): require_once()
#1 /srv/www/kyanidev.health/public_html/wp-includes/template.php(716): load_template()
#2 /srv/www/kyanidev.health/public_html/wp-includes/general-template.php(92): locate_template()
#3 /srv/www/kyanidev.health/public_html/wp-content/themes/understrap/page.php(59): get_footer()
#4 /srv/www/kyanidev.health/public_html/wp-includes/template-loader.php(106): include('/srv/www/kyanid...')
#5 /srv/www/kyanidev.health/public_html/wp-blog-header.php(19): require_once('/srv/www/kyanid...')
#6 /srv/www/kyanidev.health/public_html/index.php(17): require('/srv/www/kyanid...')
#7 {main}
  thrown in /srv/www/kyanidev.health/public_html/wp-content/themes/understrap/footer.php on line 78

2022-03-03T19:32:55+00:00 CRITICAL Uncaught Error: Call to a member function get_all_products_link() on null in /srv/www/kyanidev.health/public_html/wp-content/themes/understrap/footer.php:78
Stack trace:
#0 /srv/www/kyanidev.health/public_html/wp-includes/template.php(770): require_once()
#1 /srv/www/kyanidev.health/public_html/wp-includes/template.php(716): load_template()
#2 /srv/www/kyanidev.health/public_html/wp-includes/general-template.php(92): locate_template()
#3 /srv/www/kyanidev.health/public_html/wp-content/themes/understrap/page.php(59): get_footer()
#4 /srv/www/kyanidev.health/public_html/wp-includes/template-loader.php(106): include('/srv/www/kyanid...')
#5 /srv/www/kyanidev.health/public_html/wp-blog-header.php(19): require_once('/srv/www/kyanid...')
#6 /srv/www/kyanidev.health/public_html/index.php(17): require('/srv/www/kyanid...')
#7 {main}
  thrown in /srv/www/kyanidev.health/public_html/wp-content/themes/understrap/footer.php on line 78

2022-03-03T19:32:55+00:00 CRITICAL Uncaught Error: Call to a member function get_all_products_link() on null in /srv/www/kyanidev.health/public_html/wp-content/themes/understrap/footer.php:78
Stack trace:
#0 /srv/www/kyanidev.health/public_html/wp-includes/template.php(770): require_once()
#1 /srv/www/kyanidev.health/public_html/wp-includes/template.php(716): load_template()
#2 /srv/www/kyanidev.health/public_html/wp-includes/general-template.php(92): locate_template()
#3 /srv/www/kyanidev.health/public_html/wp-content/themes/understrap/page.php(59): get_footer()
#4 /srv/www/kyanidev.health/public_html/wp-includes/template-loader.php(106): include('/srv/www/kyanid...')
#5 /srv/www/kyanidev.health/public_html/wp-blog-header.php(19): require_once('/srv/www/kyanid...')
#6 /srv/www/kyanidev.health/public_html/index.php(17): require('/srv/www/kyanid...')
#7 {main}
  thrown in /srv/www/kyanidev.health/public_html/wp-content/themes/understrap/footer.php on line 78

2022-03-03T19:32:55+00:00 CRITICAL Uncaught Error: Call to a member function get_all_products_link() on null in /srv/www/kyanidev.health/public_html/wp-content/themes/understrap/footer.php:78
Stack trace:
#0 /srv/www/kyanidev.health/public_html/wp-includes/template.php(770): require_once()
#1 /srv/www/kyanidev.health/public_html/wp-includes/template.php(716): load_template()
#2 /srv/www/kyanidev.health/public_html/wp-includes/general-template.php(92): locate_template()
#3 /srv/www/kyanidev.health/public_html/wp-content/themes/understrap/page.php(59): get_footer()
#4 /srv/www/kyanidev.health/public_html/wp-includes/template-loader.php(106): include('/srv/www/kyanid...')
#5 /srv/www/kyanidev.health/public_html/wp-blog-header.php(19): require_once('/srv/www/kyanid...')
#6 /srv/www/kyanidev.health/public_html/index.php(17): require('/srv/www/kyanid...')
#7 {main}
  thrown in /srv/www/kyanidev.health/public_html/wp-content/themes/understrap/footer.php on line 78

2022-03-03T19:32:56+00:00 CRITICAL Uncaught Error: Call to a member function get_all_products_link() on null in /srv/www/kyanidev.health/public_html/wp-content/themes/understrap/footer.php:78
Stack trace:
#0 /srv/www/kyanidev.health/public_html/wp-includes/template.php(770): require_once()
#1 /srv/www/kyanidev.health/public_html/wp-includes/template.php(716): load_template()
#2 /srv/www/kyanidev.health/public_html/wp-includes/general-template.php(92): locate_template()
#3 /srv/www/kyanidev.health/public_html/wp-content/themes/understrap/page.php(59): get_footer()
#4 /srv/www/kyanidev.health/public_html/wp-includes/template-loader.php(106): include('/srv/www/kyanid...')
#5 /srv/www/kyanidev.health/public_html/wp-blog-header.php(19): require_once('/srv/www/kyanid...')
#6 /srv/www/kyanidev.health/public_html/index.php(17): require('/srv/www/kyanid...')
#7 {main}
  thrown in /srv/www/kyanidev.health/public_html/wp-content/themes/understrap/footer.php on line 78

2022-03-03T19:32:56+00:00 CRITICAL Uncaught Error: Call to a member function get_all_products_link() on null in /srv/www/kyanidev.health/public_html/wp-content/themes/understrap/footer.php:78
Stack trace:
#0 /srv/www/kyanidev.health/public_html/wp-includes/template.php(770): require_once()
#1 /srv/www/kyanidev.health/public_html/wp-includes/template.php(716): load_template()
#2 /srv/www/kyanidev.health/public_html/wp-includes/general-template.php(92): locate_template()
#3 /srv/www/kyanidev.health/public_html/wp-content/themes/understrap/page.php(59): get_footer()
#4 /srv/www/kyanidev.health/public_html/wp-includes/template-loader.php(106): include('/srv/www/kyanid...')
#5 /srv/www/kyanidev.health/public_html/wp-blog-header.php(19): require_once('/srv/www/kyanid...')
#6 /srv/www/kyanidev.health/public_html/index.php(17): require('/srv/www/kyanid...')
#7 {main}
  thrown in /srv/www/kyanidev.health/public_html/wp-content/themes/understrap/footer.php on line 78

2022-03-03T19:32:56+00:00 CRITICAL Uncaught Error: Call to a member function get_all_products_link() on null in /srv/www/kyanidev.health/public_html/wp-content/themes/understrap/footer.php:78
Stack trace:
#0 /srv/www/kyanidev.health/public_html/wp-includes/template.php(770): require_once()
#1 /srv/www/kyanidev.health/public_html/wp-includes/template.php(716): load_template()
#2 /srv/www/kyanidev.health/public_html/wp-includes/general-template.php(92): locate_template()
#3 /srv/www/kyanidev.health/public_html/wp-content/themes/understrap/page.php(59): get_footer()
#4 /srv/www/kyanidev.health/public_html/wp-includes/template-loader.php(106): include('/srv/www/kyanid...')
#5 /srv/www/kyanidev.health/public_html/wp-blog-header.php(19): require_once('/srv/www/kyanid...')
#6 /srv/www/kyanidev.health/public_html/index.php(17): require('/srv/www/kyanid...')
#7 {main}
  thrown in /srv/www/kyanidev.health/public_html/wp-content/themes/understrap/footer.php on line 78

2022-03-03T19:33:32+00:00 CRITICAL Uncaught Error: Call to a member function get_all_products_link() on null in /srv/www/kyanidev.health/public_html/wp-content/themes/understrap/footer.php:78
Stack trace:
#0 /srv/www/kyanidev.health/public_html/wp-includes/template.php(770): require_once()
#1 /srv/www/kyanidev.health/public_html/wp-includes/template.php(716): load_template()
#2 /srv/www/kyanidev.health/public_html/wp-includes/general-template.php(92): locate_template()
#3 /srv/www/kyanidev.health/public_html/wp-content/themes/understrap/page.php(59): get_footer()
#4 /srv/www/kyanidev.health/public_html/wp-includes/template-loader.php(106): include('/srv/www/kyanid...')
#5 /srv/www/kyanidev.health/public_html/wp-blog-header.php(19): require_once('/srv/www/kyanid...')
#6 /srv/www/kyanidev.health/public_html/index.php(17): require('/srv/www/kyanid...')
#7 {main}
  thrown in /srv/www/kyanidev.health/public_html/wp-content/themes/understrap/footer.php on line 78

2022-03-03T19:33:36+00:00 CRITICAL Uncaught Error: Call to a member function get_all_products_link() on null in /srv/www/kyanidev.health/public_html/wp-content/themes/understrap/footer.php:78
Stack trace:
#0 /srv/www/kyanidev.health/public_html/wp-includes/template.php(770): require_once()
#1 /srv/www/kyanidev.health/public_html/wp-includes/template.php(716): load_template()
#2 /srv/www/kyanidev.health/public_html/wp-includes/general-template.php(92): locate_template()
#3 /srv/www/kyanidev.health/public_html/wp-content/themes/understrap/page.php(59): get_footer()
#4 /srv/www/kyanidev.health/public_html/wp-includes/template-loader.php(106): include('/srv/www/kyanid...')
#5 /srv/www/kyanidev.health/public_html/wp-blog-header.php(19): require_once('/srv/www/kyanid...')
#6 /srv/www/kyanidev.health/public_html/index.php(17): require('/srv/www/kyanid...')
#7 {main}
  thrown in /srv/www/kyanidev.health/public_html/wp-content/themes/understrap/footer.php on line 78

2022-03-03T19:33:36+00:00 CRITICAL Uncaught Error: Call to a member function get_all_products_link() on null in /srv/www/kyanidev.health/public_html/wp-content/themes/understrap/footer.php:78
Stack trace:
#0 /srv/www/kyanidev.health/public_html/wp-includes/template.php(770): require_once()
#1 /srv/www/kyanidev.health/public_html/wp-includes/template.php(716): load_template()
#2 /srv/www/kyanidev.health/public_html/wp-includes/general-template.php(92): locate_template()
#3 /srv/www/kyanidev.health/public_html/wp-content/themes/understrap/page.php(59): get_footer()
#4 /srv/www/kyanidev.health/public_html/wp-includes/template-loader.php(106): include('/srv/www/kyanid...')
#5 /srv/www/kyanidev.health/public_html/wp-blog-header.php(19): require_once('/srv/www/kyanid...')
#6 /srv/www/kyanidev.health/public_html/index.php(17): require('/srv/www/kyanid...')
#7 {main}
  thrown in /srv/www/kyanidev.health/public_html/wp-content/themes/understrap/footer.php on line 78

2022-03-03T19:33:37+00:00 CRITICAL Uncaught Error: Call to a member function get_all_products_link() on null in /srv/www/kyanidev.health/public_html/wp-content/themes/understrap/footer.php:78
Stack trace:
#0 /srv/www/kyanidev.health/public_html/wp-includes/template.php(770): require_once()
#1 /srv/www/kyanidev.health/public_html/wp-includes/template.php(716): load_template()
#2 /srv/www/kyanidev.health/public_html/wp-includes/general-template.php(92): locate_template()
#3 /srv/www/kyanidev.health/public_html/wp-content/themes/understrap/page.php(59): get_footer()
#4 /srv/www/kyanidev.health/public_html/wp-includes/template-loader.php(106): include('/srv/www/kyanid...')
#5 /srv/www/kyanidev.health/public_html/wp-blog-header.php(19): require_once('/srv/www/kyanid...')
#6 /srv/www/kyanidev.health/public_html/index.php(17): require('/srv/www/kyanid...')
#7 {main}
  thrown in /srv/www/kyanidev.health/public_html/wp-content/themes/understrap/footer.php on line 78

2022-03-03T19:33:37+00:00 CRITICAL Uncaught Error: Call to a member function get_all_products_link() on null in /srv/www/kyanidev.health/public_html/wp-content/themes/understrap/footer.php:78
Stack trace:
#0 /srv/www/kyanidev.health/public_html/wp-includes/template.php(770): require_once()
#1 /srv/www/kyanidev.health/public_html/wp-includes/template.php(716): load_template()
#2 /srv/www/kyanidev.health/public_html/wp-includes/general-template.php(92): locate_template()
#3 /srv/www/kyanidev.health/public_html/wp-content/themes/understrap/page.php(59): get_footer()
#4 /srv/www/kyanidev.health/public_html/wp-includes/template-loader.php(106): include('/srv/www/kyanid...')
#5 /srv/www/kyanidev.health/public_html/wp-blog-header.php(19): require_once('/srv/www/kyanid...')
#6 /srv/www/kyanidev.health/public_html/index.php(17): require('/srv/www/kyanid...')
#7 {main}
  thrown in /srv/www/kyanidev.health/public_html/wp-content/themes/understrap/footer.php on line 78

2022-03-03T19:33:37+00:00 CRITICAL Uncaught Error: Call to a member function get_all_products_link() on null in /srv/www/kyanidev.health/public_html/wp-content/themes/understrap/footer.php:78
Stack trace:
#0 /srv/www/kyanidev.health/public_html/wp-includes/template.php(770): require_once()
#1 /srv/www/kyanidev.health/public_html/wp-includes/template.php(716): load_template()
#2 /srv/www/kyanidev.health/public_html/wp-includes/general-template.php(92): locate_template()
#3 /srv/www/kyanidev.health/public_html/wp-content/themes/understrap/page.php(59): get_footer()
#4 /srv/www/kyanidev.health/public_html/wp-includes/template-loader.php(106): include('/srv/www/kyanid...')
#5 /srv/www/kyanidev.health/public_html/wp-blog-header.php(19): require_once('/srv/www/kyanid...')
#6 /srv/www/kyanidev.health/public_html/index.php(17): require('/srv/www/kyanid...')
#7 {main}
  thrown in /srv/www/kyanidev.health/public_html/wp-content/themes/understrap/footer.php on line 78

2022-03-03T19:33:37+00:00 CRITICAL Uncaught Error: Call to a member function get_all_products_link() on null in /srv/www/kyanidev.health/public_html/wp-content/themes/understrap/footer.php:78
Stack trace:
#0 /srv/www/kyanidev.health/public_html/wp-includes/template.php(770): require_once()
#1 /srv/www/kyanidev.health/public_html/wp-includes/template.php(716): load_template()
#2 /srv/www/kyanidev.health/public_html/wp-includes/general-template.php(92): locate_template()
#3 /srv/www/kyanidev.health/public_html/wp-content/themes/understrap/page.php(59): get_footer()
#4 /srv/www/kyanidev.health/public_html/wp-includes/template-loader.php(106): include('/srv/www/kyanid...')
#5 /srv/www/kyanidev.health/public_html/wp-blog-header.php(19): require_once('/srv/www/kyanid...')
#6 /srv/www/kyanidev.health/public_html/index.php(17): require('/srv/www/kyanid...')
#7 {main}
  thrown in /srv/www/kyanidev.health/public_html/wp-content/themes/understrap/footer.php on line 78

2022-03-03T19:33:37+00:00 CRITICAL Uncaught Error: Call to a member function get_all_products_link() on null in /srv/www/kyanidev.health/public_html/wp-content/themes/understrap/footer.php:78
Stack trace:
#0 /srv/www/kyanidev.health/public_html/wp-includes/template.php(770): require_once()
#1 /srv/www/kyanidev.health/public_html/wp-includes/template.php(716): load_template()
#2 /srv/www/kyanidev.health/public_html/wp-includes/general-template.php(92): locate_template()
#3 /srv/www/kyanidev.health/public_html/wp-content/themes/understrap/page.php(59): get_footer()
#4 /srv/www/kyanidev.health/public_html/wp-includes/template-loader.php(106): include('/srv/www/kyanid...')
#5 /srv/www/kyanidev.health/public_html/wp-blog-header.php(19): require_once('/srv/www/kyanid...')
#6 /srv/www/kyanidev.health/public_html/index.php(17): require('/srv/www/kyanid...')
#7 {main}
  thrown in /srv/www/kyanidev.health/public_html/wp-content/themes/understrap/footer.php on line 78

2022-03-03T19:33:37+00:00 CRITICAL Uncaught Error: Call to a member function get_all_products_link() on null in /srv/www/kyanidev.health/public_html/wp-content/themes/understrap/footer.php:78
Stack trace:
#0 /srv/www/kyanidev.health/public_html/wp-includes/template.php(770): require_once()
#1 /srv/www/kyanidev.health/public_html/wp-includes/template.php(716): load_template()
#2 /srv/www/kyanidev.health/public_html/wp-includes/general-template.php(92): locate_template()
#3 /srv/www/kyanidev.health/public_html/wp-content/themes/understrap/page.php(59): get_footer()
#4 /srv/www/kyanidev.health/public_html/wp-includes/template-loader.php(106): include('/srv/www/kyanid...')
#5 /srv/www/kyanidev.health/public_html/wp-blog-header.php(19): require_once('/srv/www/kyanid...')
#6 /srv/www/kyanidev.health/public_html/index.php(17): require('/srv/www/kyanid...')
#7 {main}
  thrown in /srv/www/kyanidev.health/public_html/wp-content/themes/understrap/footer.php on line 78

2022-03-03T19:33:38+00:00 CRITICAL Uncaught Error: Call to a member function get_all_products_link() on null in /srv/www/kyanidev.health/public_html/wp-content/themes/understrap/footer.php:78
Stack trace:
#0 /srv/www/kyanidev.health/public_html/wp-includes/template.php(770): require_once()
#1 /srv/www/kyanidev.health/public_html/wp-includes/template.php(716): load_template()
#2 /srv/www/kyanidev.health/public_html/wp-includes/general-template.php(92): locate_template()
#3 /srv/www/kyanidev.health/public_html/wp-content/themes/understrap/page.php(59): get_footer()
#4 /srv/www/kyanidev.health/public_html/wp-includes/template-loader.php(106): include('/srv/www/kyanid...')
#5 /srv/www/kyanidev.health/public_html/wp-blog-header.php(19): require_once('/srv/www/kyanid...')
#6 /srv/www/kyanidev.health/public_html/index.php(17): require('/srv/www/kyanid...')
#7 {main}
  thrown in /srv/www/kyanidev.health/public_html/wp-content/themes/understrap/footer.php on line 78

2022-03-03T19:33:38+00:00 CRITICAL Uncaught Error: Call to a member function get_all_products_link() on null in /srv/www/kyanidev.health/public_html/wp-content/themes/understrap/footer.php:78
Stack trace:
#0 /srv/www/kyanidev.health/public_html/wp-includes/template.php(770): require_once()
#1 /srv/www/kyanidev.health/public_html/wp-includes/template.php(716): load_template()
#2 /srv/www/kyanidev.health/public_html/wp-includes/general-template.php(92): locate_template()
#3 /srv/www/kyanidev.health/public_html/wp-content/themes/understrap/page.php(59): get_footer()
#4 /srv/www/kyanidev.health/public_html/wp-includes/template-loader.php(106): include('/srv/www/kyanid...')
#5 /srv/www/kyanidev.health/public_html/wp-blog-header.php(19): require_once('/srv/www/kyanid...')
#6 /srv/www/kyanidev.health/public_html/index.php(17): require('/srv/www/kyanid...')
#7 {main}
  thrown in /srv/www/kyanidev.health/public_html/wp-content/themes/understrap/footer.php on line 78

2022-03-03T19:33:43+00:00 CRITICAL Uncaught Error: Call to a member function get_all_products_link() on null in /srv/www/kyanidev.health/public_html/wp-content/themes/understrap/footer.php:78
Stack trace:
#0 /srv/www/kyanidev.health/public_html/wp-includes/template.php(770): require_once()
#1 /srv/www/kyanidev.health/public_html/wp-includes/template.php(716): load_template()
#2 /srv/www/kyanidev.health/public_html/wp-includes/general-template.php(92): locate_template()
#3 /srv/www/kyanidev.health/public_html/wp-content/themes/understrap/page.php(59): get_footer()
#4 /srv/www/kyanidev.health/public_html/wp-includes/template-loader.php(106): include('/srv/www/kyanid...')
#5 /srv/www/kyanidev.health/public_html/wp-blog-header.php(19): require_once('/srv/www/kyanid...')
#6 /srv/www/kyanidev.health/public_html/index.php(17): require('/srv/www/kyanid...')
#7 {main}
  thrown in /srv/www/kyanidev.health/public_html/wp-content/themes/understrap/footer.php on line 78

2022-03-03T19:33:48+00:00 CRITICAL Uncaught Error: Call to a member function get_all_products_link() on null in /srv/www/kyanidev.health/public_html/wp-content/themes/understrap/footer.php:78
Stack trace:
#0 /srv/www/kyanidev.health/public_html/wp-includes/template.php(770): require_once()
#1 /srv/www/kyanidev.health/public_html/wp-includes/template.php(716): load_template()
#2 /srv/www/kyanidev.health/public_html/wp-includes/general-template.php(92): locate_template()
#3 /srv/www/kyanidev.health/public_html/wp-content/themes/understrap/page.php(59): get_footer()
#4 /srv/www/kyanidev.health/public_html/wp-includes/template-loader.php(106): include('/srv/www/kyanid...')
#5 /srv/www/kyanidev.health/public_html/wp-blog-header.php(19): require_once('/srv/www/kyanid...')
#6 /srv/www/kyanidev.health/public_html/index.php(17): require('/srv/www/kyanid...')
#7 {main}
  thrown in /srv/www/kyanidev.health/public_html/wp-content/themes/understrap/footer.php on line 78

2022-03-03T19:33:48+00:00 CRITICAL Uncaught Error: Call to a member function get_all_products_link() on null in /srv/www/kyanidev.health/public_html/wp-content/themes/understrap/footer.php:78
Stack trace:
#0 /srv/www/kyanidev.health/public_html/wp-includes/template.php(770): require_once()
#1 /srv/www/kyanidev.health/public_html/wp-includes/template.php(716): load_template()
#2 /srv/www/kyanidev.health/public_html/wp-includes/general-template.php(92): locate_template()
#3 /srv/www/kyanidev.health/public_html/wp-content/themes/understrap/page.php(59): get_footer()
#4 /srv/www/kyanidev.health/public_html/wp-includes/template-loader.php(106): include('/srv/www/kyanid...')
#5 /srv/www/kyanidev.health/public_html/wp-blog-header.php(19): require_once('/srv/www/kyanid...')
#6 /srv/www/kyanidev.health/public_html/index.php(17): require('/srv/www/kyanid...')
#7 {main}
  thrown in /srv/www/kyanidev.health/public_html/wp-content/themes/understrap/footer.php on line 78

2022-03-03T19:33:48+00:00 CRITICAL Uncaught Error: Call to a member function get_all_products_link() on null in /srv/www/kyanidev.health/public_html/wp-content/themes/understrap/footer.php:78
Stack trace:
#0 /srv/www/kyanidev.health/public_html/wp-includes/template.php(770): require_once()
#1 /srv/www/kyanidev.health/public_html/wp-includes/template.php(716): load_template()
#2 /srv/www/kyanidev.health/public_html/wp-includes/general-template.php(92): locate_template()
#3 /srv/www/kyanidev.health/public_html/wp-content/themes/understrap/page.php(59): get_footer()
#4 /srv/www/kyanidev.health/public_html/wp-includes/template-loader.php(106): include('/srv/www/kyanid...')
#5 /srv/www/kyanidev.health/public_html/wp-blog-header.php(19): require_once('/srv/www/kyanid...')
#6 /srv/www/kyanidev.health/public_html/index.php(17): require('/srv/www/kyanid...')
#7 {main}
  thrown in /srv/www/kyanidev.health/public_html/wp-content/themes/understrap/footer.php on line 78

2022-03-03T19:33:49+00:00 CRITICAL Uncaught Error: Call to a member function get_all_products_link() on null in /srv/www/kyanidev.health/public_html/wp-content/themes/understrap/footer.php:78
Stack trace:
#0 /srv/www/kyanidev.health/public_html/wp-includes/template.php(770): require_once()
#1 /srv/www/kyanidev.health/public_html/wp-includes/template.php(716): load_template()
#2 /srv/www/kyanidev.health/public_html/wp-includes/general-template.php(92): locate_template()
#3 /srv/www/kyanidev.health/public_html/wp-content/themes/understrap/page.php(59): get_footer()
#4 /srv/www/kyanidev.health/public_html/wp-includes/template-loader.php(106): include('/srv/www/kyanid...')
#5 /srv/www/kyanidev.health/public_html/wp-blog-header.php(19): require_once('/srv/www/kyanid...')
#6 /srv/www/kyanidev.health/public_html/index.php(17): require('/srv/www/kyanid...')
#7 {main}
  thrown in /srv/www/kyanidev.health/public_html/wp-content/themes/understrap/footer.php on line 78

2022-03-03T19:33:49+00:00 CRITICAL Uncaught Error: Call to a member function get_all_products_link() on null in /srv/www/kyanidev.health/public_html/wp-content/themes/understrap/footer.php:78
Stack trace:
#0 /srv/www/kyanidev.health/public_html/wp-includes/template.php(770): require_once()
#1 /srv/www/kyanidev.health/public_html/wp-includes/template.php(716): load_template()
#2 /srv/www/kyanidev.health/public_html/wp-includes/general-template.php(92): locate_template()
#3 /srv/www/kyanidev.health/public_html/wp-content/themes/understrap/page.php(59): get_footer()
#4 /srv/www/kyanidev.health/public_html/wp-includes/template-loader.php(106): include('/srv/www/kyanid...')
#5 /srv/www/kyanidev.health/public_html/wp-blog-header.php(19): require_once('/srv/www/kyanid...')
#6 /srv/www/kyanidev.health/public_html/index.php(17): require('/srv/www/kyanid...')
#7 {main}
  thrown in /srv/www/kyanidev.health/public_html/wp-content/themes/understrap/footer.php on line 78

2022-03-03T19:33:49+00:00 CRITICAL Uncaught Error: Call to a member function get_all_products_link() on null in /srv/www/kyanidev.health/public_html/wp-content/themes/understrap/footer.php:78
Stack trace:
#0 /srv/www/kyanidev.health/public_html/wp-includes/template.php(770): require_once()
#1 /srv/www/kyanidev.health/public_html/wp-includes/template.php(716): load_template()
#2 /srv/www/kyanidev.health/public_html/wp-includes/general-template.php(92): locate_template()
#3 /srv/www/kyanidev.health/public_html/wp-content/themes/understrap/page.php(59): get_footer()
#4 /srv/www/kyanidev.health/public_html/wp-includes/template-loader.php(106): include('/srv/www/kyanid...')
#5 /srv/www/kyanidev.health/public_html/wp-blog-header.php(19): require_once('/srv/www/kyanid...')
#6 /srv/www/kyanidev.health/public_html/index.php(17): require('/srv/www/kyanid...')
#7 {main}
  thrown in /srv/www/kyanidev.health/public_html/wp-content/themes/understrap/footer.php on line 78

2022-03-03T19:33:49+00:00 CRITICAL Uncaught Error: Call to a member function get_all_products_link() on null in /srv/www/kyanidev.health/public_html/wp-content/themes/understrap/footer.php:78
Stack trace:
#0 /srv/www/kyanidev.health/public_html/wp-includes/template.php(770): require_once()
#1 /srv/www/kyanidev.health/public_html/wp-includes/template.php(716): load_template()
#2 /srv/www/kyanidev.health/public_html/wp-includes/general-template.php(92): locate_template()
#3 /srv/www/kyanidev.health/public_html/wp-content/themes/understrap/page.php(59): get_footer()
#4 /srv/www/kyanidev.health/public_html/wp-includes/template-loader.php(106): include('/srv/www/kyanid...')
#5 /srv/www/kyanidev.health/public_html/wp-blog-header.php(19): require_once('/srv/www/kyanid...')
#6 /srv/www/kyanidev.health/public_html/index.php(17): require('/srv/www/kyanid...')
#7 {main}
  thrown in /srv/www/kyanidev.health/public_html/wp-content/themes/understrap/footer.php on line 78

2022-03-03T19:33:49+00:00 CRITICAL Uncaught Error: Call to a member function get_all_products_link() on null in /srv/www/kyanidev.health/public_html/wp-content/themes/understrap/footer.php:78
Stack trace:
#0 /srv/www/kyanidev.health/public_html/wp-includes/template.php(770): require_once()
#1 /srv/www/kyanidev.health/public_html/wp-includes/template.php(716): load_template()
#2 /srv/www/kyanidev.health/public_html/wp-includes/general-template.php(92): locate_template()
#3 /srv/www/kyanidev.health/public_html/wp-content/themes/understrap/page.php(59): get_footer()
#4 /srv/www/kyanidev.health/public_html/wp-includes/template-loader.php(106): include('/srv/www/kyanid...')
#5 /srv/www/kyanidev.health/public_html/wp-blog-header.php(19): require_once('/srv/www/kyanid...')
#6 /srv/www/kyanidev.health/public_html/index.php(17): require('/srv/www/kyanid...')
#7 {main}
  thrown in /srv/www/kyanidev.health/public_html/wp-content/themes/understrap/footer.php on line 78

2022-03-03T19:33:50+00:00 CRITICAL Uncaught Error: Call to a member function get_all_products_link() on null in /srv/www/kyanidev.health/public_html/wp-content/themes/understrap/footer.php:78
Stack trace:
#0 /srv/www/kyanidev.health/public_html/wp-includes/template.php(770): require_once()
#1 /srv/www/kyanidev.health/public_html/wp-includes/template.php(716): load_template()
#2 /srv/www/kyanidev.health/public_html/wp-includes/general-template.php(92): locate_template()
#3 /srv/www/kyanidev.health/public_html/wp-content/themes/understrap/page.php(59): get_footer()
#4 /srv/www/kyanidev.health/public_html/wp-includes/template-loader.php(106): include('/srv/www/kyanid...')
#5 /srv/www/kyanidev.health/public_html/wp-blog-header.php(19): require_once('/srv/www/kyanid...')
#6 /srv/www/kyanidev.health/public_html/index.php(17): require('/srv/www/kyanid...')
#7 {main}
  thrown in /srv/www/kyanidev.health/public_html/wp-content/themes/understrap/footer.php on line 78

2022-03-03T19:33:50+00:00 CRITICAL Uncaught Error: Call to a member function get_all_products_link() on null in /srv/www/kyanidev.health/public_html/wp-content/themes/understrap/footer.php:78
Stack trace:
#0 /srv/www/kyanidev.health/public_html/wp-includes/template.php(770): require_once()
#1 /srv/www/kyanidev.health/public_html/wp-includes/template.php(716): load_template()
#2 /srv/www/kyanidev.health/public_html/wp-includes/general-template.php(92): locate_template()
#3 /srv/www/kyanidev.health/public_html/wp-content/themes/understrap/page.php(59): get_footer()
#4 /srv/www/kyanidev.health/public_html/wp-includes/template-loader.php(106): include('/srv/www/kyanid...')
#5 /srv/www/kyanidev.health/public_html/wp-blog-header.php(19): require_once('/srv/www/kyanid...')
#6 /srv/www/kyanidev.health/public_html/index.php(17): require('/srv/www/kyanid...')
#7 {main}
  thrown in /srv/www/kyanidev.health/public_html/wp-content/themes/understrap/footer.php on line 78

2022-03-03T19:33:57+00:00 CRITICAL Uncaught Error: Call to a member function get_all_products_link() on null in /srv/www/kyanidev.health/public_html/wp-content/themes/understrap/footer.php:78
Stack trace:
#0 /srv/www/kyanidev.health/public_html/wp-includes/template.php(770): require_once()
#1 /srv/www/kyanidev.health/public_html/wp-includes/template.php(716): load_template()
#2 /srv/www/kyanidev.health/public_html/wp-includes/general-template.php(92): locate_template()
#3 /srv/www/kyanidev.health/public_html/wp-content/themes/understrap/page.php(59): get_footer()
#4 /srv/www/kyanidev.health/public_html/wp-includes/template-loader.php(106): include('/srv/www/kyanid...')
#5 /srv/www/kyanidev.health/public_html/wp-blog-header.php(19): require_once('/srv/www/kyanid...')
#6 /srv/www/kyanidev.health/public_html/index.php(17): require('/srv/www/kyanid...')
#7 {main}
  thrown in /srv/www/kyanidev.health/public_html/wp-content/themes/understrap/footer.php on line 78

2022-03-03T19:34:00+00:00 CRITICAL Uncaught Error: Call to a member function get_all_products_link() on null in /srv/www/kyanidev.health/public_html/wp-content/themes/understrap/footer.php:78
Stack trace:
#0 /srv/www/kyanidev.health/public_html/wp-includes/template.php(770): require_once()
#1 /srv/www/kyanidev.health/public_html/wp-includes/template.php(716): load_template()
#2 /srv/www/kyanidev.health/public_html/wp-includes/general-template.php(92): locate_template()
#3 /srv/www/kyanidev.health/public_html/wp-content/themes/understrap/page.php(59): get_footer()
#4 /srv/www/kyanidev.health/public_html/wp-includes/template-loader.php(106): include('/srv/www/kyanid...')
#5 /srv/www/kyanidev.health/public_html/wp-blog-header.php(19): require_once('/srv/www/kyanid...')
#6 /srv/www/kyanidev.health/public_html/index.php(17): require('/srv/www/kyanid...')
#7 {main}
  thrown in /srv/www/kyanidev.health/public_html/wp-content/themes/understrap/footer.php on line 78

2022-03-03T19:34:00+00:00 CRITICAL Uncaught Error: Call to a member function get_all_products_link() on null in /srv/www/kyanidev.health/public_html/wp-content/themes/understrap/footer.php:78
Stack trace:
#0 /srv/www/kyanidev.health/public_html/wp-includes/template.php(770): require_once()
#1 /srv/www/kyanidev.health/public_html/wp-includes/template.php(716): load_template()
#2 /srv/www/kyanidev.health/public_html/wp-includes/general-template.php(92): locate_template()
#3 /srv/www/kyanidev.health/public_html/wp-content/themes/understrap/page.php(59): get_footer()
#4 /srv/www/kyanidev.health/public_html/wp-includes/template-loader.php(106): include('/srv/www/kyanid...')
#5 /srv/www/kyanidev.health/public_html/wp-blog-header.php(19): require_once('/srv/www/kyanid...')
#6 /srv/www/kyanidev.health/public_html/index.php(17): require('/srv/www/kyanid...')
#7 {main}
  thrown in /srv/www/kyanidev.health/public_html/wp-content/themes/understrap/footer.php on line 78

2022-03-03T19:34:03+00:00 CRITICAL Uncaught Error: Call to a member function get_all_products_link() on null in /srv/www/kyanidev.health/public_html/wp-content/themes/understrap/footer.php:78
Stack trace:
#0 /srv/www/kyanidev.health/public_html/wp-includes/template.php(770): require_once()
#1 /srv/www/kyanidev.health/public_html/wp-includes/template.php(716): load_template()
#2 /srv/www/kyanidev.health/public_html/wp-includes/general-template.php(92): locate_template()
#3 /srv/www/kyanidev.health/public_html/wp-content/themes/understrap/page.php(59): get_footer()
#4 /srv/www/kyanidev.health/public_html/wp-includes/template-loader.php(106): include('/srv/www/kyanid...')
#5 /srv/www/kyanidev.health/public_html/wp-blog-header.php(19): require_once('/srv/www/kyanid...')
#6 /srv/www/kyanidev.health/public_html/index.php(17): require('/srv/www/kyanid...')
#7 {main}
  thrown in /srv/www/kyanidev.health/public_html/wp-content/themes/understrap/footer.php on line 78

2022-03-03T19:34:03+00:00 CRITICAL Uncaught Error: Call to a member function get_all_products_link() on null in /srv/www/kyanidev.health/public_html/wp-content/themes/understrap/footer.php:78
Stack trace:
#0 /srv/www/kyanidev.health/public_html/wp-includes/template.php(770): require_once()
#1 /srv/www/kyanidev.health/public_html/wp-includes/template.php(716): load_template()
#2 /srv/www/kyanidev.health/public_html/wp-includes/general-template.php(92): locate_template()
#3 /srv/www/kyanidev.health/public_html/wp-content/themes/understrap/page.php(59): get_footer()
#4 /srv/www/kyanidev.health/public_html/wp-includes/template-loader.php(106): include('/srv/www/kyanid...')
#5 /srv/www/kyanidev.health/public_html/wp-blog-header.php(19): require_once('/srv/www/kyanid...')
#6 /srv/www/kyanidev.health/public_html/index.php(17): require('/srv/www/kyanid...')
#7 {main}
  thrown in /srv/www/kyanidev.health/public_html/wp-content/themes/understrap/footer.php on line 78

2022-03-03T19:34:04+00:00 CRITICAL Uncaught Error: Call to a member function get_all_products_link() on null in /srv/www/kyanidev.health/public_html/wp-content/themes/understrap/footer.php:78
Stack trace:
#0 /srv/www/kyanidev.health/public_html/wp-includes/template.php(770): require_once()
#1 /srv/www/kyanidev.health/public_html/wp-includes/template.php(716): load_template()
#2 /srv/www/kyanidev.health/public_html/wp-includes/general-template.php(92): locate_template()
#3 /srv/www/kyanidev.health/public_html/wp-content/themes/understrap/page.php(59): get_footer()
#4 /srv/www/kyanidev.health/public_html/wp-includes/template-loader.php(106): include('/srv/www/kyanid...')
#5 /srv/www/kyanidev.health/public_html/wp-blog-header.php(19): require_once('/srv/www/kyanid...')
#6 /srv/www/kyanidev.health/public_html/index.php(17): require('/srv/www/kyanid...')
#7 {main}
  thrown in /srv/www/kyanidev.health/public_html/wp-content/themes/understrap/footer.php on line 78

2022-03-03T19:34:04+00:00 CRITICAL Uncaught Error: Call to a member function get_all_products_link() on null in /srv/www/kyanidev.health/public_html/wp-content/themes/understrap/footer.php:78
Stack trace:
#0 /srv/www/kyanidev.health/public_html/wp-includes/template.php(770): require_once()
#1 /srv/www/kyanidev.health/public_html/wp-includes/template.php(716): load_template()
#2 /srv/www/kyanidev.health/public_html/wp-includes/general-template.php(92): locate_template()
#3 /srv/www/kyanidev.health/public_html/wp-content/themes/understrap/page.php(59): get_footer()
#4 /srv/www/kyanidev.health/public_html/wp-includes/template-loader.php(106): include('/srv/www/kyanid...')
#5 /srv/www/kyanidev.health/public_html/wp-blog-header.php(19): require_once('/srv/www/kyanid...')
#6 /srv/www/kyanidev.health/public_html/index.php(17): require('/srv/www/kyanid...')
#7 {main}
  thrown in /srv/www/kyanidev.health/public_html/wp-content/themes/understrap/footer.php on line 78

2022-03-03T19:34:04+00:00 CRITICAL Uncaught Error: Call to a member function get_all_products_link() on null in /srv/www/kyanidev.health/public_html/wp-content/themes/understrap/footer.php:78
Stack trace:
#0 /srv/www/kyanidev.health/public_html/wp-includes/template.php(770): require_once()
#1 /srv/www/kyanidev.health/public_html/wp-includes/template.php(716): load_template()
#2 /srv/www/kyanidev.health/public_html/wp-includes/general-template.php(92): locate_template()
#3 /srv/www/kyanidev.health/public_html/wp-content/themes/understrap/page.php(59): get_footer()
#4 /srv/www/kyanidev.health/public_html/wp-includes/template-loader.php(106): include('/srv/www/kyanid...')
#5 /srv/www/kyanidev.health/public_html/wp-blog-header.php(19): require_once('/srv/www/kyanid...')
#6 /srv/www/kyanidev.health/public_html/index.php(17): require('/srv/www/kyanid...')
#7 {main}
  thrown in /srv/www/kyanidev.health/public_html/wp-content/themes/understrap/footer.php on line 78

2022-03-03T19:34:04+00:00 CRITICAL Uncaught Error: Call to a member function get_all_products_link() on null in /srv/www/kyanidev.health/public_html/wp-content/themes/understrap/footer.php:78
Stack trace:
#0 /srv/www/kyanidev.health/public_html/wp-includes/template.php(770): require_once()
#1 /srv/www/kyanidev.health/public_html/wp-includes/template.php(716): load_template()
#2 /srv/www/kyanidev.health/public_html/wp-includes/general-template.php(92): locate_template()
#3 /srv/www/kyanidev.health/public_html/wp-content/themes/understrap/page.php(59): get_footer()
#4 /srv/www/kyanidev.health/public_html/wp-includes/template-loader.php(106): include('/srv/www/kyanid...')
#5 /srv/www/kyanidev.health/public_html/wp-blog-header.php(19): require_once('/srv/www/kyanid...')
#6 /srv/www/kyanidev.health/public_html/index.php(17): require('/srv/www/kyanid...')
#7 {main}
  thrown in /srv/www/kyanidev.health/public_html/wp-content/themes/understrap/footer.php on line 78

2022-03-03T19:34:04+00:00 CRITICAL Uncaught Error: Call to a member function get_all_products_link() on null in /srv/www/kyanidev.health/public_html/wp-content/themes/understrap/footer.php:78
Stack trace:
#0 /srv/www/kyanidev.health/public_html/wp-includes/template.php(770): require_once()
#1 /srv/www/kyanidev.health/public_html/wp-includes/template.php(716): load_template()
#2 /srv/www/kyanidev.health/public_html/wp-includes/general-template.php(92): locate_template()
#3 /srv/www/kyanidev.health/public_html/wp-content/themes/understrap/page.php(59): get_footer()
#4 /srv/www/kyanidev.health/public_html/wp-includes/template-loader.php(106): include('/srv/www/kyanid...')
#5 /srv/www/kyanidev.health/public_html/wp-blog-header.php(19): require_once('/srv/www/kyanid...')
#6 /srv/www/kyanidev.health/public_html/index.php(17): require('/srv/www/kyanid...')
#7 {main}
  thrown in /srv/www/kyanidev.health/public_html/wp-content/themes/understrap/footer.php on line 78

2022-03-03T19:34:05+00:00 CRITICAL Uncaught Error: Call to a member function get_all_products_link() on null in /srv/www/kyanidev.health/public_html/wp-content/themes/understrap/footer.php:78
Stack trace:
#0 /srv/www/kyanidev.health/public_html/wp-includes/template.php(770): require_once()
#1 /srv/www/kyanidev.health/public_html/wp-includes/template.php(716): load_template()
#2 /srv/www/kyanidev.health/public_html/wp-includes/general-template.php(92): locate_template()
#3 /srv/www/kyanidev.health/public_html/wp-content/themes/understrap/page.php(59): get_footer()
#4 /srv/www/kyanidev.health/public_html/wp-includes/template-loader.php(106): include('/srv/www/kyanid...')
#5 /srv/www/kyanidev.health/public_html/wp-blog-header.php(19): require_once('/srv/www/kyanid...')
#6 /srv/www/kyanidev.health/public_html/index.php(17): require('/srv/www/kyanid...')
#7 {main}
  thrown in /srv/www/kyanidev.health/public_html/wp-content/themes/understrap/footer.php on line 78

2022-03-03T19:34:22+00:00 CRITICAL Uncaught Error: Call to a member function get_all_products_link() on null in /srv/www/kyanidev.health/public_html/wp-content/themes/understrap/footer.php:78
Stack trace:
#0 /srv/www/kyanidev.health/public_html/wp-includes/template.php(770): require_once()
#1 /srv/www/kyanidev.health/public_html/wp-includes/template.php(716): load_template()
#2 /srv/www/kyanidev.health/public_html/wp-includes/general-template.php(92): locate_template()
#3 /srv/www/kyanidev.health/public_html/wp-content/themes/understrap/page.php(59): get_footer()
#4 /srv/www/kyanidev.health/public_html/wp-includes/template-loader.php(106): include('/srv/www/kyanid...')
#5 /srv/www/kyanidev.health/public_html/wp-blog-header.php(19): require_once('/srv/www/kyanid...')
#6 /srv/www/kyanidev.health/public_html/index.php(17): require('/srv/www/kyanid...')
#7 {main}
  thrown in /srv/www/kyanidev.health/public_html/wp-content/themes/understrap/footer.php on line 78

2022-03-03T19:34:26+00:00 CRITICAL Uncaught Error: Call to a member function get_all_products_link() on null in /srv/www/kyanidev.health/public_html/wp-content/themes/understrap/footer.php:78
Stack trace:
#0 /srv/www/kyanidev.health/public_html/wp-includes/template.php(770): require_once()
#1 /srv/www/kyanidev.health/public_html/wp-includes/template.php(716): load_template()
#2 /srv/www/kyanidev.health/public_html/wp-includes/general-template.php(92): locate_template()
#3 /srv/www/kyanidev.health/public_html/wp-content/themes/understrap/page.php(59): get_footer()
#4 /srv/www/kyanidev.health/public_html/wp-includes/template-loader.php(106): include('/srv/www/kyanid...')
#5 /srv/www/kyanidev.health/public_html/wp-blog-header.php(19): require_once('/srv/www/kyanid...')
#6 /srv/www/kyanidev.health/public_html/index.php(17): require('/srv/www/kyanid...')
#7 {main}
  thrown in /srv/www/kyanidev.health/public_html/wp-content/themes/understrap/footer.php on line 78

2022-03-03T19:34:27+00:00 CRITICAL Uncaught Error: Call to a member function get_all_products_link() on null in /srv/www/kyanidev.health/public_html/wp-content/themes/understrap/footer.php:78
Stack trace:
#0 /srv/www/kyanidev.health/public_html/wp-includes/template.php(770): require_once()
#1 /srv/www/kyanidev.health/public_html/wp-includes/template.php(716): load_template()
#2 /srv/www/kyanidev.health/public_html/wp-includes/general-template.php(92): locate_template()
#3 /srv/www/kyanidev.health/public_html/wp-content/themes/understrap/page.php(59): get_footer()
#4 /srv/www/kyanidev.health/public_html/wp-includes/template-loader.php(106): include('/srv/www/kyanid...')
#5 /srv/www/kyanidev.health/public_html/wp-blog-header.php(19): require_once('/srv/www/kyanid...')
#6 /srv/www/kyanidev.health/public_html/index.php(17): require('/srv/www/kyanid...')
#7 {main}
  thrown in /srv/www/kyanidev.health/public_html/wp-content/themes/understrap/footer.php on line 78

2022-03-03T19:34:29+00:00 CRITICAL Uncaught Error: Call to a member function get_all_products_link() on null in /srv/www/kyanidev.health/public_html/wp-content/themes/understrap/footer.php:78
Stack trace:
#0 /srv/www/kyanidev.health/public_html/wp-includes/template.php(770): require_once()
#1 /srv/www/kyanidev.health/public_html/wp-includes/template.php(716): load_template()
#2 /srv/www/kyanidev.health/public_html/wp-includes/general-template.php(92): locate_template()
#3 /srv/www/kyanidev.health/public_html/wp-content/themes/understrap/page.php(59): get_footer()
#4 /srv/www/kyanidev.health/public_html/wp-includes/template-loader.php(106): include('/srv/www/kyanid...')
#5 /srv/www/kyanidev.health/public_html/wp-blog-header.php(19): require_once('/srv/www/kyanid...')
#6 /srv/www/kyanidev.health/public_html/index.php(17): require('/srv/www/kyanid...')
#7 {main}
  thrown in /srv/www/kyanidev.health/public_html/wp-content/themes/understrap/footer.php on line 78

2022-03-03T19:34:29+00:00 CRITICAL Uncaught Error: Call to a member function get_all_products_link() on null in /srv/www/kyanidev.health/public_html/wp-content/themes/understrap/footer.php:78
Stack trace:
#0 /srv/www/kyanidev.health/public_html/wp-includes/template.php(770): require_once()
#1 /srv/www/kyanidev.health/public_html/wp-includes/template.php(716): load_template()
#2 /srv/www/kyanidev.health/public_html/wp-includes/general-template.php(92): locate_template()
#3 /srv/www/kyanidev.health/public_html/wp-content/themes/understrap/page.php(59): get_footer()
#4 /srv/www/kyanidev.health/public_html/wp-includes/template-loader.php(106): include('/srv/www/kyanid...')
#5 /srv/www/kyanidev.health/public_html/wp-blog-header.php(19): require_once('/srv/www/kyanid...')
#6 /srv/www/kyanidev.health/public_html/index.php(17): require('/srv/www/kyanid...')
#7 {main}
  thrown in /srv/www/kyanidev.health/public_html/wp-content/themes/understrap/footer.php on line 78

2022-03-03T19:34:29+00:00 CRITICAL Uncaught Error: Call to a member function get_all_products_link() on null in /srv/www/kyanidev.health/public_html/wp-content/themes/understrap/footer.php:78
Stack trace:
#0 /srv/www/kyanidev.health/public_html/wp-includes/template.php(770): require_once()
#1 /srv/www/kyanidev.health/public_html/wp-includes/template.php(716): load_template()
#2 /srv/www/kyanidev.health/public_html/wp-includes/general-template.php(92): locate_template()
#3 /srv/www/kyanidev.health/public_html/wp-content/themes/understrap/page.php(59): get_footer()
#4 /srv/www/kyanidev.health/public_html/wp-includes/template-loader.php(106): include('/srv/www/kyanid...')
#5 /srv/www/kyanidev.health/public_html/wp-blog-header.php(19): require_once('/srv/www/kyanid...')
#6 /srv/www/kyanidev.health/public_html/index.php(17): require('/srv/www/kyanid...')
#7 {main}
  thrown in /srv/www/kyanidev.health/public_html/wp-content/themes/understrap/footer.php on line 78

2022-03-03T19:34:29+00:00 CRITICAL Uncaught Error: Call to a member function get_all_products_link() on null in /srv/www/kyanidev.health/public_html/wp-content/themes/understrap/footer.php:78
Stack trace:
#0 /srv/www/kyanidev.health/public_html/wp-includes/template.php(770): require_once()
#1 /srv/www/kyanidev.health/public_html/wp-includes/template.php(716): load_template()
#2 /srv/www/kyanidev.health/public_html/wp-includes/general-template.php(92): locate_template()
#3 /srv/www/kyanidev.health/public_html/wp-content/themes/understrap/page.php(59): get_footer()
#4 /srv/www/kyanidev.health/public_html/wp-includes/template-loader.php(106): include('/srv/www/kyanid...')
#5 /srv/www/kyanidev.health/public_html/wp-blog-header.php(19): require_once('/srv/www/kyanid...')
#6 /srv/www/kyanidev.health/public_html/index.php(17): require('/srv/www/kyanid...')
#7 {main}
  thrown in /srv/www/kyanidev.health/public_html/wp-content/themes/understrap/footer.php on line 78

2022-03-03T19:34:30+00:00 CRITICAL Uncaught Error: Call to a member function get_all_products_link() on null in /srv/www/kyanidev.health/public_html/wp-content/themes/understrap/footer.php:78
Stack trace:
#0 /srv/www/kyanidev.health/public_html/wp-includes/template.php(770): require_once()
#1 /srv/www/kyanidev.health/public_html/wp-includes/template.php(716): load_template()
#2 /srv/www/kyanidev.health/public_html/wp-includes/general-template.php(92): locate_template()
#3 /srv/www/kyanidev.health/public_html/wp-content/themes/understrap/page.php(59): get_footer()
#4 /srv/www/kyanidev.health/public_html/wp-includes/template-loader.php(106): include('/srv/www/kyanid...')
#5 /srv/www/kyanidev.health/public_html/wp-blog-header.php(19): require_once('/srv/www/kyanid...')
#6 /srv/www/kyanidev.health/public_html/index.php(17): require('/srv/www/kyanid...')
#7 {main}
  thrown in /srv/www/kyanidev.health/public_html/wp-content/themes/understrap/footer.php on line 78

2022-03-03T19:34:30+00:00 CRITICAL Uncaught Error: Call to a member function get_all_products_link() on null in /srv/www/kyanidev.health/public_html/wp-content/themes/understrap/footer.php:78
Stack trace:
#0 /srv/www/kyanidev.health/public_html/wp-includes/template.php(770): require_once()
#1 /srv/www/kyanidev.health/public_html/wp-includes/template.php(716): load_template()
#2 /srv/www/kyanidev.health/public_html/wp-includes/general-template.php(92): locate_template()
#3 /srv/www/kyanidev.health/public_html/wp-content/themes/understrap/page.php(59): get_footer()
#4 /srv/www/kyanidev.health/public_html/wp-includes/template-loader.php(106): include('/srv/www/kyanid...')
#5 /srv/www/kyanidev.health/public_html/wp-blog-header.php(19): require_once('/srv/www/kyanid...')
#6 /srv/www/kyanidev.health/public_html/index.php(17): require('/srv/www/kyanid...')
#7 {main}
  thrown in /srv/www/kyanidev.health/public_html/wp-content/themes/understrap/footer.php on line 78

2022-03-03T19:34:30+00:00 CRITICAL Uncaught Error: Call to a member function get_all_products_link() on null in /srv/www/kyanidev.health/public_html/wp-content/themes/understrap/footer.php:78
Stack trace:
#0 /srv/www/kyanidev.health/public_html/wp-includes/template.php(770): require_once()
#1 /srv/www/kyanidev.health/public_html/wp-includes/template.php(716): load_template()
#2 /srv/www/kyanidev.health/public_html/wp-includes/general-template.php(92): locate_template()
#3 /srv/www/kyanidev.health/public_html/wp-content/themes/understrap/page.php(59): get_footer()
#4 /srv/www/kyanidev.health/public_html/wp-includes/template-loader.php(106): include('/srv/www/kyanid...')
#5 /srv/www/kyanidev.health/public_html/wp-blog-header.php(19): require_once('/srv/www/kyanid...')
#6 /srv/www/kyanidev.health/public_html/index.php(17): require('/srv/www/kyanid...')
#7 {main}
  thrown in /srv/www/kyanidev.health/public_html/wp-content/themes/understrap/footer.php on line 78

2022-03-03T19:34:30+00:00 CRITICAL Uncaught Error: Call to a member function get_all_products_link() on null in /srv/www/kyanidev.health/public_html/wp-content/themes/understrap/footer.php:78
Stack trace:
#0 /srv/www/kyanidev.health/public_html/wp-includes/template.php(770): require_once()
#1 /srv/www/kyanidev.health/public_html/wp-includes/template.php(716): load_template()
#2 /srv/www/kyanidev.health/public_html/wp-includes/general-template.php(92): locate_template()
#3 /srv/www/kyanidev.health/public_html/wp-content/themes/understrap/page.php(59): get_footer()
#4 /srv/www/kyanidev.health/public_html/wp-includes/template-loader.php(106): include('/srv/www/kyanid...')
#5 /srv/www/kyanidev.health/public_html/wp-blog-header.php(19): require_once('/srv/www/kyanid...')
#6 /srv/www/kyanidev.health/public_html/index.php(17): require('/srv/www/kyanid...')
#7 {main}
  thrown in /srv/www/kyanidev.health/public_html/wp-content/themes/understrap/footer.php on line 78

2022-03-03T19:47:12+00:00 CRITICAL Uncaught Error: Call to a member function get_all_products_link() on null in /srv/www/kyanidev.health/public_html/wp-content/themes/understrap/footer.php:78
Stack trace:
#0 /srv/www/kyanidev.health/public_html/wp-includes/template.php(770): require_once()
#1 /srv/www/kyanidev.health/public_html/wp-includes/template.php(716): load_template()
#2 /srv/www/kyanidev.health/public_html/wp-includes/general-template.php(92): locate_template()
#3 /srv/www/kyanidev.health/public_html/wp-content/themes/understrap/page.php(59): get_footer()
#4 /srv/www/kyanidev.health/public_html/wp-includes/template-loader.php(106): include('/srv/www/kyanid...')
#5 /srv/www/kyanidev.health/public_html/wp-blog-header.php(19): require_once('/srv/www/kyanid...')
#6 /srv/www/kyanidev.health/public_html/index.php(17): require('/srv/www/kyanid...')
#7 {main}
  thrown in /srv/www/kyanidev.health/public_html/wp-content/themes/understrap/footer.php on line 78

2022-03-03T19:47:20+00:00 CRITICAL Uncaught Error: Call to a member function get_all_products_link() on null in /srv/www/kyanidev.health/public_html/wp-content/themes/understrap/footer.php:78
Stack trace:
#0 /srv/www/kyanidev.health/public_html/wp-includes/template.php(770): require_once()
#1 /srv/www/kyanidev.health/public_html/wp-includes/template.php(716): load_template()
#2 /srv/www/kyanidev.health/public_html/wp-includes/general-template.php(92): locate_template()
#3 /srv/www/kyanidev.health/public_html/wp-content/themes/understrap/page.php(59): get_footer()
#4 /srv/www/kyanidev.health/public_html/wp-includes/template-loader.php(106): include('/srv/www/kyanid...')
#5 /srv/www/kyanidev.health/public_html/wp-blog-header.php(19): require_once('/srv/www/kyanid...')
#6 /srv/www/kyanidev.health/public_html/index.php(17): require('/srv/www/kyanid...')
#7 {main}
  thrown in /srv/www/kyanidev.health/public_html/wp-content/themes/understrap/footer.php on line 78

2022-03-03T19:47:21+00:00 CRITICAL Uncaught Error: Call to a member function get_all_products_link() on null in /srv/www/kyanidev.health/public_html/wp-content/themes/understrap/footer.php:78
Stack trace:
#0 /srv/www/kyanidev.health/public_html/wp-includes/template.php(770): require_once()
#1 /srv/www/kyanidev.health/public_html/wp-includes/template.php(716): load_template()
#2 /srv/www/kyanidev.health/public_html/wp-includes/general-template.php(92): locate_template()
#3 /srv/www/kyanidev.health/public_html/wp-content/themes/understrap/page.php(59): get_footer()
#4 /srv/www/kyanidev.health/public_html/wp-includes/template-loader.php(106): include('/srv/www/kyanid...')
#5 /srv/www/kyanidev.health/public_html/wp-blog-header.php(19): require_once('/srv/www/kyanid...')
#6 /srv/www/kyanidev.health/public_html/index.php(17): require('/srv/www/kyanid...')
#7 {main}
  thrown in /srv/www/kyanidev.health/public_html/wp-content/themes/understrap/footer.php on line 78

2022-03-03T19:47:27+00:00 CRITICAL Uncaught Error: Call to a member function get_all_products_link() on null in /srv/www/kyanidev.health/public_html/wp-content/themes/understrap/footer.php:78
Stack trace:
#0 /srv/www/kyanidev.health/public_html/wp-includes/template.php(770): require_once()
#1 /srv/www/kyanidev.health/public_html/wp-includes/template.php(716): load_template()
#2 /srv/www/kyanidev.health/public_html/wp-includes/general-template.php(92): locate_template()
#3 /srv/www/kyanidev.health/public_html/wp-content/themes/understrap/page.php(59): get_footer()
#4 /srv/www/kyanidev.health/public_html/wp-includes/template-loader.php(106): include('/srv/www/kyanid...')
#5 /srv/www/kyanidev.health/public_html/wp-blog-header.php(19): require_once('/srv/www/kyanid...')
#6 /srv/www/kyanidev.health/public_html/index.php(17): require('/srv/www/kyanid...')
#7 {main}
  thrown in /srv/www/kyanidev.health/public_html/wp-content/themes/understrap/footer.php on line 78

2022-03-03T19:47:30+00:00 CRITICAL Uncaught Error: Call to a member function get_all_products_link() on null in /srv/www/kyanidev.health/public_html/wp-content/themes/understrap/footer.php:78
Stack trace:
#0 /srv/www/kyanidev.health/public_html/wp-includes/template.php(770): require_once()
#1 /srv/www/kyanidev.health/public_html/wp-includes/template.php(716): load_template()
#2 /srv/www/kyanidev.health/public_html/wp-includes/general-template.php(92): locate_template()
#3 /srv/www/kyanidev.health/public_html/wp-content/themes/understrap/page.php(59): get_footer()
#4 /srv/www/kyanidev.health/public_html/wp-includes/template-loader.php(106): include('/srv/www/kyanid...')
#5 /srv/www/kyanidev.health/public_html/wp-blog-header.php(19): require_once('/srv/www/kyanid...')
#6 /srv/www/kyanidev.health/public_html/index.php(17): require('/srv/www/kyanid...')
#7 {main}
  thrown in /srv/www/kyanidev.health/public_html/wp-content/themes/understrap/footer.php on line 78

2022-03-03T20:02:54+00:00 CRITICAL Uncaught Error: Call to a member function get_all_products_link() on null in /srv/www/kyanidev.health/public_html/wp-content/themes/understrap/footer.php:78
Stack trace:
#0 /srv/www/kyanidev.health/public_html/wp-includes/template.php(770): require_once()
#1 /srv/www/kyanidev.health/public_html/wp-includes/template.php(716): load_template()
#2 /srv/www/kyanidev.health/public_html/wp-includes/general-template.php(92): locate_template()
#3 /srv/www/kyanidev.health/public_html/wp-content/themes/understrap/page.php(59): get_footer()
#4 /srv/www/kyanidev.health/public_html/wp-includes/template-loader.php(106): include('/srv/www/kyanid...')
#5 /srv/www/kyanidev.health/public_html/wp-blog-header.php(19): require_once('/srv/www/kyanid...')
#6 /srv/www/kyanidev.health/public_html/index.php(17): require('/srv/www/kyanid...')
#7 {main}
  thrown in /srv/www/kyanidev.health/public_html/wp-content/themes/understrap/footer.php on line 78

