2022-02-15T18:29:20+00:00 CRITICAL Uncaught Error: Call to undefined function understrap_body_attributes() in /srv/www/kyanidev.health/public_html/wp-content/themes/Total/header.php:54
Stack trace:
#0 /srv/www/kyanidev.health/public_html/wp-includes/template.php(770): require_once()
#1 /srv/www/kyanidev.health/public_html/wp-includes/template.php(716): load_template()
#2 /srv/www/kyanidev.health/public_html/wp-includes/general-template.php(48): locate_template()
#3 /srv/www/kyanidev.health/public_html/wp-content/themes/Total/page.php(13): get_header()
#4 /srv/www/kyanidev.health/public_html/wp-includes/template-loader.php(106): include('/srv/www/kyanid...')
#5 /srv/www/kyanidev.health/public_html/wp-blog-header.php(19): require_once('/srv/www/kyanid...')
#6 /srv/www/kyanidev.health/public_html/index.php(17): require('/srv/www/kyanid...')
#7 {main}
  thrown in /srv/www/kyanidev.health/public_html/wp-content/themes/Total/header.php on line 54

2022-02-15T18:30:22+00:00 CRITICAL Uncaught Error: Call to undefined function understrap_body_attributes() in /srv/www/kyanidev.health/public_html/wp-content/themes/Total/header.php:54
Stack trace:
#0 /srv/www/kyanidev.health/public_html/wp-includes/template.php(770): require_once()
#1 /srv/www/kyanidev.health/public_html/wp-includes/template.php(716): load_template()
#2 /srv/www/kyanidev.health/public_html/wp-includes/general-template.php(48): locate_template()
#3 /srv/www/kyanidev.health/public_html/wp-content/themes/Total/404.php(12): get_header()
#4 /srv/www/kyanidev.health/public_html/wp-includes/template-loader.php(106): include('/srv/www/kyanid...')
#5 /srv/www/kyanidev.health/public_html/wp-blog-header.php(19): require_once('/srv/www/kyanid...')
#6 /srv/www/kyanidev.health/public_html/index.php(17): require('/srv/www/kyanid...')
#7 {main}
  thrown in /srv/www/kyanidev.health/public_html/wp-content/themes/Total/header.php on line 54

2022-02-15T18:30:22+00:00 CRITICAL Uncaught Error: Call to undefined function understrap_body_attributes() in /srv/www/kyanidev.health/public_html/wp-content/themes/Total/header.php:54
Stack trace:
#0 /srv/www/kyanidev.health/public_html/wp-includes/template.php(770): require_once()
#1 /srv/www/kyanidev.health/public_html/wp-includes/template.php(716): load_template()
#2 /srv/www/kyanidev.health/public_html/wp-includes/general-template.php(48): locate_template()
#3 /srv/www/kyanidev.health/public_html/wp-content/themes/Total/404.php(12): get_header()
#4 /srv/www/kyanidev.health/public_html/wp-includes/template-loader.php(106): include('/srv/www/kyanid...')
#5 /srv/www/kyanidev.health/public_html/wp-blog-header.php(19): require_once('/srv/www/kyanid...')
#6 /srv/www/kyanidev.health/public_html/index.php(17): require('/srv/www/kyanid...')
#7 {main}
  thrown in /srv/www/kyanidev.health/public_html/wp-content/themes/Total/header.php on line 54

2022-02-15T18:30:22+00:00 CRITICAL Uncaught Error: Call to undefined function understrap_body_attributes() in /srv/www/kyanidev.health/public_html/wp-content/themes/Total/header.php:54
Stack trace:
#0 /srv/www/kyanidev.health/public_html/wp-includes/template.php(770): require_once()
#1 /srv/www/kyanidev.health/public_html/wp-includes/template.php(716): load_template()
#2 /srv/www/kyanidev.health/public_html/wp-includes/general-template.php(48): locate_template()
#3 /srv/www/kyanidev.health/public_html/wp-content/themes/Total/404.php(12): get_header()
#4 /srv/www/kyanidev.health/public_html/wp-includes/template-loader.php(106): include('/srv/www/kyanid...')
#5 /srv/www/kyanidev.health/public_html/wp-blog-header.php(19): require_once('/srv/www/kyanid...')
#6 /srv/www/kyanidev.health/public_html/index.php(17): require('/srv/www/kyanid...')
#7 {main}
  thrown in /srv/www/kyanidev.health/public_html/wp-content/themes/Total/header.php on line 54

2022-02-15T18:30:22+00:00 CRITICAL Uncaught Error: Call to undefined function understrap_body_attributes() in /srv/www/kyanidev.health/public_html/wp-content/themes/Total/header.php:54
Stack trace:
#0 /srv/www/kyanidev.health/public_html/wp-includes/template.php(770): require_once()
#1 /srv/www/kyanidev.health/public_html/wp-includes/template.php(716): load_template()
#2 /srv/www/kyanidev.health/public_html/wp-includes/general-template.php(48): locate_template()
#3 /srv/www/kyanidev.health/public_html/wp-content/themes/Total/404.php(12): get_header()
#4 /srv/www/kyanidev.health/public_html/wp-includes/template-loader.php(106): include('/srv/www/kyanid...')
#5 /srv/www/kyanidev.health/public_html/wp-blog-header.php(19): require_once('/srv/www/kyanid...')
#6 /srv/www/kyanidev.health/public_html/index.php(17): require('/srv/www/kyanid...')
#7 {main}
  thrown in /srv/www/kyanidev.health/public_html/wp-content/themes/Total/header.php on line 54

2022-02-15T18:30:26+00:00 CRITICAL Uncaught Error: Call to undefined function understrap_body_attributes() in /srv/www/kyanidev.health/public_html/wp-content/themes/Total/header.php:54
Stack trace:
#0 /srv/www/kyanidev.health/public_html/wp-includes/template.php(770): require_once()
#1 /srv/www/kyanidev.health/public_html/wp-includes/template.php(716): load_template()
#2 /srv/www/kyanidev.health/public_html/wp-includes/general-template.php(48): locate_template()
#3 /srv/www/kyanidev.health/public_html/wp-content/themes/Total/404.php(12): get_header()
#4 /srv/www/kyanidev.health/public_html/wp-includes/template-loader.php(106): include('/srv/www/kyanid...')
#5 /srv/www/kyanidev.health/public_html/wp-blog-header.php(19): require_once('/srv/www/kyanid...')
#6 /srv/www/kyanidev.health/public_html/index.php(17): require('/srv/www/kyanid...')
#7 {main}
  thrown in /srv/www/kyanidev.health/public_html/wp-content/themes/Total/header.php on line 54

2022-02-15T18:30:26+00:00 CRITICAL Uncaught Error: Call to undefined function understrap_body_attributes() in /srv/www/kyanidev.health/public_html/wp-content/themes/Total/header.php:54
Stack trace:
#0 /srv/www/kyanidev.health/public_html/wp-includes/template.php(770): require_once()
#1 /srv/www/kyanidev.health/public_html/wp-includes/template.php(716): load_template()
#2 /srv/www/kyanidev.health/public_html/wp-includes/general-template.php(48): locate_template()
#3 /srv/www/kyanidev.health/public_html/wp-content/themes/Total/404.php(12): get_header()
#4 /srv/www/kyanidev.health/public_html/wp-includes/template-loader.php(106): include('/srv/www/kyanid...')
#5 /srv/www/kyanidev.health/public_html/wp-blog-header.php(19): require_once('/srv/www/kyanid...')
#6 /srv/www/kyanidev.health/public_html/index.php(17): require('/srv/www/kyanid...')
#7 {main}
  thrown in /srv/www/kyanidev.health/public_html/wp-content/themes/Total/header.php on line 54

2022-02-15T18:30:27+00:00 CRITICAL Uncaught Error: Call to undefined function understrap_body_attributes() in /srv/www/kyanidev.health/public_html/wp-content/themes/Total/header.php:54
Stack trace:
#0 /srv/www/kyanidev.health/public_html/wp-includes/template.php(770): require_once()
#1 /srv/www/kyanidev.health/public_html/wp-includes/template.php(716): load_template()
#2 /srv/www/kyanidev.health/public_html/wp-includes/general-template.php(48): locate_template()
#3 /srv/www/kyanidev.health/public_html/wp-content/themes/Total/404.php(12): get_header()
#4 /srv/www/kyanidev.health/public_html/wp-includes/template-loader.php(106): include('/srv/www/kyanid...')
#5 /srv/www/kyanidev.health/public_html/wp-blog-header.php(19): require_once('/srv/www/kyanid...')
#6 /srv/www/kyanidev.health/public_html/index.php(17): require('/srv/www/kyanid...')
#7 {main}
  thrown in /srv/www/kyanidev.health/public_html/wp-content/themes/Total/header.php on line 54

2022-02-15T18:30:27+00:00 CRITICAL Uncaught Error: Call to undefined function understrap_body_attributes() in /srv/www/kyanidev.health/public_html/wp-content/themes/Total/header.php:54
Stack trace:
#0 /srv/www/kyanidev.health/public_html/wp-includes/template.php(770): require_once()
#1 /srv/www/kyanidev.health/public_html/wp-includes/template.php(716): load_template()
#2 /srv/www/kyanidev.health/public_html/wp-includes/general-template.php(48): locate_template()
#3 /srv/www/kyanidev.health/public_html/wp-content/themes/Total/404.php(12): get_header()
#4 /srv/www/kyanidev.health/public_html/wp-includes/template-loader.php(106): include('/srv/www/kyanid...')
#5 /srv/www/kyanidev.health/public_html/wp-blog-header.php(19): require_once('/srv/www/kyanid...')
#6 /srv/www/kyanidev.health/public_html/index.php(17): require('/srv/www/kyanid...')
#7 {main}
  thrown in /srv/www/kyanidev.health/public_html/wp-content/themes/Total/header.php on line 54

2022-02-15T18:30:27+00:00 CRITICAL Uncaught Error: Call to undefined function understrap_body_attributes() in /srv/www/kyanidev.health/public_html/wp-content/themes/Total/header.php:54
Stack trace:
#0 /srv/www/kyanidev.health/public_html/wp-includes/template.php(770): require_once()
#1 /srv/www/kyanidev.health/public_html/wp-includes/template.php(716): load_template()
#2 /srv/www/kyanidev.health/public_html/wp-includes/general-template.php(48): locate_template()
#3 /srv/www/kyanidev.health/public_html/wp-content/themes/Total/404.php(12): get_header()
#4 /srv/www/kyanidev.health/public_html/wp-includes/template-loader.php(106): include('/srv/www/kyanid...')
#5 /srv/www/kyanidev.health/public_html/wp-blog-header.php(19): require_once('/srv/www/kyanid...')
#6 /srv/www/kyanidev.health/public_html/index.php(17): require('/srv/www/kyanid...')
#7 {main}
  thrown in /srv/www/kyanidev.health/public_html/wp-content/themes/Total/header.php on line 54

2022-02-15T18:30:30+00:00 CRITICAL Uncaught Error: Call to undefined function understrap_body_attributes() in /srv/www/kyanidev.health/public_html/wp-content/themes/Total/header.php:54
Stack trace:
#0 /srv/www/kyanidev.health/public_html/wp-includes/template.php(770): require_once()
#1 /srv/www/kyanidev.health/public_html/wp-includes/template.php(716): load_template()
#2 /srv/www/kyanidev.health/public_html/wp-includes/general-template.php(48): locate_template()
#3 /srv/www/kyanidev.health/public_html/wp-content/themes/Total/404.php(12): get_header()
#4 /srv/www/kyanidev.health/public_html/wp-includes/template-loader.php(106): include('/srv/www/kyanid...')
#5 /srv/www/kyanidev.health/public_html/wp-blog-header.php(19): require_once('/srv/www/kyanid...')
#6 /srv/www/kyanidev.health/public_html/index.php(17): require('/srv/www/kyanid...')
#7 {main}
  thrown in /srv/www/kyanidev.health/public_html/wp-content/themes/Total/header.php on line 54

2022-02-15T18:30:43+00:00 CRITICAL Uncaught Error: Call to undefined function understrap_body_attributes() in /srv/www/kyanidev.health/public_html/wp-content/themes/Total/header.php:54
Stack trace:
#0 /srv/www/kyanidev.health/public_html/wp-includes/template.php(770): require_once()
#1 /srv/www/kyanidev.health/public_html/wp-includes/template.php(716): load_template()
#2 /srv/www/kyanidev.health/public_html/wp-includes/general-template.php(48): locate_template()
#3 /srv/www/kyanidev.health/public_html/wp-content/themes/Total/404.php(12): get_header()
#4 /srv/www/kyanidev.health/public_html/wp-includes/template-loader.php(106): include('/srv/www/kyanid...')
#5 /srv/www/kyanidev.health/public_html/wp-blog-header.php(19): require_once('/srv/www/kyanid...')
#6 /srv/www/kyanidev.health/public_html/index.php(17): require('/srv/www/kyanid...')
#7 {main}
  thrown in /srv/www/kyanidev.health/public_html/wp-content/themes/Total/header.php on line 54

2022-02-15T18:30:43+00:00 CRITICAL Uncaught Error: Call to undefined function understrap_body_attributes() in /srv/www/kyanidev.health/public_html/wp-content/themes/Total/header.php:54
Stack trace:
#0 /srv/www/kyanidev.health/public_html/wp-includes/template.php(770): require_once()
#1 /srv/www/kyanidev.health/public_html/wp-includes/template.php(716): load_template()
#2 /srv/www/kyanidev.health/public_html/wp-includes/general-template.php(48): locate_template()
#3 /srv/www/kyanidev.health/public_html/wp-content/themes/Total/404.php(12): get_header()
#4 /srv/www/kyanidev.health/public_html/wp-includes/template-loader.php(106): include('/srv/www/kyanid...')
#5 /srv/www/kyanidev.health/public_html/wp-blog-header.php(19): require_once('/srv/www/kyanid...')
#6 /srv/www/kyanidev.health/public_html/index.php(17): require('/srv/www/kyanid...')
#7 {main}
  thrown in /srv/www/kyanidev.health/public_html/wp-content/themes/Total/header.php on line 54

2022-02-15T18:30:43+00:00 CRITICAL Uncaught Error: Call to undefined function understrap_body_attributes() in /srv/www/kyanidev.health/public_html/wp-content/themes/Total/header.php:54
Stack trace:
#0 /srv/www/kyanidev.health/public_html/wp-includes/template.php(770): require_once()
#1 /srv/www/kyanidev.health/public_html/wp-includes/template.php(716): load_template()
#2 /srv/www/kyanidev.health/public_html/wp-includes/general-template.php(48): locate_template()
#3 /srv/www/kyanidev.health/public_html/wp-content/themes/Total/404.php(12): get_header()
#4 /srv/www/kyanidev.health/public_html/wp-includes/template-loader.php(106): include('/srv/www/kyanid...')
#5 /srv/www/kyanidev.health/public_html/wp-blog-header.php(19): require_once('/srv/www/kyanid...')
#6 /srv/www/kyanidev.health/public_html/index.php(17): require('/srv/www/kyanid...')
#7 {main}
  thrown in /srv/www/kyanidev.health/public_html/wp-content/themes/Total/header.php on line 54

2022-02-15T18:30:43+00:00 CRITICAL Uncaught Error: Call to undefined function understrap_body_attributes() in /srv/www/kyanidev.health/public_html/wp-content/themes/Total/header.php:54
Stack trace:
#0 /srv/www/kyanidev.health/public_html/wp-includes/template.php(770): require_once()
#1 /srv/www/kyanidev.health/public_html/wp-includes/template.php(716): load_template()
#2 /srv/www/kyanidev.health/public_html/wp-includes/general-template.php(48): locate_template()
#3 /srv/www/kyanidev.health/public_html/wp-content/themes/Total/404.php(12): get_header()
#4 /srv/www/kyanidev.health/public_html/wp-includes/template-loader.php(106): include('/srv/www/kyanid...')
#5 /srv/www/kyanidev.health/public_html/wp-blog-header.php(19): require_once('/srv/www/kyanid...')
#6 /srv/www/kyanidev.health/public_html/index.php(17): require('/srv/www/kyanid...')
#7 {main}
  thrown in /srv/www/kyanidev.health/public_html/wp-content/themes/Total/header.php on line 54

2022-02-15T18:30:46+00:00 CRITICAL Uncaught Error: Call to undefined function understrap_body_attributes() in /srv/www/kyanidev.health/public_html/wp-content/themes/Total/header.php:54
Stack trace:
#0 /srv/www/kyanidev.health/public_html/wp-includes/template.php(770): require_once()
#1 /srv/www/kyanidev.health/public_html/wp-includes/template.php(716): load_template()
#2 /srv/www/kyanidev.health/public_html/wp-includes/general-template.php(48): locate_template()
#3 /srv/www/kyanidev.health/public_html/wp-content/themes/Total/404.php(12): get_header()
#4 /srv/www/kyanidev.health/public_html/wp-includes/template-loader.php(106): include('/srv/www/kyanid...')
#5 /srv/www/kyanidev.health/public_html/wp-blog-header.php(19): require_once('/srv/www/kyanid...')
#6 /srv/www/kyanidev.health/public_html/index.php(17): require('/srv/www/kyanid...')
#7 {main}
  thrown in /srv/www/kyanidev.health/public_html/wp-content/themes/Total/header.php on line 54

2022-02-15T18:30:48+00:00 CRITICAL Uncaught Error: Call to undefined function understrap_body_attributes() in /srv/www/kyanidev.health/public_html/wp-content/themes/Total/header.php:54
Stack trace:
#0 /srv/www/kyanidev.health/public_html/wp-includes/template.php(770): require_once()
#1 /srv/www/kyanidev.health/public_html/wp-includes/template.php(716): load_template()
#2 /srv/www/kyanidev.health/public_html/wp-includes/general-template.php(48): locate_template()
#3 /srv/www/kyanidev.health/public_html/wp-content/themes/Total/404.php(12): get_header()
#4 /srv/www/kyanidev.health/public_html/wp-includes/template-loader.php(106): include('/srv/www/kyanid...')
#5 /srv/www/kyanidev.health/public_html/wp-blog-header.php(19): require_once('/srv/www/kyanid...')
#6 /srv/www/kyanidev.health/public_html/index.php(17): require('/srv/www/kyanid...')
#7 {main}
  thrown in /srv/www/kyanidev.health/public_html/wp-content/themes/Total/header.php on line 54

2022-02-15T18:30:48+00:00 CRITICAL Uncaught Error: Call to undefined function understrap_body_attributes() in /srv/www/kyanidev.health/public_html/wp-content/themes/Total/header.php:54
Stack trace:
#0 /srv/www/kyanidev.health/public_html/wp-includes/template.php(770): require_once()
#1 /srv/www/kyanidev.health/public_html/wp-includes/template.php(716): load_template()
#2 /srv/www/kyanidev.health/public_html/wp-includes/general-template.php(48): locate_template()
#3 /srv/www/kyanidev.health/public_html/wp-content/themes/Total/404.php(12): get_header()
#4 /srv/www/kyanidev.health/public_html/wp-includes/template-loader.php(106): include('/srv/www/kyanid...')
#5 /srv/www/kyanidev.health/public_html/wp-blog-header.php(19): require_once('/srv/www/kyanid...')
#6 /srv/www/kyanidev.health/public_html/index.php(17): require('/srv/www/kyanid...')
#7 {main}
  thrown in /srv/www/kyanidev.health/public_html/wp-content/themes/Total/header.php on line 54

2022-02-15T18:30:48+00:00 CRITICAL Uncaught Error: Call to undefined function understrap_body_attributes() in /srv/www/kyanidev.health/public_html/wp-content/themes/Total/header.php:54
Stack trace:
#0 /srv/www/kyanidev.health/public_html/wp-includes/template.php(770): require_once()
#1 /srv/www/kyanidev.health/public_html/wp-includes/template.php(716): load_template()
#2 /srv/www/kyanidev.health/public_html/wp-includes/general-template.php(48): locate_template()
#3 /srv/www/kyanidev.health/public_html/wp-content/themes/Total/404.php(12): get_header()
#4 /srv/www/kyanidev.health/public_html/wp-includes/template-loader.php(106): include('/srv/www/kyanid...')
#5 /srv/www/kyanidev.health/public_html/wp-blog-header.php(19): require_once('/srv/www/kyanid...')
#6 /srv/www/kyanidev.health/public_html/index.php(17): require('/srv/www/kyanid...')
#7 {main}
  thrown in /srv/www/kyanidev.health/public_html/wp-content/themes/Total/header.php on line 54

2022-02-15T18:30:51+00:00 CRITICAL Uncaught Error: Call to undefined function understrap_body_attributes() in /srv/www/kyanidev.health/public_html/wp-content/themes/Total/header.php:54
Stack trace:
#0 /srv/www/kyanidev.health/public_html/wp-includes/template.php(770): require_once()
#1 /srv/www/kyanidev.health/public_html/wp-includes/template.php(716): load_template()
#2 /srv/www/kyanidev.health/public_html/wp-includes/general-template.php(48): locate_template()
#3 /srv/www/kyanidev.health/public_html/wp-content/themes/Total/404.php(12): get_header()
#4 /srv/www/kyanidev.health/public_html/wp-includes/template-loader.php(106): include('/srv/www/kyanid...')
#5 /srv/www/kyanidev.health/public_html/wp-blog-header.php(19): require_once('/srv/www/kyanid...')
#6 /srv/www/kyanidev.health/public_html/index.php(17): require('/srv/www/kyanid...')
#7 {main}
  thrown in /srv/www/kyanidev.health/public_html/wp-content/themes/Total/header.php on line 54

2022-02-15T18:30:51+00:00 CRITICAL Uncaught Error: Call to undefined function understrap_body_attributes() in /srv/www/kyanidev.health/public_html/wp-content/themes/Total/header.php:54
Stack trace:
#0 /srv/www/kyanidev.health/public_html/wp-includes/template.php(770): require_once()
#1 /srv/www/kyanidev.health/public_html/wp-includes/template.php(716): load_template()
#2 /srv/www/kyanidev.health/public_html/wp-includes/general-template.php(48): locate_template()
#3 /srv/www/kyanidev.health/public_html/wp-content/themes/Total/404.php(12): get_header()
#4 /srv/www/kyanidev.health/public_html/wp-includes/template-loader.php(106): include('/srv/www/kyanid...')
#5 /srv/www/kyanidev.health/public_html/wp-blog-header.php(19): require_once('/srv/www/kyanid...')
#6 /srv/www/kyanidev.health/public_html/index.php(17): require('/srv/www/kyanid...')
#7 {main}
  thrown in /srv/www/kyanidev.health/public_html/wp-content/themes/Total/header.php on line 54

