2022-03-04T17:14:12+00:00 CRITICAL Uncaught Error: Call to a member function get_all_products_link() on null in /srv/www/kyanidev.health/public_html/wp-content/themes/understrap/footer.php:78
Stack trace:
#0 /srv/www/kyanidev.health/public_html/wp-includes/template.php(770): require_once()
#1 /srv/www/kyanidev.health/public_html/wp-includes/template.php(716): load_template()
#2 /srv/www/kyanidev.health/public_html/wp-includes/general-template.php(92): locate_template()
#3 /srv/www/kyanidev.health/public_html/wp-content/themes/understrap/page.php(59): get_footer()
#4 /srv/www/kyanidev.health/public_html/wp-includes/template-loader.php(106): include('/srv/www/kyanid...')
#5 /srv/www/kyanidev.health/public_html/wp-blog-header.php(19): require_once('/srv/www/kyanid...')
#6 /srv/www/kyanidev.health/public_html/index.php(17): require('/srv/www/kyanid...')
#7 {main}
  thrown in /srv/www/kyanidev.health/public_html/wp-content/themes/understrap/footer.php on line 78

2022-03-04T17:14:14+00:00 CRITICAL Uncaught Error: Call to a member function get_all_products_link() on null in /srv/www/kyanidev.health/public_html/wp-content/themes/understrap/footer.php:78
Stack trace:
#0 /srv/www/kyanidev.health/public_html/wp-includes/template.php(770): require_once()
#1 /srv/www/kyanidev.health/public_html/wp-includes/template.php(716): load_template()
#2 /srv/www/kyanidev.health/public_html/wp-includes/general-template.php(92): locate_template()
#3 /srv/www/kyanidev.health/public_html/wp-content/themes/understrap/page.php(59): get_footer()
#4 /srv/www/kyanidev.health/public_html/wp-includes/template-loader.php(106): include('/srv/www/kyanid...')
#5 /srv/www/kyanidev.health/public_html/wp-blog-header.php(19): require_once('/srv/www/kyanid...')
#6 /srv/www/kyanidev.health/public_html/index.php(17): require('/srv/www/kyanid...')
#7 {main}
  thrown in /srv/www/kyanidev.health/public_html/wp-content/themes/understrap/footer.php on line 78

2022-03-04T17:15:14+00:00 CRITICAL Uncaught Error: Call to a member function get_all_products_link() on null in /srv/www/kyanidev.health/public_html/wp-content/themes/understrap/footer.php:78
Stack trace:
#0 /srv/www/kyanidev.health/public_html/wp-includes/template.php(770): require_once()
#1 /srv/www/kyanidev.health/public_html/wp-includes/template.php(716): load_template()
#2 /srv/www/kyanidev.health/public_html/wp-includes/general-template.php(92): locate_template()
#3 /srv/www/kyanidev.health/public_html/wp-content/themes/understrap/page.php(59): get_footer()
#4 /srv/www/kyanidev.health/public_html/wp-includes/template-loader.php(106): include('/srv/www/kyanid...')
#5 /srv/www/kyanidev.health/public_html/wp-blog-header.php(19): require_once('/srv/www/kyanid...')
#6 /srv/www/kyanidev.health/public_html/index.php(17): require('/srv/www/kyanid...')
#7 {main}
  thrown in /srv/www/kyanidev.health/public_html/wp-content/themes/understrap/footer.php on line 78

2022-03-04T17:16:23+00:00 CRITICAL Uncaught Error: Call to a member function get_all_products_link() on null in /srv/www/kyanidev.health/public_html/wp-content/themes/understrap/footer.php:78
Stack trace:
#0 /srv/www/kyanidev.health/public_html/wp-includes/template.php(770): require_once()
#1 /srv/www/kyanidev.health/public_html/wp-includes/template.php(716): load_template()
#2 /srv/www/kyanidev.health/public_html/wp-includes/general-template.php(92): locate_template()
#3 /srv/www/kyanidev.health/public_html/wp-content/themes/understrap/page.php(59): get_footer()
#4 /srv/www/kyanidev.health/public_html/wp-includes/template-loader.php(106): include('/srv/www/kyanid...')
#5 /srv/www/kyanidev.health/public_html/wp-blog-header.php(19): require_once('/srv/www/kyanid...')
#6 /srv/www/kyanidev.health/public_html/index.php(17): require('/srv/www/kyanid...')
#7 {main}
  thrown in /srv/www/kyanidev.health/public_html/wp-content/themes/understrap/footer.php on line 78

2022-03-04T17:16:42+00:00 CRITICAL Uncaught Error: Call to a member function get_all_products_link() on null in /srv/www/kyanidev.health/public_html/wp-content/themes/understrap/footer.php:78
Stack trace:
#0 /srv/www/kyanidev.health/public_html/wp-includes/template.php(770): require_once()
#1 /srv/www/kyanidev.health/public_html/wp-includes/template.php(716): load_template()
#2 /srv/www/kyanidev.health/public_html/wp-includes/general-template.php(92): locate_template()
#3 /srv/www/kyanidev.health/public_html/wp-content/themes/understrap/page.php(59): get_footer()
#4 /srv/www/kyanidev.health/public_html/wp-includes/template-loader.php(106): include('/srv/www/kyanid...')
#5 /srv/www/kyanidev.health/public_html/wp-blog-header.php(19): require_once('/srv/www/kyanid...')
#6 /srv/www/kyanidev.health/public_html/index.php(17): require('/srv/www/kyanid...')
#7 {main}
  thrown in /srv/www/kyanidev.health/public_html/wp-content/themes/understrap/footer.php on line 78

2022-03-04T17:16:47+00:00 CRITICAL Uncaught Error: Call to a member function get_all_products_link() on null in /srv/www/kyanidev.health/public_html/wp-content/themes/understrap/footer.php:78
Stack trace:
#0 /srv/www/kyanidev.health/public_html/wp-includes/template.php(770): require_once()
#1 /srv/www/kyanidev.health/public_html/wp-includes/template.php(716): load_template()
#2 /srv/www/kyanidev.health/public_html/wp-includes/general-template.php(92): locate_template()
#3 /srv/www/kyanidev.health/public_html/wp-content/themes/understrap/page.php(59): get_footer()
#4 /srv/www/kyanidev.health/public_html/wp-includes/template-loader.php(106): include('/srv/www/kyanid...')
#5 /srv/www/kyanidev.health/public_html/wp-blog-header.php(19): require_once('/srv/www/kyanid...')
#6 /srv/www/kyanidev.health/public_html/index.php(17): require('/srv/www/kyanid...')
#7 {main}
  thrown in /srv/www/kyanidev.health/public_html/wp-content/themes/understrap/footer.php on line 78

2022-03-04T17:17:07+00:00 CRITICAL Uncaught Error: Call to a member function get_all_products_link() on null in /srv/www/kyanidev.health/public_html/wp-content/themes/understrap/footer.php:78
Stack trace:
#0 /srv/www/kyanidev.health/public_html/wp-includes/template.php(770): require_once()
#1 /srv/www/kyanidev.health/public_html/wp-includes/template.php(716): load_template()
#2 /srv/www/kyanidev.health/public_html/wp-includes/general-template.php(92): locate_template()
#3 /srv/www/kyanidev.health/public_html/wp-content/themes/understrap/page.php(59): get_footer()
#4 /srv/www/kyanidev.health/public_html/wp-includes/template-loader.php(106): include('/srv/www/kyanid...')
#5 /srv/www/kyanidev.health/public_html/wp-blog-header.php(19): require_once('/srv/www/kyanid...')
#6 /srv/www/kyanidev.health/public_html/index.php(17): require('/srv/www/kyanid...')
#7 {main}
  thrown in /srv/www/kyanidev.health/public_html/wp-content/themes/understrap/footer.php on line 78

2022-03-04T17:18:02+00:00 CRITICAL Uncaught Error: Call to a member function get_all_products_link() on null in /srv/www/kyanidev.health/public_html/wp-content/themes/understrap/footer.php:78
Stack trace:
#0 /srv/www/kyanidev.health/public_html/wp-includes/template.php(770): require_once()
#1 /srv/www/kyanidev.health/public_html/wp-includes/template.php(716): load_template()
#2 /srv/www/kyanidev.health/public_html/wp-includes/general-template.php(92): locate_template()
#3 /srv/www/kyanidev.health/public_html/wp-content/themes/understrap/page.php(59): get_footer()
#4 /srv/www/kyanidev.health/public_html/wp-includes/template-loader.php(106): include('/srv/www/kyanid...')
#5 /srv/www/kyanidev.health/public_html/wp-blog-header.php(19): require_once('/srv/www/kyanid...')
#6 /srv/www/kyanidev.health/public_html/index.php(17): require('/srv/www/kyanid...')
#7 {main}
  thrown in /srv/www/kyanidev.health/public_html/wp-content/themes/understrap/footer.php on line 78

2022-03-04T17:18:02+00:00 CRITICAL Uncaught Error: Call to a member function get_all_products_link() on null in /srv/www/kyanidev.health/public_html/wp-content/themes/understrap/footer.php:78
Stack trace:
#0 /srv/www/kyanidev.health/public_html/wp-includes/template.php(770): require_once()
#1 /srv/www/kyanidev.health/public_html/wp-includes/template.php(716): load_template()
#2 /srv/www/kyanidev.health/public_html/wp-includes/general-template.php(92): locate_template()
#3 /srv/www/kyanidev.health/public_html/wp-content/themes/understrap/page.php(59): get_footer()
#4 /srv/www/kyanidev.health/public_html/wp-includes/template-loader.php(106): include('/srv/www/kyanid...')
#5 /srv/www/kyanidev.health/public_html/wp-blog-header.php(19): require_once('/srv/www/kyanid...')
#6 /srv/www/kyanidev.health/public_html/index.php(17): require('/srv/www/kyanid...')
#7 {main}
  thrown in /srv/www/kyanidev.health/public_html/wp-content/themes/understrap/footer.php on line 78

2022-03-04T17:18:03+00:00 CRITICAL Uncaught Error: Call to a member function get_all_products_link() on null in /srv/www/kyanidev.health/public_html/wp-content/themes/understrap/footer.php:78
Stack trace:
#0 /srv/www/kyanidev.health/public_html/wp-includes/template.php(770): require_once()
#1 /srv/www/kyanidev.health/public_html/wp-includes/template.php(716): load_template()
#2 /srv/www/kyanidev.health/public_html/wp-includes/general-template.php(92): locate_template()
#3 /srv/www/kyanidev.health/public_html/wp-content/themes/understrap/page.php(59): get_footer()
#4 /srv/www/kyanidev.health/public_html/wp-includes/template-loader.php(106): include('/srv/www/kyanid...')
#5 /srv/www/kyanidev.health/public_html/wp-blog-header.php(19): require_once('/srv/www/kyanid...')
#6 /srv/www/kyanidev.health/public_html/index.php(17): require('/srv/www/kyanid...')
#7 {main}
  thrown in /srv/www/kyanidev.health/public_html/wp-content/themes/understrap/footer.php on line 78

2022-03-04T17:18:03+00:00 CRITICAL Uncaught Error: Call to a member function get_all_products_link() on null in /srv/www/kyanidev.health/public_html/wp-content/themes/understrap/footer.php:78
Stack trace:
#0 /srv/www/kyanidev.health/public_html/wp-includes/template.php(770): require_once()
#1 /srv/www/kyanidev.health/public_html/wp-includes/template.php(716): load_template()
#2 /srv/www/kyanidev.health/public_html/wp-includes/general-template.php(92): locate_template()
#3 /srv/www/kyanidev.health/public_html/wp-content/themes/understrap/page.php(59): get_footer()
#4 /srv/www/kyanidev.health/public_html/wp-includes/template-loader.php(106): include('/srv/www/kyanid...')
#5 /srv/www/kyanidev.health/public_html/wp-blog-header.php(19): require_once('/srv/www/kyanid...')
#6 /srv/www/kyanidev.health/public_html/index.php(17): require('/srv/www/kyanid...')
#7 {main}
  thrown in /srv/www/kyanidev.health/public_html/wp-content/themes/understrap/footer.php on line 78

2022-03-04T17:18:37+00:00 CRITICAL Uncaught Error: Call to a member function get_all_products_link() on null in /srv/www/kyanidev.health/public_html/wp-content/themes/understrap/footer.php:78
Stack trace:
#0 /srv/www/kyanidev.health/public_html/wp-includes/template.php(770): require_once()
#1 /srv/www/kyanidev.health/public_html/wp-includes/template.php(716): load_template()
#2 /srv/www/kyanidev.health/public_html/wp-includes/general-template.php(92): locate_template()
#3 /srv/www/kyanidev.health/public_html/wp-content/themes/understrap/page.php(59): get_footer()
#4 /srv/www/kyanidev.health/public_html/wp-includes/template-loader.php(106): include('/srv/www/kyanid...')
#5 /srv/www/kyanidev.health/public_html/wp-blog-header.php(19): require_once('/srv/www/kyanid...')
#6 /srv/www/kyanidev.health/public_html/index.php(17): require('/srv/www/kyanid...')
#7 {main}
  thrown in /srv/www/kyanidev.health/public_html/wp-content/themes/understrap/footer.php on line 78

2022-03-04T17:18:40+00:00 CRITICAL Uncaught Error: Call to a member function get_all_products_link() on null in /srv/www/kyanidev.health/public_html/wp-content/themes/understrap/footer.php:78
Stack trace:
#0 /srv/www/kyanidev.health/public_html/wp-includes/template.php(770): require_once()
#1 /srv/www/kyanidev.health/public_html/wp-includes/template.php(716): load_template()
#2 /srv/www/kyanidev.health/public_html/wp-includes/general-template.php(92): locate_template()
#3 /srv/www/kyanidev.health/public_html/wp-content/themes/understrap/page.php(59): get_footer()
#4 /srv/www/kyanidev.health/public_html/wp-includes/template-loader.php(106): include('/srv/www/kyanid...')
#5 /srv/www/kyanidev.health/public_html/wp-blog-header.php(19): require_once('/srv/www/kyanid...')
#6 /srv/www/kyanidev.health/public_html/index.php(17): require('/srv/www/kyanid...')
#7 {main}
  thrown in /srv/www/kyanidev.health/public_html/wp-content/themes/understrap/footer.php on line 78

2022-03-04T17:18:41+00:00 CRITICAL Uncaught Error: Call to a member function get_all_products_link() on null in /srv/www/kyanidev.health/public_html/wp-content/themes/understrap/footer.php:78
Stack trace:
#0 /srv/www/kyanidev.health/public_html/wp-includes/template.php(770): require_once()
#1 /srv/www/kyanidev.health/public_html/wp-includes/template.php(716): load_template()
#2 /srv/www/kyanidev.health/public_html/wp-includes/general-template.php(92): locate_template()
#3 /srv/www/kyanidev.health/public_html/wp-content/themes/understrap/page.php(59): get_footer()
#4 /srv/www/kyanidev.health/public_html/wp-includes/template-loader.php(106): include('/srv/www/kyanid...')
#5 /srv/www/kyanidev.health/public_html/wp-blog-header.php(19): require_once('/srv/www/kyanid...')
#6 /srv/www/kyanidev.health/public_html/index.php(17): require('/srv/www/kyanid...')
#7 {main}
  thrown in /srv/www/kyanidev.health/public_html/wp-content/themes/understrap/footer.php on line 78

2022-03-04T17:18:41+00:00 CRITICAL Uncaught Error: Call to a member function get_all_products_link() on null in /srv/www/kyanidev.health/public_html/wp-content/themes/understrap/footer.php:78
Stack trace:
#0 /srv/www/kyanidev.health/public_html/wp-includes/template.php(770): require_once()
#1 /srv/www/kyanidev.health/public_html/wp-includes/template.php(716): load_template()
#2 /srv/www/kyanidev.health/public_html/wp-includes/general-template.php(92): locate_template()
#3 /srv/www/kyanidev.health/public_html/wp-content/themes/understrap/page.php(59): get_footer()
#4 /srv/www/kyanidev.health/public_html/wp-includes/template-loader.php(106): include('/srv/www/kyanid...')
#5 /srv/www/kyanidev.health/public_html/wp-blog-header.php(19): require_once('/srv/www/kyanid...')
#6 /srv/www/kyanidev.health/public_html/index.php(17): require('/srv/www/kyanid...')
#7 {main}
  thrown in /srv/www/kyanidev.health/public_html/wp-content/themes/understrap/footer.php on line 78

2022-03-04T17:18:41+00:00 CRITICAL Uncaught Error: Call to a member function get_all_products_link() on null in /srv/www/kyanidev.health/public_html/wp-content/themes/understrap/footer.php:78
Stack trace:
#0 /srv/www/kyanidev.health/public_html/wp-includes/template.php(770): require_once()
#1 /srv/www/kyanidev.health/public_html/wp-includes/template.php(716): load_template()
#2 /srv/www/kyanidev.health/public_html/wp-includes/general-template.php(92): locate_template()
#3 /srv/www/kyanidev.health/public_html/wp-content/themes/understrap/page.php(59): get_footer()
#4 /srv/www/kyanidev.health/public_html/wp-includes/template-loader.php(106): include('/srv/www/kyanid...')
#5 /srv/www/kyanidev.health/public_html/wp-blog-header.php(19): require_once('/srv/www/kyanid...')
#6 /srv/www/kyanidev.health/public_html/index.php(17): require('/srv/www/kyanid...')
#7 {main}
  thrown in /srv/www/kyanidev.health/public_html/wp-content/themes/understrap/footer.php on line 78

2022-03-04T17:18:44+00:00 CRITICAL Uncaught Error: Call to a member function get_all_products_link() on null in /srv/www/kyanidev.health/public_html/wp-content/themes/understrap/footer.php:78
Stack trace:
#0 /srv/www/kyanidev.health/public_html/wp-includes/template.php(770): require_once()
#1 /srv/www/kyanidev.health/public_html/wp-includes/template.php(716): load_template()
#2 /srv/www/kyanidev.health/public_html/wp-includes/general-template.php(92): locate_template()
#3 /srv/www/kyanidev.health/public_html/wp-content/themes/understrap/page.php(59): get_footer()
#4 /srv/www/kyanidev.health/public_html/wp-includes/template-loader.php(106): include('/srv/www/kyanid...')
#5 /srv/www/kyanidev.health/public_html/wp-blog-header.php(19): require_once('/srv/www/kyanid...')
#6 /srv/www/kyanidev.health/public_html/index.php(17): require('/srv/www/kyanid...')
#7 {main}
  thrown in /srv/www/kyanidev.health/public_html/wp-content/themes/understrap/footer.php on line 78

2022-03-04T17:18:47+00:00 CRITICAL Uncaught Error: Call to a member function get_all_products_link() on null in /srv/www/kyanidev.health/public_html/wp-content/themes/understrap/footer.php:78
Stack trace:
#0 /srv/www/kyanidev.health/public_html/wp-includes/template.php(770): require_once()
#1 /srv/www/kyanidev.health/public_html/wp-includes/template.php(716): load_template()
#2 /srv/www/kyanidev.health/public_html/wp-includes/general-template.php(92): locate_template()
#3 /srv/www/kyanidev.health/public_html/wp-content/themes/understrap/page.php(59): get_footer()
#4 /srv/www/kyanidev.health/public_html/wp-includes/template-loader.php(106): include('/srv/www/kyanid...')
#5 /srv/www/kyanidev.health/public_html/wp-blog-header.php(19): require_once('/srv/www/kyanid...')
#6 /srv/www/kyanidev.health/public_html/index.php(17): require('/srv/www/kyanid...')
#7 {main}
  thrown in /srv/www/kyanidev.health/public_html/wp-content/themes/understrap/footer.php on line 78

2022-03-04T17:18:47+00:00 CRITICAL Uncaught Error: Call to a member function get_all_products_link() on null in /srv/www/kyanidev.health/public_html/wp-content/themes/understrap/footer.php:78
Stack trace:
#0 /srv/www/kyanidev.health/public_html/wp-includes/template.php(770): require_once()
#1 /srv/www/kyanidev.health/public_html/wp-includes/template.php(716): load_template()
#2 /srv/www/kyanidev.health/public_html/wp-includes/general-template.php(92): locate_template()
#3 /srv/www/kyanidev.health/public_html/wp-content/themes/understrap/page.php(59): get_footer()
#4 /srv/www/kyanidev.health/public_html/wp-includes/template-loader.php(106): include('/srv/www/kyanid...')
#5 /srv/www/kyanidev.health/public_html/wp-blog-header.php(19): require_once('/srv/www/kyanid...')
#6 /srv/www/kyanidev.health/public_html/index.php(17): require('/srv/www/kyanid...')
#7 {main}
  thrown in /srv/www/kyanidev.health/public_html/wp-content/themes/understrap/footer.php on line 78

2022-03-04T17:18:47+00:00 CRITICAL Uncaught Error: Call to a member function get_all_products_link() on null in /srv/www/kyanidev.health/public_html/wp-content/themes/understrap/footer.php:78
Stack trace:
#0 /srv/www/kyanidev.health/public_html/wp-includes/template.php(770): require_once()
#1 /srv/www/kyanidev.health/public_html/wp-includes/template.php(716): load_template()
#2 /srv/www/kyanidev.health/public_html/wp-includes/general-template.php(92): locate_template()
#3 /srv/www/kyanidev.health/public_html/wp-content/themes/understrap/page.php(59): get_footer()
#4 /srv/www/kyanidev.health/public_html/wp-includes/template-loader.php(106): include('/srv/www/kyanid...')
#5 /srv/www/kyanidev.health/public_html/wp-blog-header.php(19): require_once('/srv/www/kyanid...')
#6 /srv/www/kyanidev.health/public_html/index.php(17): require('/srv/www/kyanid...')
#7 {main}
  thrown in /srv/www/kyanidev.health/public_html/wp-content/themes/understrap/footer.php on line 78

2022-03-04T17:18:48+00:00 CRITICAL Uncaught Error: Call to a member function get_all_products_link() on null in /srv/www/kyanidev.health/public_html/wp-content/themes/understrap/footer.php:78
Stack trace:
#0 /srv/www/kyanidev.health/public_html/wp-includes/template.php(770): require_once()
#1 /srv/www/kyanidev.health/public_html/wp-includes/template.php(716): load_template()
#2 /srv/www/kyanidev.health/public_html/wp-includes/general-template.php(92): locate_template()
#3 /srv/www/kyanidev.health/public_html/wp-content/themes/understrap/page.php(59): get_footer()
#4 /srv/www/kyanidev.health/public_html/wp-includes/template-loader.php(106): include('/srv/www/kyanid...')
#5 /srv/www/kyanidev.health/public_html/wp-blog-header.php(19): require_once('/srv/www/kyanid...')
#6 /srv/www/kyanidev.health/public_html/index.php(17): require('/srv/www/kyanid...')
#7 {main}
  thrown in /srv/www/kyanidev.health/public_html/wp-content/themes/understrap/footer.php on line 78

2022-03-04T17:19:27+00:00 CRITICAL Uncaught Error: Call to a member function get_all_products_link() on null in /srv/www/kyanidev.health/public_html/wp-content/themes/understrap/footer.php:78
Stack trace:
#0 /srv/www/kyanidev.health/public_html/wp-includes/template.php(770): require_once()
#1 /srv/www/kyanidev.health/public_html/wp-includes/template.php(716): load_template()
#2 /srv/www/kyanidev.health/public_html/wp-includes/general-template.php(92): locate_template()
#3 /srv/www/kyanidev.health/public_html/wp-content/themes/understrap/page.php(59): get_footer()
#4 /srv/www/kyanidev.health/public_html/wp-includes/template-loader.php(106): include('/srv/www/kyanid...')
#5 /srv/www/kyanidev.health/public_html/wp-blog-header.php(19): require_once('/srv/www/kyanid...')
#6 /srv/www/kyanidev.health/public_html/index.php(17): require('/srv/www/kyanid...')
#7 {main}
  thrown in /srv/www/kyanidev.health/public_html/wp-content/themes/understrap/footer.php on line 78

2022-03-04T17:19:30+00:00 CRITICAL Uncaught Error: Call to a member function get_all_products_link() on null in /srv/www/kyanidev.health/public_html/wp-content/themes/understrap/footer.php:78
Stack trace:
#0 /srv/www/kyanidev.health/public_html/wp-includes/template.php(770): require_once()
#1 /srv/www/kyanidev.health/public_html/wp-includes/template.php(716): load_template()
#2 /srv/www/kyanidev.health/public_html/wp-includes/general-template.php(92): locate_template()
#3 /srv/www/kyanidev.health/public_html/wp-content/themes/understrap/page.php(59): get_footer()
#4 /srv/www/kyanidev.health/public_html/wp-includes/template-loader.php(106): include('/srv/www/kyanid...')
#5 /srv/www/kyanidev.health/public_html/wp-blog-header.php(19): require_once('/srv/www/kyanid...')
#6 /srv/www/kyanidev.health/public_html/index.php(17): require('/srv/www/kyanid...')
#7 {main}
  thrown in /srv/www/kyanidev.health/public_html/wp-content/themes/understrap/footer.php on line 78

2022-03-04T17:19:30+00:00 CRITICAL Uncaught Error: Call to a member function get_all_products_link() on null in /srv/www/kyanidev.health/public_html/wp-content/themes/understrap/footer.php:78
Stack trace:
#0 /srv/www/kyanidev.health/public_html/wp-includes/template.php(770): require_once()
#1 /srv/www/kyanidev.health/public_html/wp-includes/template.php(716): load_template()
#2 /srv/www/kyanidev.health/public_html/wp-includes/general-template.php(92): locate_template()
#3 /srv/www/kyanidev.health/public_html/wp-content/themes/understrap/page.php(59): get_footer()
#4 /srv/www/kyanidev.health/public_html/wp-includes/template-loader.php(106): include('/srv/www/kyanid...')
#5 /srv/www/kyanidev.health/public_html/wp-blog-header.php(19): require_once('/srv/www/kyanid...')
#6 /srv/www/kyanidev.health/public_html/index.php(17): require('/srv/www/kyanid...')
#7 {main}
  thrown in /srv/www/kyanidev.health/public_html/wp-content/themes/understrap/footer.php on line 78

2022-03-04T17:19:30+00:00 CRITICAL Uncaught Error: Call to a member function get_all_products_link() on null in /srv/www/kyanidev.health/public_html/wp-content/themes/understrap/footer.php:78
Stack trace:
#0 /srv/www/kyanidev.health/public_html/wp-includes/template.php(770): require_once()
#1 /srv/www/kyanidev.health/public_html/wp-includes/template.php(716): load_template()
#2 /srv/www/kyanidev.health/public_html/wp-includes/general-template.php(92): locate_template()
#3 /srv/www/kyanidev.health/public_html/wp-content/themes/understrap/page.php(59): get_footer()
#4 /srv/www/kyanidev.health/public_html/wp-includes/template-loader.php(106): include('/srv/www/kyanid...')
#5 /srv/www/kyanidev.health/public_html/wp-blog-header.php(19): require_once('/srv/www/kyanid...')
#6 /srv/www/kyanidev.health/public_html/index.php(17): require('/srv/www/kyanid...')
#7 {main}
  thrown in /srv/www/kyanidev.health/public_html/wp-content/themes/understrap/footer.php on line 78

2022-03-04T17:19:30+00:00 CRITICAL Uncaught Error: Call to a member function get_all_products_link() on null in /srv/www/kyanidev.health/public_html/wp-content/themes/understrap/footer.php:78
Stack trace:
#0 /srv/www/kyanidev.health/public_html/wp-includes/template.php(770): require_once()
#1 /srv/www/kyanidev.health/public_html/wp-includes/template.php(716): load_template()
#2 /srv/www/kyanidev.health/public_html/wp-includes/general-template.php(92): locate_template()
#3 /srv/www/kyanidev.health/public_html/wp-content/themes/understrap/page.php(59): get_footer()
#4 /srv/www/kyanidev.health/public_html/wp-includes/template-loader.php(106): include('/srv/www/kyanid...')
#5 /srv/www/kyanidev.health/public_html/wp-blog-header.php(19): require_once('/srv/www/kyanid...')
#6 /srv/www/kyanidev.health/public_html/index.php(17): require('/srv/www/kyanid...')
#7 {main}
  thrown in /srv/www/kyanidev.health/public_html/wp-content/themes/understrap/footer.php on line 78

2022-03-04T17:19:33+00:00 CRITICAL Uncaught Error: Call to a member function get_all_products_link() on null in /srv/www/kyanidev.health/public_html/wp-content/themes/understrap/footer.php:78
Stack trace:
#0 /srv/www/kyanidev.health/public_html/wp-includes/template.php(770): require_once()
#1 /srv/www/kyanidev.health/public_html/wp-includes/template.php(716): load_template()
#2 /srv/www/kyanidev.health/public_html/wp-includes/general-template.php(92): locate_template()
#3 /srv/www/kyanidev.health/public_html/wp-content/themes/understrap/page.php(59): get_footer()
#4 /srv/www/kyanidev.health/public_html/wp-includes/template-loader.php(106): include('/srv/www/kyanid...')
#5 /srv/www/kyanidev.health/public_html/wp-blog-header.php(19): require_once('/srv/www/kyanid...')
#6 /srv/www/kyanidev.health/public_html/index.php(17): require('/srv/www/kyanid...')
#7 {main}
  thrown in /srv/www/kyanidev.health/public_html/wp-content/themes/understrap/footer.php on line 78

2022-03-04T17:19:36+00:00 CRITICAL Uncaught Error: Call to a member function get_all_products_link() on null in /srv/www/kyanidev.health/public_html/wp-content/themes/understrap/footer.php:78
Stack trace:
#0 /srv/www/kyanidev.health/public_html/wp-includes/template.php(770): require_once()
#1 /srv/www/kyanidev.health/public_html/wp-includes/template.php(716): load_template()
#2 /srv/www/kyanidev.health/public_html/wp-includes/general-template.php(92): locate_template()
#3 /srv/www/kyanidev.health/public_html/wp-content/themes/understrap/page.php(59): get_footer()
#4 /srv/www/kyanidev.health/public_html/wp-includes/template-loader.php(106): include('/srv/www/kyanid...')
#5 /srv/www/kyanidev.health/public_html/wp-blog-header.php(19): require_once('/srv/www/kyanid...')
#6 /srv/www/kyanidev.health/public_html/index.php(17): require('/srv/www/kyanid...')
#7 {main}
  thrown in /srv/www/kyanidev.health/public_html/wp-content/themes/understrap/footer.php on line 78

2022-03-04T17:19:36+00:00 CRITICAL Uncaught Error: Call to a member function get_all_products_link() on null in /srv/www/kyanidev.health/public_html/wp-content/themes/understrap/footer.php:78
Stack trace:
#0 /srv/www/kyanidev.health/public_html/wp-includes/template.php(770): require_once()
#1 /srv/www/kyanidev.health/public_html/wp-includes/template.php(716): load_template()
#2 /srv/www/kyanidev.health/public_html/wp-includes/general-template.php(92): locate_template()
#3 /srv/www/kyanidev.health/public_html/wp-content/themes/understrap/page.php(59): get_footer()
#4 /srv/www/kyanidev.health/public_html/wp-includes/template-loader.php(106): include('/srv/www/kyanid...')
#5 /srv/www/kyanidev.health/public_html/wp-blog-header.php(19): require_once('/srv/www/kyanid...')
#6 /srv/www/kyanidev.health/public_html/index.php(17): require('/srv/www/kyanid...')
#7 {main}
  thrown in /srv/www/kyanidev.health/public_html/wp-content/themes/understrap/footer.php on line 78

2022-03-04T17:19:36+00:00 CRITICAL Uncaught Error: Call to a member function get_all_products_link() on null in /srv/www/kyanidev.health/public_html/wp-content/themes/understrap/footer.php:78
Stack trace:
#0 /srv/www/kyanidev.health/public_html/wp-includes/template.php(770): require_once()
#1 /srv/www/kyanidev.health/public_html/wp-includes/template.php(716): load_template()
#2 /srv/www/kyanidev.health/public_html/wp-includes/general-template.php(92): locate_template()
#3 /srv/www/kyanidev.health/public_html/wp-content/themes/understrap/page.php(59): get_footer()
#4 /srv/www/kyanidev.health/public_html/wp-includes/template-loader.php(106): include('/srv/www/kyanid...')
#5 /srv/www/kyanidev.health/public_html/wp-blog-header.php(19): require_once('/srv/www/kyanid...')
#6 /srv/www/kyanidev.health/public_html/index.php(17): require('/srv/www/kyanid...')
#7 {main}
  thrown in /srv/www/kyanidev.health/public_html/wp-content/themes/understrap/footer.php on line 78

2022-03-04T17:19:36+00:00 CRITICAL Uncaught Error: Call to a member function get_all_products_link() on null in /srv/www/kyanidev.health/public_html/wp-content/themes/understrap/footer.php:78
Stack trace:
#0 /srv/www/kyanidev.health/public_html/wp-includes/template.php(770): require_once()
#1 /srv/www/kyanidev.health/public_html/wp-includes/template.php(716): load_template()
#2 /srv/www/kyanidev.health/public_html/wp-includes/general-template.php(92): locate_template()
#3 /srv/www/kyanidev.health/public_html/wp-content/themes/understrap/page.php(59): get_footer()
#4 /srv/www/kyanidev.health/public_html/wp-includes/template-loader.php(106): include('/srv/www/kyanid...')
#5 /srv/www/kyanidev.health/public_html/wp-blog-header.php(19): require_once('/srv/www/kyanid...')
#6 /srv/www/kyanidev.health/public_html/index.php(17): require('/srv/www/kyanid...')
#7 {main}
  thrown in /srv/www/kyanidev.health/public_html/wp-content/themes/understrap/footer.php on line 78

2022-03-04T17:23:31+00:00 CRITICAL Uncaught Error: Call to a member function get_all_products_link() on null in /srv/www/kyanidev.health/public_html/wp-content/themes/understrap/footer.php:78
Stack trace:
#0 /srv/www/kyanidev.health/public_html/wp-includes/template.php(770): require_once()
#1 /srv/www/kyanidev.health/public_html/wp-includes/template.php(716): load_template()
#2 /srv/www/kyanidev.health/public_html/wp-includes/general-template.php(92): locate_template()
#3 /srv/www/kyanidev.health/public_html/wp-content/themes/understrap/page.php(59): get_footer()
#4 /srv/www/kyanidev.health/public_html/wp-includes/template-loader.php(106): include('/srv/www/kyanid...')
#5 /srv/www/kyanidev.health/public_html/wp-blog-header.php(19): require_once('/srv/www/kyanid...')
#6 /srv/www/kyanidev.health/public_html/index.php(17): require('/srv/www/kyanid...')
#7 {main}
  thrown in /srv/www/kyanidev.health/public_html/wp-content/themes/understrap/footer.php on line 78

2022-03-04T17:23:31+00:00 CRITICAL Uncaught Error: Call to a member function get_all_products_link() on null in /srv/www/kyanidev.health/public_html/wp-content/themes/understrap/footer.php:78
Stack trace:
#0 /srv/www/kyanidev.health/public_html/wp-includes/template.php(770): require_once()
#1 /srv/www/kyanidev.health/public_html/wp-includes/template.php(716): load_template()
#2 /srv/www/kyanidev.health/public_html/wp-includes/general-template.php(92): locate_template()
#3 /srv/www/kyanidev.health/public_html/wp-content/themes/understrap/page.php(59): get_footer()
#4 /srv/www/kyanidev.health/public_html/wp-includes/template-loader.php(106): include('/srv/www/kyanid...')
#5 /srv/www/kyanidev.health/public_html/wp-blog-header.php(19): require_once('/srv/www/kyanid...')
#6 /srv/www/kyanidev.health/public_html/index.php(17): require('/srv/www/kyanid...')
#7 {main}
  thrown in /srv/www/kyanidev.health/public_html/wp-content/themes/understrap/footer.php on line 78

2022-03-04T17:23:31+00:00 CRITICAL Uncaught Error: Call to a member function get_all_products_link() on null in /srv/www/kyanidev.health/public_html/wp-content/themes/understrap/footer.php:78
Stack trace:
#0 /srv/www/kyanidev.health/public_html/wp-includes/template.php(770): require_once()
#1 /srv/www/kyanidev.health/public_html/wp-includes/template.php(716): load_template()
#2 /srv/www/kyanidev.health/public_html/wp-includes/general-template.php(92): locate_template()
#3 /srv/www/kyanidev.health/public_html/wp-content/themes/understrap/page.php(59): get_footer()
#4 /srv/www/kyanidev.health/public_html/wp-includes/template-loader.php(106): include('/srv/www/kyanid...')
#5 /srv/www/kyanidev.health/public_html/wp-blog-header.php(19): require_once('/srv/www/kyanid...')
#6 /srv/www/kyanidev.health/public_html/index.php(17): require('/srv/www/kyanid...')
#7 {main}
  thrown in /srv/www/kyanidev.health/public_html/wp-content/themes/understrap/footer.php on line 78

2022-03-04T17:23:32+00:00 CRITICAL Uncaught Error: Call to a member function get_all_products_link() on null in /srv/www/kyanidev.health/public_html/wp-content/themes/understrap/footer.php:78
Stack trace:
#0 /srv/www/kyanidev.health/public_html/wp-includes/template.php(770): require_once()
#1 /srv/www/kyanidev.health/public_html/wp-includes/template.php(716): load_template()
#2 /srv/www/kyanidev.health/public_html/wp-includes/general-template.php(92): locate_template()
#3 /srv/www/kyanidev.health/public_html/wp-content/themes/understrap/page.php(59): get_footer()
#4 /srv/www/kyanidev.health/public_html/wp-includes/template-loader.php(106): include('/srv/www/kyanid...')
#5 /srv/www/kyanidev.health/public_html/wp-blog-header.php(19): require_once('/srv/www/kyanid...')
#6 /srv/www/kyanidev.health/public_html/index.php(17): require('/srv/www/kyanid...')
#7 {main}
  thrown in /srv/www/kyanidev.health/public_html/wp-content/themes/understrap/footer.php on line 78

2022-03-04T17:23:37+00:00 CRITICAL Uncaught Error: Call to a member function get_all_products_link() on null in /srv/www/kyanidev.health/public_html/wp-content/themes/understrap/footer.php:78
Stack trace:
#0 /srv/www/kyanidev.health/public_html/wp-includes/template.php(770): require_once()
#1 /srv/www/kyanidev.health/public_html/wp-includes/template.php(716): load_template()
#2 /srv/www/kyanidev.health/public_html/wp-includes/general-template.php(92): locate_template()
#3 /srv/www/kyanidev.health/public_html/wp-content/themes/understrap/page.php(59): get_footer()
#4 /srv/www/kyanidev.health/public_html/wp-includes/template-loader.php(106): include('/srv/www/kyanid...')
#5 /srv/www/kyanidev.health/public_html/wp-blog-header.php(19): require_once('/srv/www/kyanid...')
#6 /srv/www/kyanidev.health/public_html/index.php(17): require('/srv/www/kyanid...')
#7 {main}
  thrown in /srv/www/kyanidev.health/public_html/wp-content/themes/understrap/footer.php on line 78

2022-03-04T17:23:37+00:00 CRITICAL Uncaught Error: Call to a member function get_all_products_link() on null in /srv/www/kyanidev.health/public_html/wp-content/themes/understrap/footer.php:78
Stack trace:
#0 /srv/www/kyanidev.health/public_html/wp-includes/template.php(770): require_once()
#1 /srv/www/kyanidev.health/public_html/wp-includes/template.php(716): load_template()
#2 /srv/www/kyanidev.health/public_html/wp-includes/general-template.php(92): locate_template()
#3 /srv/www/kyanidev.health/public_html/wp-content/themes/understrap/page.php(59): get_footer()
#4 /srv/www/kyanidev.health/public_html/wp-includes/template-loader.php(106): include('/srv/www/kyanid...')
#5 /srv/www/kyanidev.health/public_html/wp-blog-header.php(19): require_once('/srv/www/kyanid...')
#6 /srv/www/kyanidev.health/public_html/index.php(17): require('/srv/www/kyanid...')
#7 {main}
  thrown in /srv/www/kyanidev.health/public_html/wp-content/themes/understrap/footer.php on line 78

2022-03-04T17:23:38+00:00 CRITICAL Uncaught Error: Call to a member function get_all_products_link() on null in /srv/www/kyanidev.health/public_html/wp-content/themes/understrap/footer.php:78
Stack trace:
#0 /srv/www/kyanidev.health/public_html/wp-includes/template.php(770): require_once()
#1 /srv/www/kyanidev.health/public_html/wp-includes/template.php(716): load_template()
#2 /srv/www/kyanidev.health/public_html/wp-includes/general-template.php(92): locate_template()
#3 /srv/www/kyanidev.health/public_html/wp-content/themes/understrap/page.php(59): get_footer()
#4 /srv/www/kyanidev.health/public_html/wp-includes/template-loader.php(106): include('/srv/www/kyanid...')
#5 /srv/www/kyanidev.health/public_html/wp-blog-header.php(19): require_once('/srv/www/kyanid...')
#6 /srv/www/kyanidev.health/public_html/index.php(17): require('/srv/www/kyanid...')
#7 {main}
  thrown in /srv/www/kyanidev.health/public_html/wp-content/themes/understrap/footer.php on line 78

2022-03-04T17:23:38+00:00 CRITICAL Uncaught Error: Call to a member function get_all_products_link() on null in /srv/www/kyanidev.health/public_html/wp-content/themes/understrap/footer.php:78
Stack trace:
#0 /srv/www/kyanidev.health/public_html/wp-includes/template.php(770): require_once()
#1 /srv/www/kyanidev.health/public_html/wp-includes/template.php(716): load_template()
#2 /srv/www/kyanidev.health/public_html/wp-includes/general-template.php(92): locate_template()
#3 /srv/www/kyanidev.health/public_html/wp-content/themes/understrap/page.php(59): get_footer()
#4 /srv/www/kyanidev.health/public_html/wp-includes/template-loader.php(106): include('/srv/www/kyanid...')
#5 /srv/www/kyanidev.health/public_html/wp-blog-header.php(19): require_once('/srv/www/kyanid...')
#6 /srv/www/kyanidev.health/public_html/index.php(17): require('/srv/www/kyanid...')
#7 {main}
  thrown in /srv/www/kyanidev.health/public_html/wp-content/themes/understrap/footer.php on line 78

2022-03-04T17:23:38+00:00 CRITICAL Uncaught Error: Call to a member function get_all_products_link() on null in /srv/www/kyanidev.health/public_html/wp-content/themes/understrap/footer.php:78
Stack trace:
#0 /srv/www/kyanidev.health/public_html/wp-includes/template.php(770): require_once()
#1 /srv/www/kyanidev.health/public_html/wp-includes/template.php(716): load_template()
#2 /srv/www/kyanidev.health/public_html/wp-includes/general-template.php(92): locate_template()
#3 /srv/www/kyanidev.health/public_html/wp-content/themes/understrap/page.php(59): get_footer()
#4 /srv/www/kyanidev.health/public_html/wp-includes/template-loader.php(106): include('/srv/www/kyanid...')
#5 /srv/www/kyanidev.health/public_html/wp-blog-header.php(19): require_once('/srv/www/kyanid...')
#6 /srv/www/kyanidev.health/public_html/index.php(17): require('/srv/www/kyanid...')
#7 {main}
  thrown in /srv/www/kyanidev.health/public_html/wp-content/themes/understrap/footer.php on line 78

2022-03-04T17:23:39+00:00 CRITICAL Uncaught Error: Call to a member function get_all_products_link() on null in /srv/www/kyanidev.health/public_html/wp-content/themes/understrap/footer.php:78
Stack trace:
#0 /srv/www/kyanidev.health/public_html/wp-includes/template.php(770): require_once()
#1 /srv/www/kyanidev.health/public_html/wp-includes/template.php(716): load_template()
#2 /srv/www/kyanidev.health/public_html/wp-includes/general-template.php(92): locate_template()
#3 /srv/www/kyanidev.health/public_html/wp-content/themes/understrap/page.php(59): get_footer()
#4 /srv/www/kyanidev.health/public_html/wp-includes/template-loader.php(106): include('/srv/www/kyanid...')
#5 /srv/www/kyanidev.health/public_html/wp-blog-header.php(19): require_once('/srv/www/kyanid...')
#6 /srv/www/kyanidev.health/public_html/index.php(17): require('/srv/www/kyanid...')
#7 {main}
  thrown in /srv/www/kyanidev.health/public_html/wp-content/themes/understrap/footer.php on line 78

2022-03-04T17:23:39+00:00 CRITICAL Uncaught Error: Call to a member function get_all_products_link() on null in /srv/www/kyanidev.health/public_html/wp-content/themes/understrap/footer.php:78
Stack trace:
#0 /srv/www/kyanidev.health/public_html/wp-includes/template.php(770): require_once()
#1 /srv/www/kyanidev.health/public_html/wp-includes/template.php(716): load_template()
#2 /srv/www/kyanidev.health/public_html/wp-includes/general-template.php(92): locate_template()
#3 /srv/www/kyanidev.health/public_html/wp-content/themes/understrap/page.php(59): get_footer()
#4 /srv/www/kyanidev.health/public_html/wp-includes/template-loader.php(106): include('/srv/www/kyanid...')
#5 /srv/www/kyanidev.health/public_html/wp-blog-header.php(19): require_once('/srv/www/kyanid...')
#6 /srv/www/kyanidev.health/public_html/index.php(17): require('/srv/www/kyanid...')
#7 {main}
  thrown in /srv/www/kyanidev.health/public_html/wp-content/themes/understrap/footer.php on line 78

2022-03-04T17:23:40+00:00 CRITICAL Uncaught Error: Call to a member function get_all_products_link() on null in /srv/www/kyanidev.health/public_html/wp-content/themes/understrap/footer.php:78
Stack trace:
#0 /srv/www/kyanidev.health/public_html/wp-includes/template.php(770): require_once()
#1 /srv/www/kyanidev.health/public_html/wp-includes/template.php(716): load_template()
#2 /srv/www/kyanidev.health/public_html/wp-includes/general-template.php(92): locate_template()
#3 /srv/www/kyanidev.health/public_html/wp-content/themes/understrap/page.php(59): get_footer()
#4 /srv/www/kyanidev.health/public_html/wp-includes/template-loader.php(106): include('/srv/www/kyanid...')
#5 /srv/www/kyanidev.health/public_html/wp-blog-header.php(19): require_once('/srv/www/kyanid...')
#6 /srv/www/kyanidev.health/public_html/index.php(17): require('/srv/www/kyanid...')
#7 {main}
  thrown in /srv/www/kyanidev.health/public_html/wp-content/themes/understrap/footer.php on line 78

2022-03-04T17:23:40+00:00 CRITICAL Uncaught Error: Call to a member function get_all_products_link() on null in /srv/www/kyanidev.health/public_html/wp-content/themes/understrap/footer.php:78
Stack trace:
#0 /srv/www/kyanidev.health/public_html/wp-includes/template.php(770): require_once()
#1 /srv/www/kyanidev.health/public_html/wp-includes/template.php(716): load_template()
#2 /srv/www/kyanidev.health/public_html/wp-includes/general-template.php(92): locate_template()
#3 /srv/www/kyanidev.health/public_html/wp-content/themes/understrap/page.php(59): get_footer()
#4 /srv/www/kyanidev.health/public_html/wp-includes/template-loader.php(106): include('/srv/www/kyanid...')
#5 /srv/www/kyanidev.health/public_html/wp-blog-header.php(19): require_once('/srv/www/kyanid...')
#6 /srv/www/kyanidev.health/public_html/index.php(17): require('/srv/www/kyanid...')
#7 {main}
  thrown in /srv/www/kyanidev.health/public_html/wp-content/themes/understrap/footer.php on line 78

2022-03-04T17:23:41+00:00 CRITICAL Uncaught Error: Call to a member function get_all_products_link() on null in /srv/www/kyanidev.health/public_html/wp-content/themes/understrap/footer.php:78
Stack trace:
#0 /srv/www/kyanidev.health/public_html/wp-includes/template.php(770): require_once()
#1 /srv/www/kyanidev.health/public_html/wp-includes/template.php(716): load_template()
#2 /srv/www/kyanidev.health/public_html/wp-includes/general-template.php(92): locate_template()
#3 /srv/www/kyanidev.health/public_html/wp-content/themes/understrap/page.php(59): get_footer()
#4 /srv/www/kyanidev.health/public_html/wp-includes/template-loader.php(106): include('/srv/www/kyanid...')
#5 /srv/www/kyanidev.health/public_html/wp-blog-header.php(19): require_once('/srv/www/kyanid...')
#6 /srv/www/kyanidev.health/public_html/index.php(17): require('/srv/www/kyanid...')
#7 {main}
  thrown in /srv/www/kyanidev.health/public_html/wp-content/themes/understrap/footer.php on line 78

2022-03-04T17:23:41+00:00 CRITICAL Uncaught Error: Call to a member function get_all_products_link() on null in /srv/www/kyanidev.health/public_html/wp-content/themes/understrap/footer.php:78
Stack trace:
#0 /srv/www/kyanidev.health/public_html/wp-includes/template.php(770): require_once()
#1 /srv/www/kyanidev.health/public_html/wp-includes/template.php(716): load_template()
#2 /srv/www/kyanidev.health/public_html/wp-includes/general-template.php(92): locate_template()
#3 /srv/www/kyanidev.health/public_html/wp-content/themes/understrap/page.php(59): get_footer()
#4 /srv/www/kyanidev.health/public_html/wp-includes/template-loader.php(106): include('/srv/www/kyanid...')
#5 /srv/www/kyanidev.health/public_html/wp-blog-header.php(19): require_once('/srv/www/kyanid...')
#6 /srv/www/kyanidev.health/public_html/index.php(17): require('/srv/www/kyanid...')
#7 {main}
  thrown in /srv/www/kyanidev.health/public_html/wp-content/themes/understrap/footer.php on line 78

2022-03-04T17:23:41+00:00 CRITICAL Uncaught Error: Call to a member function get_all_products_link() on null in /srv/www/kyanidev.health/public_html/wp-content/themes/understrap/footer.php:78
Stack trace:
#0 /srv/www/kyanidev.health/public_html/wp-includes/template.php(770): require_once()
#1 /srv/www/kyanidev.health/public_html/wp-includes/template.php(716): load_template()
#2 /srv/www/kyanidev.health/public_html/wp-includes/general-template.php(92): locate_template()
#3 /srv/www/kyanidev.health/public_html/wp-content/themes/understrap/page.php(59): get_footer()
#4 /srv/www/kyanidev.health/public_html/wp-includes/template-loader.php(106): include('/srv/www/kyanid...')
#5 /srv/www/kyanidev.health/public_html/wp-blog-header.php(19): require_once('/srv/www/kyanid...')
#6 /srv/www/kyanidev.health/public_html/index.php(17): require('/srv/www/kyanid...')
#7 {main}
  thrown in /srv/www/kyanidev.health/public_html/wp-content/themes/understrap/footer.php on line 78

2022-03-04T17:23:41+00:00 CRITICAL Uncaught Error: Call to a member function get_all_products_link() on null in /srv/www/kyanidev.health/public_html/wp-content/themes/understrap/footer.php:78
Stack trace:
#0 /srv/www/kyanidev.health/public_html/wp-includes/template.php(770): require_once()
#1 /srv/www/kyanidev.health/public_html/wp-includes/template.php(716): load_template()
#2 /srv/www/kyanidev.health/public_html/wp-includes/general-template.php(92): locate_template()
#3 /srv/www/kyanidev.health/public_html/wp-content/themes/understrap/page.php(59): get_footer()
#4 /srv/www/kyanidev.health/public_html/wp-includes/template-loader.php(106): include('/srv/www/kyanid...')
#5 /srv/www/kyanidev.health/public_html/wp-blog-header.php(19): require_once('/srv/www/kyanid...')
#6 /srv/www/kyanidev.health/public_html/index.php(17): require('/srv/www/kyanid...')
#7 {main}
  thrown in /srv/www/kyanidev.health/public_html/wp-content/themes/understrap/footer.php on line 78

2022-03-04T17:23:41+00:00 CRITICAL Uncaught Error: Call to a member function get_all_products_link() on null in /srv/www/kyanidev.health/public_html/wp-content/themes/understrap/footer.php:78
Stack trace:
#0 /srv/www/kyanidev.health/public_html/wp-includes/template.php(770): require_once()
#1 /srv/www/kyanidev.health/public_html/wp-includes/template.php(716): load_template()
#2 /srv/www/kyanidev.health/public_html/wp-includes/general-template.php(92): locate_template()
#3 /srv/www/kyanidev.health/public_html/wp-content/themes/understrap/page.php(59): get_footer()
#4 /srv/www/kyanidev.health/public_html/wp-includes/template-loader.php(106): include('/srv/www/kyanid...')
#5 /srv/www/kyanidev.health/public_html/wp-blog-header.php(19): require_once('/srv/www/kyanid...')
#6 /srv/www/kyanidev.health/public_html/index.php(17): require('/srv/www/kyanid...')
#7 {main}
  thrown in /srv/www/kyanidev.health/public_html/wp-content/themes/understrap/footer.php on line 78

2022-03-04T17:23:41+00:00 CRITICAL Uncaught Error: Call to a member function get_all_products_link() on null in /srv/www/kyanidev.health/public_html/wp-content/themes/understrap/footer.php:78
Stack trace:
#0 /srv/www/kyanidev.health/public_html/wp-includes/template.php(770): require_once()
#1 /srv/www/kyanidev.health/public_html/wp-includes/template.php(716): load_template()
#2 /srv/www/kyanidev.health/public_html/wp-includes/general-template.php(92): locate_template()
#3 /srv/www/kyanidev.health/public_html/wp-content/themes/understrap/page.php(59): get_footer()
#4 /srv/www/kyanidev.health/public_html/wp-includes/template-loader.php(106): include('/srv/www/kyanid...')
#5 /srv/www/kyanidev.health/public_html/wp-blog-header.php(19): require_once('/srv/www/kyanid...')
#6 /srv/www/kyanidev.health/public_html/index.php(17): require('/srv/www/kyanid...')
#7 {main}
  thrown in /srv/www/kyanidev.health/public_html/wp-content/themes/understrap/footer.php on line 78

2022-03-04T17:23:41+00:00 CRITICAL Uncaught Error: Call to a member function get_all_products_link() on null in /srv/www/kyanidev.health/public_html/wp-content/themes/understrap/footer.php:78
Stack trace:
#0 /srv/www/kyanidev.health/public_html/wp-includes/template.php(770): require_once()
#1 /srv/www/kyanidev.health/public_html/wp-includes/template.php(716): load_template()
#2 /srv/www/kyanidev.health/public_html/wp-includes/general-template.php(92): locate_template()
#3 /srv/www/kyanidev.health/public_html/wp-content/themes/understrap/page.php(59): get_footer()
#4 /srv/www/kyanidev.health/public_html/wp-includes/template-loader.php(106): include('/srv/www/kyanid...')
#5 /srv/www/kyanidev.health/public_html/wp-blog-header.php(19): require_once('/srv/www/kyanid...')
#6 /srv/www/kyanidev.health/public_html/index.php(17): require('/srv/www/kyanid...')
#7 {main}
  thrown in /srv/www/kyanidev.health/public_html/wp-content/themes/understrap/footer.php on line 78

2022-03-04T17:23:42+00:00 CRITICAL Uncaught Error: Call to a member function get_all_products_link() on null in /srv/www/kyanidev.health/public_html/wp-content/themes/understrap/footer.php:78
Stack trace:
#0 /srv/www/kyanidev.health/public_html/wp-includes/template.php(770): require_once()
#1 /srv/www/kyanidev.health/public_html/wp-includes/template.php(716): load_template()
#2 /srv/www/kyanidev.health/public_html/wp-includes/general-template.php(92): locate_template()
#3 /srv/www/kyanidev.health/public_html/wp-content/themes/understrap/page.php(59): get_footer()
#4 /srv/www/kyanidev.health/public_html/wp-includes/template-loader.php(106): include('/srv/www/kyanid...')
#5 /srv/www/kyanidev.health/public_html/wp-blog-header.php(19): require_once('/srv/www/kyanid...')
#6 /srv/www/kyanidev.health/public_html/index.php(17): require('/srv/www/kyanid...')
#7 {main}
  thrown in /srv/www/kyanidev.health/public_html/wp-content/themes/understrap/footer.php on line 78

2022-03-04T17:23:42+00:00 CRITICAL Uncaught Error: Call to a member function get_all_products_link() on null in /srv/www/kyanidev.health/public_html/wp-content/themes/understrap/footer.php:78
Stack trace:
#0 /srv/www/kyanidev.health/public_html/wp-includes/template.php(770): require_once()
#1 /srv/www/kyanidev.health/public_html/wp-includes/template.php(716): load_template()
#2 /srv/www/kyanidev.health/public_html/wp-includes/general-template.php(92): locate_template()
#3 /srv/www/kyanidev.health/public_html/wp-content/themes/understrap/page.php(59): get_footer()
#4 /srv/www/kyanidev.health/public_html/wp-includes/template-loader.php(106): include('/srv/www/kyanid...')
#5 /srv/www/kyanidev.health/public_html/wp-blog-header.php(19): require_once('/srv/www/kyanid...')
#6 /srv/www/kyanidev.health/public_html/index.php(17): require('/srv/www/kyanid...')
#7 {main}
  thrown in /srv/www/kyanidev.health/public_html/wp-content/themes/understrap/footer.php on line 78

2022-03-04T17:23:47+00:00 CRITICAL Uncaught Error: Call to a member function get_all_products_link() on null in /srv/www/kyanidev.health/public_html/wp-content/themes/understrap/footer.php:78
Stack trace:
#0 /srv/www/kyanidev.health/public_html/wp-includes/template.php(770): require_once()
#1 /srv/www/kyanidev.health/public_html/wp-includes/template.php(716): load_template()
#2 /srv/www/kyanidev.health/public_html/wp-includes/general-template.php(92): locate_template()
#3 /srv/www/kyanidev.health/public_html/wp-content/themes/understrap/page.php(59): get_footer()
#4 /srv/www/kyanidev.health/public_html/wp-includes/template-loader.php(106): include('/srv/www/kyanid...')
#5 /srv/www/kyanidev.health/public_html/wp-blog-header.php(19): require_once('/srv/www/kyanid...')
#6 /srv/www/kyanidev.health/public_html/index.php(17): require('/srv/www/kyanid...')
#7 {main}
  thrown in /srv/www/kyanidev.health/public_html/wp-content/themes/understrap/footer.php on line 78

2022-03-04T17:23:47+00:00 CRITICAL Uncaught Error: Call to a member function get_all_products_link() on null in /srv/www/kyanidev.health/public_html/wp-content/themes/understrap/footer.php:78
Stack trace:
#0 /srv/www/kyanidev.health/public_html/wp-includes/template.php(770): require_once()
#1 /srv/www/kyanidev.health/public_html/wp-includes/template.php(716): load_template()
#2 /srv/www/kyanidev.health/public_html/wp-includes/general-template.php(92): locate_template()
#3 /srv/www/kyanidev.health/public_html/wp-content/themes/understrap/page.php(59): get_footer()
#4 /srv/www/kyanidev.health/public_html/wp-includes/template-loader.php(106): include('/srv/www/kyanid...')
#5 /srv/www/kyanidev.health/public_html/wp-blog-header.php(19): require_once('/srv/www/kyanid...')
#6 /srv/www/kyanidev.health/public_html/index.php(17): require('/srv/www/kyanid...')
#7 {main}
  thrown in /srv/www/kyanidev.health/public_html/wp-content/themes/understrap/footer.php on line 78

2022-03-04T17:23:47+00:00 CRITICAL Uncaught Error: Call to a member function get_all_products_link() on null in /srv/www/kyanidev.health/public_html/wp-content/themes/understrap/footer.php:78
Stack trace:
#0 /srv/www/kyanidev.health/public_html/wp-includes/template.php(770): require_once()
#1 /srv/www/kyanidev.health/public_html/wp-includes/template.php(716): load_template()
#2 /srv/www/kyanidev.health/public_html/wp-includes/general-template.php(92): locate_template()
#3 /srv/www/kyanidev.health/public_html/wp-content/themes/understrap/page.php(59): get_footer()
#4 /srv/www/kyanidev.health/public_html/wp-includes/template-loader.php(106): include('/srv/www/kyanid...')
#5 /srv/www/kyanidev.health/public_html/wp-blog-header.php(19): require_once('/srv/www/kyanid...')
#6 /srv/www/kyanidev.health/public_html/index.php(17): require('/srv/www/kyanid...')
#7 {main}
  thrown in /srv/www/kyanidev.health/public_html/wp-content/themes/understrap/footer.php on line 78

2022-03-04T17:23:48+00:00 CRITICAL Uncaught Error: Call to a member function get_all_products_link() on null in /srv/www/kyanidev.health/public_html/wp-content/themes/understrap/footer.php:78
Stack trace:
#0 /srv/www/kyanidev.health/public_html/wp-includes/template.php(770): require_once()
#1 /srv/www/kyanidev.health/public_html/wp-includes/template.php(716): load_template()
#2 /srv/www/kyanidev.health/public_html/wp-includes/general-template.php(92): locate_template()
#3 /srv/www/kyanidev.health/public_html/wp-content/themes/understrap/page.php(59): get_footer()
#4 /srv/www/kyanidev.health/public_html/wp-includes/template-loader.php(106): include('/srv/www/kyanid...')
#5 /srv/www/kyanidev.health/public_html/wp-blog-header.php(19): require_once('/srv/www/kyanid...')
#6 /srv/www/kyanidev.health/public_html/index.php(17): require('/srv/www/kyanid...')
#7 {main}
  thrown in /srv/www/kyanidev.health/public_html/wp-content/themes/understrap/footer.php on line 78

2022-03-04T17:23:48+00:00 CRITICAL Uncaught Error: Call to a member function get_all_products_link() on null in /srv/www/kyanidev.health/public_html/wp-content/themes/understrap/footer.php:78
Stack trace:
#0 /srv/www/kyanidev.health/public_html/wp-includes/template.php(770): require_once()
#1 /srv/www/kyanidev.health/public_html/wp-includes/template.php(716): load_template()
#2 /srv/www/kyanidev.health/public_html/wp-includes/general-template.php(92): locate_template()
#3 /srv/www/kyanidev.health/public_html/wp-content/themes/understrap/page.php(59): get_footer()
#4 /srv/www/kyanidev.health/public_html/wp-includes/template-loader.php(106): include('/srv/www/kyanid...')
#5 /srv/www/kyanidev.health/public_html/wp-blog-header.php(19): require_once('/srv/www/kyanid...')
#6 /srv/www/kyanidev.health/public_html/index.php(17): require('/srv/www/kyanid...')
#7 {main}
  thrown in /srv/www/kyanidev.health/public_html/wp-content/themes/understrap/footer.php on line 78

2022-03-04T17:23:48+00:00 CRITICAL Uncaught Error: Call to a member function get_all_products_link() on null in /srv/www/kyanidev.health/public_html/wp-content/themes/understrap/footer.php:78
Stack trace:
#0 /srv/www/kyanidev.health/public_html/wp-includes/template.php(770): require_once()
#1 /srv/www/kyanidev.health/public_html/wp-includes/template.php(716): load_template()
#2 /srv/www/kyanidev.health/public_html/wp-includes/general-template.php(92): locate_template()
#3 /srv/www/kyanidev.health/public_html/wp-content/themes/understrap/page.php(59): get_footer()
#4 /srv/www/kyanidev.health/public_html/wp-includes/template-loader.php(106): include('/srv/www/kyanid...')
#5 /srv/www/kyanidev.health/public_html/wp-blog-header.php(19): require_once('/srv/www/kyanid...')
#6 /srv/www/kyanidev.health/public_html/index.php(17): require('/srv/www/kyanid...')
#7 {main}
  thrown in /srv/www/kyanidev.health/public_html/wp-content/themes/understrap/footer.php on line 78

2022-03-04T17:23:48+00:00 CRITICAL Uncaught Error: Call to a member function get_all_products_link() on null in /srv/www/kyanidev.health/public_html/wp-content/themes/understrap/footer.php:78
Stack trace:
#0 /srv/www/kyanidev.health/public_html/wp-includes/template.php(770): require_once()
#1 /srv/www/kyanidev.health/public_html/wp-includes/template.php(716): load_template()
#2 /srv/www/kyanidev.health/public_html/wp-includes/general-template.php(92): locate_template()
#3 /srv/www/kyanidev.health/public_html/wp-content/themes/understrap/page.php(59): get_footer()
#4 /srv/www/kyanidev.health/public_html/wp-includes/template-loader.php(106): include('/srv/www/kyanid...')
#5 /srv/www/kyanidev.health/public_html/wp-blog-header.php(19): require_once('/srv/www/kyanid...')
#6 /srv/www/kyanidev.health/public_html/index.php(17): require('/srv/www/kyanid...')
#7 {main}
  thrown in /srv/www/kyanidev.health/public_html/wp-content/themes/understrap/footer.php on line 78

2022-03-04T17:23:48+00:00 CRITICAL Uncaught Error: Call to a member function get_all_products_link() on null in /srv/www/kyanidev.health/public_html/wp-content/themes/understrap/footer.php:78
Stack trace:
#0 /srv/www/kyanidev.health/public_html/wp-includes/template.php(770): require_once()
#1 /srv/www/kyanidev.health/public_html/wp-includes/template.php(716): load_template()
#2 /srv/www/kyanidev.health/public_html/wp-includes/general-template.php(92): locate_template()
#3 /srv/www/kyanidev.health/public_html/wp-content/themes/understrap/page.php(59): get_footer()
#4 /srv/www/kyanidev.health/public_html/wp-includes/template-loader.php(106): include('/srv/www/kyanid...')
#5 /srv/www/kyanidev.health/public_html/wp-blog-header.php(19): require_once('/srv/www/kyanid...')
#6 /srv/www/kyanidev.health/public_html/index.php(17): require('/srv/www/kyanid...')
#7 {main}
  thrown in /srv/www/kyanidev.health/public_html/wp-content/themes/understrap/footer.php on line 78

2022-03-04T17:23:49+00:00 CRITICAL Uncaught Error: Call to a member function get_all_products_link() on null in /srv/www/kyanidev.health/public_html/wp-content/themes/understrap/footer.php:78
Stack trace:
#0 /srv/www/kyanidev.health/public_html/wp-includes/template.php(770): require_once()
#1 /srv/www/kyanidev.health/public_html/wp-includes/template.php(716): load_template()
#2 /srv/www/kyanidev.health/public_html/wp-includes/general-template.php(92): locate_template()
#3 /srv/www/kyanidev.health/public_html/wp-content/themes/understrap/page.php(59): get_footer()
#4 /srv/www/kyanidev.health/public_html/wp-includes/template-loader.php(106): include('/srv/www/kyanid...')
#5 /srv/www/kyanidev.health/public_html/wp-blog-header.php(19): require_once('/srv/www/kyanid...')
#6 /srv/www/kyanidev.health/public_html/index.php(17): require('/srv/www/kyanid...')
#7 {main}
  thrown in /srv/www/kyanidev.health/public_html/wp-content/themes/understrap/footer.php on line 78

2022-03-04T17:23:49+00:00 CRITICAL Uncaught Error: Call to a member function get_all_products_link() on null in /srv/www/kyanidev.health/public_html/wp-content/themes/understrap/footer.php:78
Stack trace:
#0 /srv/www/kyanidev.health/public_html/wp-includes/template.php(770): require_once()
#1 /srv/www/kyanidev.health/public_html/wp-includes/template.php(716): load_template()
#2 /srv/www/kyanidev.health/public_html/wp-includes/general-template.php(92): locate_template()
#3 /srv/www/kyanidev.health/public_html/wp-content/themes/understrap/page.php(59): get_footer()
#4 /srv/www/kyanidev.health/public_html/wp-includes/template-loader.php(106): include('/srv/www/kyanid...')
#5 /srv/www/kyanidev.health/public_html/wp-blog-header.php(19): require_once('/srv/www/kyanid...')
#6 /srv/www/kyanidev.health/public_html/index.php(17): require('/srv/www/kyanid...')
#7 {main}
  thrown in /srv/www/kyanidev.health/public_html/wp-content/themes/understrap/footer.php on line 78

2022-03-04T17:23:55+00:00 CRITICAL Uncaught Error: Call to a member function get_all_products_link() on null in /srv/www/kyanidev.health/public_html/wp-content/themes/understrap/footer.php:78
Stack trace:
#0 /srv/www/kyanidev.health/public_html/wp-includes/template.php(770): require_once()
#1 /srv/www/kyanidev.health/public_html/wp-includes/template.php(716): load_template()
#2 /srv/www/kyanidev.health/public_html/wp-includes/general-template.php(92): locate_template()
#3 /srv/www/kyanidev.health/public_html/wp-content/themes/understrap/page.php(59): get_footer()
#4 /srv/www/kyanidev.health/public_html/wp-includes/template-loader.php(106): include('/srv/www/kyanid...')
#5 /srv/www/kyanidev.health/public_html/wp-blog-header.php(19): require_once('/srv/www/kyanid...')
#6 /srv/www/kyanidev.health/public_html/index.php(17): require('/srv/www/kyanid...')
#7 {main}
  thrown in /srv/www/kyanidev.health/public_html/wp-content/themes/understrap/footer.php on line 78

2022-03-04T17:23:58+00:00 CRITICAL Uncaught Error: Call to a member function get_all_products_link() on null in /srv/www/kyanidev.health/public_html/wp-content/themes/understrap/footer.php:78
Stack trace:
#0 /srv/www/kyanidev.health/public_html/wp-includes/template.php(770): require_once()
#1 /srv/www/kyanidev.health/public_html/wp-includes/template.php(716): load_template()
#2 /srv/www/kyanidev.health/public_html/wp-includes/general-template.php(92): locate_template()
#3 /srv/www/kyanidev.health/public_html/wp-content/themes/understrap/page.php(59): get_footer()
#4 /srv/www/kyanidev.health/public_html/wp-includes/template-loader.php(106): include('/srv/www/kyanid...')
#5 /srv/www/kyanidev.health/public_html/wp-blog-header.php(19): require_once('/srv/www/kyanid...')
#6 /srv/www/kyanidev.health/public_html/index.php(17): require('/srv/www/kyanid...')
#7 {main}
  thrown in /srv/www/kyanidev.health/public_html/wp-content/themes/understrap/footer.php on line 78

2022-03-04T17:23:58+00:00 CRITICAL Uncaught Error: Call to a member function get_all_products_link() on null in /srv/www/kyanidev.health/public_html/wp-content/themes/understrap/footer.php:78
Stack trace:
#0 /srv/www/kyanidev.health/public_html/wp-includes/template.php(770): require_once()
#1 /srv/www/kyanidev.health/public_html/wp-includes/template.php(716): load_template()
#2 /srv/www/kyanidev.health/public_html/wp-includes/general-template.php(92): locate_template()
#3 /srv/www/kyanidev.health/public_html/wp-content/themes/understrap/page.php(59): get_footer()
#4 /srv/www/kyanidev.health/public_html/wp-includes/template-loader.php(106): include('/srv/www/kyanid...')
#5 /srv/www/kyanidev.health/public_html/wp-blog-header.php(19): require_once('/srv/www/kyanid...')
#6 /srv/www/kyanidev.health/public_html/index.php(17): require('/srv/www/kyanid...')
#7 {main}
  thrown in /srv/www/kyanidev.health/public_html/wp-content/themes/understrap/footer.php on line 78

2022-03-04T17:24:00+00:00 CRITICAL Uncaught Error: Call to a member function get_all_products_link() on null in /srv/www/kyanidev.health/public_html/wp-content/themes/understrap/footer.php:78
Stack trace:
#0 /srv/www/kyanidev.health/public_html/wp-includes/template.php(770): require_once()
#1 /srv/www/kyanidev.health/public_html/wp-includes/template.php(716): load_template()
#2 /srv/www/kyanidev.health/public_html/wp-includes/general-template.php(92): locate_template()
#3 /srv/www/kyanidev.health/public_html/wp-content/themes/understrap/page.php(59): get_footer()
#4 /srv/www/kyanidev.health/public_html/wp-includes/template-loader.php(106): include('/srv/www/kyanid...')
#5 /srv/www/kyanidev.health/public_html/wp-blog-header.php(19): require_once('/srv/www/kyanid...')
#6 /srv/www/kyanidev.health/public_html/index.php(17): require('/srv/www/kyanid...')
#7 {main}
  thrown in /srv/www/kyanidev.health/public_html/wp-content/themes/understrap/footer.php on line 78

2022-03-04T17:24:00+00:00 CRITICAL Uncaught Error: Call to a member function get_all_products_link() on null in /srv/www/kyanidev.health/public_html/wp-content/themes/understrap/footer.php:78
Stack trace:
#0 /srv/www/kyanidev.health/public_html/wp-includes/template.php(770): require_once()
#1 /srv/www/kyanidev.health/public_html/wp-includes/template.php(716): load_template()
#2 /srv/www/kyanidev.health/public_html/wp-includes/general-template.php(92): locate_template()
#3 /srv/www/kyanidev.health/public_html/wp-content/themes/understrap/page.php(59): get_footer()
#4 /srv/www/kyanidev.health/public_html/wp-includes/template-loader.php(106): include('/srv/www/kyanid...')
#5 /srv/www/kyanidev.health/public_html/wp-blog-header.php(19): require_once('/srv/www/kyanid...')
#6 /srv/www/kyanidev.health/public_html/index.php(17): require('/srv/www/kyanid...')
#7 {main}
  thrown in /srv/www/kyanidev.health/public_html/wp-content/themes/understrap/footer.php on line 78

2022-03-04T17:24:00+00:00 CRITICAL Uncaught Error: Call to a member function get_all_products_link() on null in /srv/www/kyanidev.health/public_html/wp-content/themes/understrap/footer.php:78
Stack trace:
#0 /srv/www/kyanidev.health/public_html/wp-includes/template.php(770): require_once()
#1 /srv/www/kyanidev.health/public_html/wp-includes/template.php(716): load_template()
#2 /srv/www/kyanidev.health/public_html/wp-includes/general-template.php(92): locate_template()
#3 /srv/www/kyanidev.health/public_html/wp-content/themes/understrap/page.php(59): get_footer()
#4 /srv/www/kyanidev.health/public_html/wp-includes/template-loader.php(106): include('/srv/www/kyanid...')
#5 /srv/www/kyanidev.health/public_html/wp-blog-header.php(19): require_once('/srv/www/kyanid...')
#6 /srv/www/kyanidev.health/public_html/index.php(17): require('/srv/www/kyanid...')
#7 {main}
  thrown in /srv/www/kyanidev.health/public_html/wp-content/themes/understrap/footer.php on line 78

2022-03-04T17:24:00+00:00 CRITICAL Uncaught Error: Call to a member function get_all_products_link() on null in /srv/www/kyanidev.health/public_html/wp-content/themes/understrap/footer.php:78
Stack trace:
#0 /srv/www/kyanidev.health/public_html/wp-includes/template.php(770): require_once()
#1 /srv/www/kyanidev.health/public_html/wp-includes/template.php(716): load_template()
#2 /srv/www/kyanidev.health/public_html/wp-includes/general-template.php(92): locate_template()
#3 /srv/www/kyanidev.health/public_html/wp-content/themes/understrap/page.php(59): get_footer()
#4 /srv/www/kyanidev.health/public_html/wp-includes/template-loader.php(106): include('/srv/www/kyanid...')
#5 /srv/www/kyanidev.health/public_html/wp-blog-header.php(19): require_once('/srv/www/kyanid...')
#6 /srv/www/kyanidev.health/public_html/index.php(17): require('/srv/www/kyanid...')
#7 {main}
  thrown in /srv/www/kyanidev.health/public_html/wp-content/themes/understrap/footer.php on line 78

2022-03-04T17:24:01+00:00 CRITICAL Uncaught Error: Call to a member function get_all_products_link() on null in /srv/www/kyanidev.health/public_html/wp-content/themes/understrap/footer.php:78
Stack trace:
#0 /srv/www/kyanidev.health/public_html/wp-includes/template.php(770): require_once()
#1 /srv/www/kyanidev.health/public_html/wp-includes/template.php(716): load_template()
#2 /srv/www/kyanidev.health/public_html/wp-includes/general-template.php(92): locate_template()
#3 /srv/www/kyanidev.health/public_html/wp-content/themes/understrap/page.php(59): get_footer()
#4 /srv/www/kyanidev.health/public_html/wp-includes/template-loader.php(106): include('/srv/www/kyanid...')
#5 /srv/www/kyanidev.health/public_html/wp-blog-header.php(19): require_once('/srv/www/kyanid...')
#6 /srv/www/kyanidev.health/public_html/index.php(17): require('/srv/www/kyanid...')
#7 {main}
  thrown in /srv/www/kyanidev.health/public_html/wp-content/themes/understrap/footer.php on line 78

2022-03-04T20:58:44+00:00 CRITICAL Uncaught Error: Call to a member function get_all_products_link() on null in /srv/www/kyanidev.health/public_html/wp-content/themes/understrap/footer.php:78
Stack trace:
#0 /srv/www/kyanidev.health/public_html/wp-includes/template.php(770): require_once()
#1 /srv/www/kyanidev.health/public_html/wp-includes/template.php(716): load_template()
#2 /srv/www/kyanidev.health/public_html/wp-includes/general-template.php(92): locate_template()
#3 /srv/www/kyanidev.health/public_html/wp-content/themes/understrap/page.php(59): get_footer()
#4 /srv/www/kyanidev.health/public_html/wp-includes/template-loader.php(106): include('/srv/www/kyanid...')
#5 /srv/www/kyanidev.health/public_html/wp-blog-header.php(19): require_once('/srv/www/kyanid...')
#6 /srv/www/kyanidev.health/public_html/index.php(17): require('/srv/www/kyanid...')
#7 {main}
  thrown in /srv/www/kyanidev.health/public_html/wp-content/themes/understrap/footer.php on line 78

2022-03-04T20:58:45+00:00 CRITICAL Uncaught Error: Call to a member function get_all_products_link() on null in /srv/www/kyanidev.health/public_html/wp-content/themes/understrap/footer.php:78
Stack trace:
#0 /srv/www/kyanidev.health/public_html/wp-includes/template.php(770): require_once()
#1 /srv/www/kyanidev.health/public_html/wp-includes/template.php(716): load_template()
#2 /srv/www/kyanidev.health/public_html/wp-includes/general-template.php(92): locate_template()
#3 /srv/www/kyanidev.health/public_html/wp-content/themes/understrap/page.php(59): get_footer()
#4 /srv/www/kyanidev.health/public_html/wp-includes/template-loader.php(106): include('/srv/www/kyanid...')
#5 /srv/www/kyanidev.health/public_html/wp-blog-header.php(19): require_once('/srv/www/kyanid...')
#6 /srv/www/kyanidev.health/public_html/index.php(17): require('/srv/www/kyanid...')
#7 {main}
  thrown in /srv/www/kyanidev.health/public_html/wp-content/themes/understrap/footer.php on line 78

2022-03-04T20:58:47+00:00 CRITICAL Uncaught Error: Call to a member function get_all_products_link() on null in /srv/www/kyanidev.health/public_html/wp-content/themes/understrap/footer.php:78
Stack trace:
#0 /srv/www/kyanidev.health/public_html/wp-includes/template.php(770): require_once()
#1 /srv/www/kyanidev.health/public_html/wp-includes/template.php(716): load_template()
#2 /srv/www/kyanidev.health/public_html/wp-includes/general-template.php(92): locate_template()
#3 /srv/www/kyanidev.health/public_html/wp-content/themes/understrap/page.php(59): get_footer()
#4 /srv/www/kyanidev.health/public_html/wp-includes/template-loader.php(106): include('/srv/www/kyanid...')
#5 /srv/www/kyanidev.health/public_html/wp-blog-header.php(19): require_once('/srv/www/kyanid...')
#6 /srv/www/kyanidev.health/public_html/index.php(17): require('/srv/www/kyanid...')
#7 {main}
  thrown in /srv/www/kyanidev.health/public_html/wp-content/themes/understrap/footer.php on line 78

2022-03-04T20:58:49+00:00 CRITICAL Uncaught Error: Call to a member function get_all_products_link() on null in /srv/www/kyanidev.health/public_html/wp-content/themes/understrap/footer.php:78
Stack trace:
#0 /srv/www/kyanidev.health/public_html/wp-includes/template.php(770): require_once()
#1 /srv/www/kyanidev.health/public_html/wp-includes/template.php(716): load_template()
#2 /srv/www/kyanidev.health/public_html/wp-includes/general-template.php(92): locate_template()
#3 /srv/www/kyanidev.health/public_html/wp-content/themes/understrap/page.php(59): get_footer()
#4 /srv/www/kyanidev.health/public_html/wp-includes/template-loader.php(106): include('/srv/www/kyanid...')
#5 /srv/www/kyanidev.health/public_html/wp-blog-header.php(19): require_once('/srv/www/kyanid...')
#6 /srv/www/kyanidev.health/public_html/index.php(17): require('/srv/www/kyanid...')
#7 {main}
  thrown in /srv/www/kyanidev.health/public_html/wp-content/themes/understrap/footer.php on line 78

2022-03-04T20:59:22+00:00 CRITICAL Uncaught Error: Call to a member function get_all_products_link() on null in /srv/www/kyanidev.health/public_html/wp-content/themes/understrap/footer.php:78
Stack trace:
#0 /srv/www/kyanidev.health/public_html/wp-includes/template.php(770): require_once()
#1 /srv/www/kyanidev.health/public_html/wp-includes/template.php(716): load_template()
#2 /srv/www/kyanidev.health/public_html/wp-includes/general-template.php(92): locate_template()
#3 /srv/www/kyanidev.health/public_html/wp-content/themes/understrap/page.php(59): get_footer()
#4 /srv/www/kyanidev.health/public_html/wp-includes/template-loader.php(106): include('/srv/www/kyanid...')
#5 /srv/www/kyanidev.health/public_html/wp-blog-header.php(19): require_once('/srv/www/kyanid...')
#6 /srv/www/kyanidev.health/public_html/index.php(17): require('/srv/www/kyanid...')
#7 {main}
  thrown in /srv/www/kyanidev.health/public_html/wp-content/themes/understrap/footer.php on line 78

2022-03-04T20:59:50+00:00 CRITICAL Uncaught Error: Call to a member function get_all_products_link() on null in /srv/www/kyanidev.health/public_html/wp-content/themes/understrap/footer.php:78
Stack trace:
#0 /srv/www/kyanidev.health/public_html/wp-includes/template.php(770): require_once()
#1 /srv/www/kyanidev.health/public_html/wp-includes/template.php(716): load_template()
#2 /srv/www/kyanidev.health/public_html/wp-includes/general-template.php(92): locate_template()
#3 /srv/www/kyanidev.health/public_html/wp-content/themes/understrap/page.php(59): get_footer()
#4 /srv/www/kyanidev.health/public_html/wp-includes/template-loader.php(106): include('/srv/www/kyanid...')
#5 /srv/www/kyanidev.health/public_html/wp-blog-header.php(19): require_once('/srv/www/kyanid...')
#6 /srv/www/kyanidev.health/public_html/index.php(17): require('/srv/www/kyanid...')
#7 {main}
  thrown in /srv/www/kyanidev.health/public_html/wp-content/themes/understrap/footer.php on line 78

2022-03-04T21:00:01+00:00 CRITICAL Uncaught Error: Call to a member function get_all_products_link() on null in /srv/www/kyanidev.health/public_html/wp-content/themes/understrap/footer.php:78
Stack trace:
#0 /srv/www/kyanidev.health/public_html/wp-includes/template.php(770): require_once()
#1 /srv/www/kyanidev.health/public_html/wp-includes/template.php(716): load_template()
#2 /srv/www/kyanidev.health/public_html/wp-includes/general-template.php(92): locate_template()
#3 /srv/www/kyanidev.health/public_html/wp-content/themes/understrap/page.php(59): get_footer()
#4 /srv/www/kyanidev.health/public_html/wp-includes/template-loader.php(106): include('/srv/www/kyanid...')
#5 /srv/www/kyanidev.health/public_html/wp-blog-header.php(19): require_once('/srv/www/kyanid...')
#6 /srv/www/kyanidev.health/public_html/index.php(17): require('/srv/www/kyanid...')
#7 {main}
  thrown in /srv/www/kyanidev.health/public_html/wp-content/themes/understrap/footer.php on line 78

2022-03-04T21:00:15+00:00 CRITICAL Uncaught Error: Call to a member function get_all_products_link() on null in /srv/www/kyanidev.health/public_html/wp-content/themes/understrap/footer.php:78
Stack trace:
#0 /srv/www/kyanidev.health/public_html/wp-includes/template.php(770): require_once()
#1 /srv/www/kyanidev.health/public_html/wp-includes/template.php(716): load_template()
#2 /srv/www/kyanidev.health/public_html/wp-includes/general-template.php(92): locate_template()
#3 /srv/www/kyanidev.health/public_html/wp-content/themes/understrap/page.php(59): get_footer()
#4 /srv/www/kyanidev.health/public_html/wp-includes/template-loader.php(106): include('/srv/www/kyanid...')
#5 /srv/www/kyanidev.health/public_html/wp-blog-header.php(19): require_once('/srv/www/kyanid...')
#6 /srv/www/kyanidev.health/public_html/index.php(17): require('/srv/www/kyanid...')
#7 {main}
  thrown in /srv/www/kyanidev.health/public_html/wp-content/themes/understrap/footer.php on line 78

2022-03-04T21:00:20+00:00 CRITICAL Uncaught Error: Call to a member function get_all_products_link() on null in /srv/www/kyanidev.health/public_html/wp-content/themes/understrap/footer.php:78
Stack trace:
#0 /srv/www/kyanidev.health/public_html/wp-includes/template.php(770): require_once()
#1 /srv/www/kyanidev.health/public_html/wp-includes/template.php(716): load_template()
#2 /srv/www/kyanidev.health/public_html/wp-includes/general-template.php(92): locate_template()
#3 /srv/www/kyanidev.health/public_html/wp-content/themes/understrap/page.php(59): get_footer()
#4 /srv/www/kyanidev.health/public_html/wp-includes/template-loader.php(106): include('/srv/www/kyanid...')
#5 /srv/www/kyanidev.health/public_html/wp-blog-header.php(19): require_once('/srv/www/kyanid...')
#6 /srv/www/kyanidev.health/public_html/index.php(17): require('/srv/www/kyanid...')
#7 {main}
  thrown in /srv/www/kyanidev.health/public_html/wp-content/themes/understrap/footer.php on line 78

2022-03-04T21:00:25+00:00 CRITICAL Uncaught Error: Call to a member function get_all_products_link() on null in /srv/www/kyanidev.health/public_html/wp-content/themes/understrap/footer.php:78
Stack trace:
#0 /srv/www/kyanidev.health/public_html/wp-includes/template.php(770): require_once()
#1 /srv/www/kyanidev.health/public_html/wp-includes/template.php(716): load_template()
#2 /srv/www/kyanidev.health/public_html/wp-includes/general-template.php(92): locate_template()
#3 /srv/www/kyanidev.health/public_html/wp-content/plugins/elementor/modules/page-templates/templates/header-footer.php(30): get_footer()
#4 /srv/www/kyanidev.health/public_html/wp-includes/template-loader.php(106): include('/srv/www/kyanid...')
#5 /srv/www/kyanidev.health/public_html/wp-blog-header.php(19): require_once('/srv/www/kyanid...')
#6 /srv/www/kyanidev.health/public_html/index.php(17): require('/srv/www/kyanid...')
#7 {main}
  thrown in /srv/www/kyanidev.health/public_html/wp-content/themes/understrap/footer.php on line 78

2022-03-04T21:00:37+00:00 CRITICAL Uncaught Error: Call to a member function get_all_products_link() on null in /srv/www/kyanidev.health/public_html/wp-content/themes/understrap/footer.php:78
Stack trace:
#0 /srv/www/kyanidev.health/public_html/wp-includes/template.php(770): require_once()
#1 /srv/www/kyanidev.health/public_html/wp-includes/template.php(716): load_template()
#2 /srv/www/kyanidev.health/public_html/wp-includes/general-template.php(92): locate_template()
#3 /srv/www/kyanidev.health/public_html/wp-content/themes/understrap/page.php(59): get_footer()
#4 /srv/www/kyanidev.health/public_html/wp-includes/template-loader.php(106): include('/srv/www/kyanid...')
#5 /srv/www/kyanidev.health/public_html/wp-blog-header.php(19): require_once('/srv/www/kyanid...')
#6 /srv/www/kyanidev.health/public_html/index.php(17): require('/srv/www/kyanid...')
#7 {main}
  thrown in /srv/www/kyanidev.health/public_html/wp-content/themes/understrap/footer.php on line 78

2022-03-04T21:00:39+00:00 CRITICAL Uncaught Error: Call to a member function get_all_products_link() on null in /srv/www/kyanidev.health/public_html/wp-content/themes/understrap/footer.php:78
Stack trace:
#0 /srv/www/kyanidev.health/public_html/wp-includes/template.php(770): require_once()
#1 /srv/www/kyanidev.health/public_html/wp-includes/template.php(716): load_template()
#2 /srv/www/kyanidev.health/public_html/wp-includes/general-template.php(92): locate_template()
#3 /srv/www/kyanidev.health/public_html/wp-content/themes/understrap/page.php(59): get_footer()
#4 /srv/www/kyanidev.health/public_html/wp-includes/template-loader.php(106): include('/srv/www/kyanid...')
#5 /srv/www/kyanidev.health/public_html/wp-blog-header.php(19): require_once('/srv/www/kyanid...')
#6 /srv/www/kyanidev.health/public_html/index.php(17): require('/srv/www/kyanid...')
#7 {main}
  thrown in /srv/www/kyanidev.health/public_html/wp-content/themes/understrap/footer.php on line 78

2022-03-04T21:00:54+00:00 CRITICAL Uncaught Error: Call to a member function get_all_products_link() on null in /srv/www/kyanidev.health/public_html/wp-content/themes/understrap/footer.php:78
Stack trace:
#0 /srv/www/kyanidev.health/public_html/wp-includes/template.php(770): require_once()
#1 /srv/www/kyanidev.health/public_html/wp-includes/template.php(716): load_template()
#2 /srv/www/kyanidev.health/public_html/wp-includes/general-template.php(92): locate_template()
#3 /srv/www/kyanidev.health/public_html/wp-content/themes/understrap/page.php(59): get_footer()
#4 /srv/www/kyanidev.health/public_html/wp-includes/template-loader.php(106): include('/srv/www/kyanid...')
#5 /srv/www/kyanidev.health/public_html/wp-blog-header.php(19): require_once('/srv/www/kyanid...')
#6 /srv/www/kyanidev.health/public_html/index.php(17): require('/srv/www/kyanid...')
#7 {main}
  thrown in /srv/www/kyanidev.health/public_html/wp-content/themes/understrap/footer.php on line 78

2022-03-04T21:01:27+00:00 CRITICAL Uncaught Error: Call to a member function get_all_products_link() on null in /srv/www/kyanidev.health/public_html/wp-content/themes/understrap/footer.php:78
Stack trace:
#0 /srv/www/kyanidev.health/public_html/wp-includes/template.php(770): require_once()
#1 /srv/www/kyanidev.health/public_html/wp-includes/template.php(716): load_template()
#2 /srv/www/kyanidev.health/public_html/wp-includes/general-template.php(92): locate_template()
#3 /srv/www/kyanidev.health/public_html/wp-content/themes/understrap/page.php(59): get_footer()
#4 /srv/www/kyanidev.health/public_html/wp-includes/template-loader.php(106): include('/srv/www/kyanid...')
#5 /srv/www/kyanidev.health/public_html/wp-blog-header.php(19): require_once('/srv/www/kyanid...')
#6 /srv/www/kyanidev.health/public_html/index.php(17): require('/srv/www/kyanid...')
#7 {main}
  thrown in /srv/www/kyanidev.health/public_html/wp-content/themes/understrap/footer.php on line 78

2022-03-04T21:02:37+00:00 CRITICAL Uncaught Error: Call to a member function get_all_products_link() on null in /srv/www/kyanidev.health/public_html/wp-content/themes/understrap/footer.php:78
Stack trace:
#0 /srv/www/kyanidev.health/public_html/wp-includes/template.php(770): require_once()
#1 /srv/www/kyanidev.health/public_html/wp-includes/template.php(716): load_template()
#2 /srv/www/kyanidev.health/public_html/wp-includes/general-template.php(92): locate_template()
#3 /srv/www/kyanidev.health/public_html/wp-content/themes/understrap/page.php(59): get_footer()
#4 /srv/www/kyanidev.health/public_html/wp-includes/template-loader.php(106): include('/srv/www/kyanid...')
#5 /srv/www/kyanidev.health/public_html/wp-blog-header.php(19): require_once('/srv/www/kyanid...')
#6 /srv/www/kyanidev.health/public_html/index.php(17): require('/srv/www/kyanid...')
#7 {main}
  thrown in /srv/www/kyanidev.health/public_html/wp-content/themes/understrap/footer.php on line 78

2022-03-04T21:02:50+00:00 CRITICAL Uncaught Error: Call to a member function get_all_products_link() on null in /srv/www/kyanidev.health/public_html/wp-content/themes/understrap/footer.php:78
Stack trace:
#0 /srv/www/kyanidev.health/public_html/wp-includes/template.php(770): require_once()
#1 /srv/www/kyanidev.health/public_html/wp-includes/template.php(716): load_template()
#2 /srv/www/kyanidev.health/public_html/wp-includes/general-template.php(92): locate_template()
#3 /srv/www/kyanidev.health/public_html/wp-content/themes/understrap/page.php(59): get_footer()
#4 /srv/www/kyanidev.health/public_html/wp-includes/template-loader.php(106): include('/srv/www/kyanid...')
#5 /srv/www/kyanidev.health/public_html/wp-blog-header.php(19): require_once('/srv/www/kyanid...')
#6 /srv/www/kyanidev.health/public_html/index.php(17): require('/srv/www/kyanid...')
#7 {main}
  thrown in /srv/www/kyanidev.health/public_html/wp-content/themes/understrap/footer.php on line 78

2022-03-04T21:02:55+00:00 CRITICAL Uncaught Error: Call to a member function get_all_products_link() on null in /srv/www/kyanidev.health/public_html/wp-content/themes/understrap/footer.php:78
Stack trace:
#0 /srv/www/kyanidev.health/public_html/wp-includes/template.php(770): require_once()
#1 /srv/www/kyanidev.health/public_html/wp-includes/template.php(716): load_template()
#2 /srv/www/kyanidev.health/public_html/wp-includes/general-template.php(92): locate_template()
#3 /srv/www/kyanidev.health/public_html/wp-content/themes/understrap/page.php(59): get_footer()
#4 /srv/www/kyanidev.health/public_html/wp-includes/template-loader.php(106): include('/srv/www/kyanid...')
#5 /srv/www/kyanidev.health/public_html/wp-blog-header.php(19): require_once('/srv/www/kyanid...')
#6 /srv/www/kyanidev.health/public_html/index.php(17): require('/srv/www/kyanid...')
#7 {main}
  thrown in /srv/www/kyanidev.health/public_html/wp-content/themes/understrap/footer.php on line 78

