2022-03-10T19:18:39+00:00 CRITICAL Uncaught Error: Call to a member function get_all_products_link() on null in /srv/www/kyanidev.health/public_html/wp-content/themes/understrap/footer.php:78
Stack trace:
#0 /srv/www/kyanidev.health/public_html/wp-includes/template.php(770): require_once()
#1 /srv/www/kyanidev.health/public_html/wp-includes/template.php(716): load_template()
#2 /srv/www/kyanidev.health/public_html/wp-includes/general-template.php(92): locate_template()
#3 /srv/www/kyanidev.health/public_html/wp-content/themes/understrap/page.php(59): get_footer()
#4 /srv/www/kyanidev.health/public_html/wp-includes/template-loader.php(106): include('/srv/www/kyanid...')
#5 /srv/www/kyanidev.health/public_html/wp-blog-header.php(19): require_once('/srv/www/kyanid...')
#6 /srv/www/kyanidev.health/public_html/index.php(17): require('/srv/www/kyanid...')
#7 {main}
  thrown in /srv/www/kyanidev.health/public_html/wp-content/themes/understrap/footer.php on line 78

2022-03-10T19:18:41+00:00 CRITICAL Uncaught Error: Call to a member function get_all_products_link() on null in /srv/www/kyanidev.health/public_html/wp-content/themes/understrap/footer.php:78
Stack trace:
#0 /srv/www/kyanidev.health/public_html/wp-includes/template.php(770): require_once()
#1 /srv/www/kyanidev.health/public_html/wp-includes/template.php(716): load_template()
#2 /srv/www/kyanidev.health/public_html/wp-includes/general-template.php(92): locate_template()
#3 /srv/www/kyanidev.health/public_html/wp-content/themes/understrap/page.php(59): get_footer()
#4 /srv/www/kyanidev.health/public_html/wp-includes/template-loader.php(106): include('/srv/www/kyanid...')
#5 /srv/www/kyanidev.health/public_html/wp-blog-header.php(19): require_once('/srv/www/kyanid...')
#6 /srv/www/kyanidev.health/public_html/index.php(17): require('/srv/www/kyanid...')
#7 {main}
  thrown in /srv/www/kyanidev.health/public_html/wp-content/themes/understrap/footer.php on line 78

2022-03-10T19:23:12+00:00 CRITICAL Uncaught Error: Call to a member function get_all_products_link() on null in /srv/www/kyanidev.health/public_html/wp-content/themes/understrap/footer.php:78
Stack trace:
#0 /srv/www/kyanidev.health/public_html/wp-includes/template.php(770): require_once()
#1 /srv/www/kyanidev.health/public_html/wp-includes/template.php(716): load_template()
#2 /srv/www/kyanidev.health/public_html/wp-includes/general-template.php(92): locate_template()
#3 /srv/www/kyanidev.health/public_html/wp-content/themes/understrap/page.php(59): get_footer()
#4 /srv/www/kyanidev.health/public_html/wp-includes/template-loader.php(106): include('/srv/www/kyanid...')
#5 /srv/www/kyanidev.health/public_html/wp-blog-header.php(19): require_once('/srv/www/kyanid...')
#6 /srv/www/kyanidev.health/public_html/index.php(17): require('/srv/www/kyanid...')
#7 {main}
  thrown in /srv/www/kyanidev.health/public_html/wp-content/themes/understrap/footer.php on line 78

2022-03-10T19:23:41+00:00 CRITICAL Uncaught Error: Call to a member function get_all_products_link() on null in /srv/www/kyanidev.health/public_html/wp-content/themes/understrap/footer.php:78
Stack trace:
#0 /srv/www/kyanidev.health/public_html/wp-includes/template.php(770): require_once()
#1 /srv/www/kyanidev.health/public_html/wp-includes/template.php(716): load_template()
#2 /srv/www/kyanidev.health/public_html/wp-includes/general-template.php(92): locate_template()
#3 /srv/www/kyanidev.health/public_html/wp-content/themes/understrap/page.php(59): get_footer()
#4 /srv/www/kyanidev.health/public_html/wp-includes/template-loader.php(106): include('/srv/www/kyanid...')
#5 /srv/www/kyanidev.health/public_html/wp-blog-header.php(19): require_once('/srv/www/kyanid...')
#6 /srv/www/kyanidev.health/public_html/index.php(17): require('/srv/www/kyanid...')
#7 {main}
  thrown in /srv/www/kyanidev.health/public_html/wp-content/themes/understrap/footer.php on line 78

2022-03-10T19:24:12+00:00 CRITICAL Uncaught Error: Call to a member function get_all_products_link() on null in /srv/www/kyanidev.health/public_html/wp-content/themes/understrap/footer.php:78
Stack trace:
#0 /srv/www/kyanidev.health/public_html/wp-includes/template.php(770): require_once()
#1 /srv/www/kyanidev.health/public_html/wp-includes/template.php(716): load_template()
#2 /srv/www/kyanidev.health/public_html/wp-includes/general-template.php(92): locate_template()
#3 /srv/www/kyanidev.health/public_html/wp-content/themes/understrap/page.php(59): get_footer()
#4 /srv/www/kyanidev.health/public_html/wp-includes/template-loader.php(106): include('/srv/www/kyanid...')
#5 /srv/www/kyanidev.health/public_html/wp-blog-header.php(19): require_once('/srv/www/kyanid...')
#6 /srv/www/kyanidev.health/public_html/index.php(17): require('/srv/www/kyanid...')
#7 {main}
  thrown in /srv/www/kyanidev.health/public_html/wp-content/themes/understrap/footer.php on line 78

